#
# There is insufficient memory for the Java Runtime Environment to continue.
# Native memory allocation (mmap) failed to map 36700160 bytes for Failed to commit area from 0x000000008ab00000 to 0x000000008ce00000 of length 36700160.
# Possible reasons:
#   The system is out of physical RAM or swap space
#   The process is running with CompressedOops enabled, and the Java Heap may be blocking the growth of the native heap
# Possible solutions:
#   Reduce memory load on the system
#   Increase physical memory or swap space
#   Check if swap backing store is full
#   Decrease Java heap size (-Xmx/-Xms)
#   Decrease number of Java threads
#   Decrease Java thread stack sizes (-Xss)
#   Set larger code cache with -XX:ReservedCodeCacheSize=
#   JVM is running with Unscaled Compressed Oops mode in which the Java heap is
#     placed in the first 4GB address space. The Java Heap base address is the
#     maximum limit for the native heap growth. Please use -XX:HeapBaseMinAddress
#     to set the Java Heap base and to place the Java Heap above 4GB virtual address.
# This output file may be truncated or incomplete.
#
#  Out of Memory Error (./src/hotspot/os/windows/os_windows.cpp:3301), pid=5772, tid=12044
#
# JRE version: OpenJDK Runtime Environment (11.0.11+9) (build 11.0.11+9-b60-7590822)
# Java VM: OpenJDK 64-Bit Server VM (11.0.11+9-b60-7590822, mixed mode, tiered, compressed oops, g1 gc, windows-amd64)
# No core dump will be written. Minidumps are not enabled by default on client versions of Windows
#

---------------  S U M M A R Y ------------

Command Line: --add-opens=java.base/java.util=ALL-UNNAMED --add-opens=java.base/java.lang=ALL-UNNAMED --add-opens=java.base/java.lang.invoke=ALL-UNNAMED --add-opens=java.base/java.util=ALL-UNNAMED --add-opens=java.prefs/java.util.prefs=ALL-UNNAMED --add-opens=java.prefs/java.util.prefs=ALL-UNNAMED --add-opens=java.base/java.nio.charset=ALL-UNNAMED --add-opens=java.base/java.net=ALL-UNNAMED --add-opens=java.base/java.util.concurrent.atomic=ALL-UNNAMED -Xmx2048m -Dfile.encoding=UTF-8 -Duser.country=RU -Duser.language=ru -Duser.variant org.gradle.launcher.daemon.bootstrap.GradleDaemon 7.2

Host: AMD Ryzen 5 4500U with Radeon Graphics         , 6 cores, 7G,  Windows 10 , 64 bit Build 19041 (10.0.19041.1566)
Time: Wed May  4 18:04:06 2022 Финляндия (лето) elapsed time: 11.683958 seconds (0d 0h 0m 11s)

---------------  T H R E A D  ---------------

Current thread (0x0000025720571000):  VMThread "VM Thread" [stack: 0x0000007549400000,0x0000007549500000] [id=12044]

Stack: [0x0000007549400000,0x0000007549500000]
[error occurred during error reporting (printing stack bounds), id 0xc0000005, EXCEPTION_ACCESS_VIOLATION (0xc0000005) at pc=0x000002570a050f2d]

Native frames: (J=compiled Java code, j=interpreted, Vv=VM code, C=native code)
V  [jvm.dll+0x5f214a]
V  [jvm.dll+0x726fb5]
V  [jvm.dll+0x7285cd]
V  [jvm.dll+0x728be5]
V  [jvm.dll+0x728b9b]
V  [jvm.dll+0x5f14e8]
V  [jvm.dll+0x5f1c78]
C  [ntdll.dll+0xa20cf]
C  [ntdll.dll+0x51454]
C  [ntdll.dll+0xa0bfe]
C  0x000002570a050f2d

VM_Operation (0x00000075504f4f80): G1CollectForAllocation, mode: safepoint, requested by thread 0x0000025721e9c000


---------------  P R O C E S S  ---------------

Threads class SMR info:
_java_thread_list=0x000002572758eaf0, length=107, elements={
0x000002570655b000, 0x0000025720575000, 0x0000025720577800, 0x000002572059c000,
0x000002572059f000, 0x00000257205a0800, 0x00000257205a4800, 0x00000257205a6800,
0x00000257205bb000, 0x000002572106e000, 0x0000025721068800, 0x000002572106c800,
0x000002572106a800, 0x000002572106b800, 0x000002572106d000, 0x000002572106f000,
0x0000025721069000, 0x000002572106a000, 0x00000257232a0800, 0x000002572329f000,
0x000002572329b800, 0x000002572329b000, 0x000002572329c800, 0x000002572329d800,
0x00000257232a1800, 0x00000257232a3000, 0x00000257232a4000, 0x000002572329e000,
0x00000257232a5800, 0x00000257232a0000, 0x00000257232a4800, 0x00000257232a7000,
0x00000257232a2000, 0x00000257232a8800, 0x00000257232a9800, 0x000002572395a000,
0x000002572395c800, 0x000002572395a800, 0x0000025723959000, 0x000002572395e000,
0x000002572395f800, 0x0000025723960800, 0x000002572395b800, 0x000002572395f000,
0x0000025723961800, 0x0000025723962000, 0x0000025723963000, 0x000002572395d000,
0x0000025723963800, 0x0000025723966000, 0x0000025723964800, 0x0000025723965800,
0x0000025723967000, 0x0000025723968000, 0x0000025722727000, 0x0000025722728000,
0x000002572272a800, 0x0000025722728800, 0x0000025722729800, 0x0000025722724800,
0x000002572272b000, 0x0000025722725800, 0x000002572272c000, 0x0000025722726000,
0x000002572272e800, 0x000002572272f000, 0x0000025722732800, 0x000002572272d000,
0x0000025722733800, 0x0000025722730000, 0x0000025722731800, 0x000002572272d800,
0x0000025722731000, 0x000002572396a000, 0x0000025723970800, 0x000002572396d800,
0x000002572396e000, 0x000002572396f000, 0x000002572396c800, 0x0000025723970000,
0x000002572396b000, 0x0000025723971800, 0x000002572396b800, 0x0000025723975800,
0x0000025723974000, 0x0000025723972000, 0x0000025723977000, 0x0000025723973000,
0x0000025723974800, 0x0000025723979000, 0x0000025723976800, 0x0000025723978000,
0x0000025721e93000, 0x0000025721e94800, 0x0000025721e8f800, 0x0000025721e96000,
0x0000025721e91000, 0x0000025721e95800, 0x0000025721e90800, 0x0000025721e97000,
0x0000025721e92000, 0x0000025721e98000, 0x0000025721e98800, 0x0000025721e99800,
0x0000025721e93800, 0x0000025721e9c000, 0x0000025721e9b000
}

Java Threads: ( => current thread )
  0x000002570655b000 JavaThread "main" [_thread_blocked, id=8148, stack(0x0000007548e00000,0x0000007548f00000)]
  0x0000025720575000 JavaThread "Reference Handler" daemon [_thread_blocked, id=9392, stack(0x0000007549500000,0x0000007549600000)]
  0x0000025720577800 JavaThread "Finalizer" daemon [_thread_blocked, id=10856, stack(0x0000007549600000,0x0000007549700000)]
  0x000002572059c000 JavaThread "Signal Dispatcher" daemon [_thread_blocked, id=7964, stack(0x0000007549700000,0x0000007549800000)]
  0x000002572059f000 JavaThread "Attach Listener" daemon [_thread_blocked, id=12256, stack(0x0000007549800000,0x0000007549900000)]
  0x00000257205a0800 JavaThread "Service Thread" daemon [_thread_blocked, id=1756, stack(0x0000007549900000,0x0000007549a00000)]
  0x00000257205a4800 JavaThread "C2 CompilerThread0" daemon [_thread_in_native, id=16772, stack(0x0000007549a00000,0x0000007549b00000)]
  0x00000257205a6800 JavaThread "C1 CompilerThread0" daemon [_thread_blocked, id=7792, stack(0x0000007549b00000,0x0000007549c00000)]
  0x00000257205bb000 JavaThread "Sweeper thread" daemon [_thread_blocked, id=17352, stack(0x0000007549c00000,0x0000007549d00000)]
  0x000002572106e000 JavaThread "Common-Cleaner" daemon [_thread_blocked, id=12916, stack(0x0000007549d00000,0x0000007549e00000)]
  0x0000025721068800 JavaThread "Daemon health stats" [_thread_blocked, id=3996, stack(0x000000754a000000,0x000000754a100000)]
  0x000002572106c800 JavaThread "Incoming local TCP Connector on port 52300" [_thread_in_native, id=14140, stack(0x000000754a300000,0x000000754a400000)]
  0x000002572106a800 JavaThread "Daemon periodic checks" [_thread_blocked, id=17888, stack(0x000000754a400000,0x000000754a500000)]
  0x000002572106b800 JavaThread "Daemon" [_thread_blocked, id=6204, stack(0x000000754a500000,0x000000754a600000)]
  0x000002572106d000 JavaThread "Handler for socket connection from /127.0.0.1:52300 to /127.0.0.1:52301" [_thread_in_native, id=1688, stack(0x000000754a600000,0x000000754a700000)]
  0x000002572106f000 JavaThread "Cancel handler" [_thread_blocked, id=10028, stack(0x000000754a700000,0x000000754a800000)]
  0x0000025721069000 JavaThread "Daemon worker" [_thread_blocked, id=18968, stack(0x000000754a800000,0x000000754a900000)]
  0x000002572106a000 JavaThread "Asynchronous log dispatcher for DefaultDaemonConnection: socket connection from /127.0.0.1:52300 to /127.0.0.1:52301" [_thread_blocked, id=17724, stack(0x000000754a900000,0x000000754aa00000)]
  0x00000257232a0800 JavaThread "Stdin handler" [_thread_blocked, id=11880, stack(0x000000754aa00000,0x000000754ab00000)]
  0x000002572329f000 JavaThread "Daemon client event forwarder" [_thread_blocked, id=4032, stack(0x000000754ab00000,0x000000754ac00000)]
  0x000002572329b800 JavaThread "Cache worker for journal cache (C:\Users\anast\.gradle\caches\journal-1)" [_thread_blocked, id=5464, stack(0x000000754ac00000,0x000000754ad00000)]
  0x000002572329b000 JavaThread "File lock request listener" [_thread_in_native, id=17912, stack(0x000000754ad00000,0x000000754ae00000)]
  0x000002572329c800 JavaThread "Cache worker for file hash cache (C:\Users\anast\.gradle\caches\7.2\fileHashes)" [_thread_blocked, id=11936, stack(0x000000754ae00000,0x000000754af00000)]
  0x000002572329d800 JavaThread "Cache worker for file hash cache (D:\weatherApp\.gradle\7.2\fileHashes)" [_thread_blocked, id=16412, stack(0x000000754b200000,0x000000754b300000)]
  0x00000257232a1800 JavaThread "File watcher server" daemon [_thread_blocked, id=19380, stack(0x000000754b300000,0x000000754b400000)]
  0x00000257232a3000 JavaThread "File watcher consumer" daemon [_thread_blocked, id=18676, stack(0x000000754b400000,0x000000754b500000)]
  0x00000257232a4000 JavaThread "Cache worker for checksums cache (D:\weatherApp\.gradle\checksums)" [_thread_blocked, id=18368, stack(0x000000754b500000,0x000000754b600000)]
  0x000002572329e000 JavaThread "Cache worker for cache directory md-supplier (C:\Users\anast\.gradle\caches\7.2\md-supplier)" [_thread_blocked, id=15432, stack(0x000000754b600000,0x000000754b700000)]
  0x00000257232a5800 JavaThread "Cache worker for cache directory md-rule (C:\Users\anast\.gradle\caches\7.2\md-rule)" [_thread_blocked, id=11580, stack(0x000000754b700000,0x000000754b800000)]
  0x00000257232a0000 JavaThread "Cache worker for execution history cache (C:\Users\anast\.gradle\caches\7.2\executionHistory)" [_thread_blocked, id=5436, stack(0x000000754b800000,0x000000754b900000)]
  0x00000257232a4800 JavaThread "jar transforms" [_thread_blocked, id=14632, stack(0x000000754b900000,0x000000754ba00000)]
  0x00000257232a7000 JavaThread "Cache worker for file content cache (C:\Users\anast\.gradle\caches\7.2\fileContent)" [_thread_blocked, id=12828, stack(0x000000754ba00000,0x000000754bb00000)]
  0x00000257232a2000 JavaThread "jar transforms Thread 2" [_thread_blocked, id=13752, stack(0x000000754bb00000,0x000000754bc00000)]
  0x00000257232a8800 JavaThread "Cache worker for dependencies-accessors (D:\weatherApp\.gradle\7.2\dependencies-accessors)" [_thread_blocked, id=6332, stack(0x000000754bc00000,0x000000754bd00000)]
  0x00000257232a9800 JavaThread "jar transforms Thread 3" [_thread_blocked, id=15464, stack(0x000000754bd00000,0x000000754be00000)]
  0x000002572395a000 JavaThread "Cache worker for Build Output Cleanup Cache (D:\weatherApp\.gradle\buildOutputCleanup)" [_thread_blocked, id=8068, stack(0x000000754be00000,0x000000754bf00000)]
  0x000002572395c800 JavaThread "Unconstrained build operations" [_thread_blocked, id=11532, stack(0x000000754bf00000,0x000000754c000000)]
  0x000002572395a800 JavaThread "Unconstrained build operations Thread 2" [_thread_blocked, id=15568, stack(0x000000754c000000,0x000000754c100000)]
  0x0000025723959000 JavaThread "Unconstrained build operations Thread 3" [_thread_blocked, id=12096, stack(0x000000754c100000,0x000000754c200000)]
  0x000002572395e000 JavaThread "Unconstrained build operations Thread 4" [_thread_blocked, id=9184, stack(0x000000754c200000,0x000000754c300000)]
  0x000002572395f800 JavaThread "Unconstrained build operations Thread 5" [_thread_blocked, id=18736, stack(0x000000754c300000,0x000000754c400000)]
  0x0000025723960800 JavaThread "Unconstrained build operations Thread 6" [_thread_blocked, id=5412, stack(0x000000754c400000,0x000000754c500000)]
  0x000002572395b800 JavaThread "Unconstrained build operations Thread 7" [_thread_blocked, id=7448, stack(0x000000754c500000,0x000000754c600000)]
  0x000002572395f000 JavaThread "Unconstrained build operations Thread 8" [_thread_blocked, id=11112, stack(0x000000754c600000,0x000000754c700000)]
  0x0000025723961800 JavaThread "Unconstrained build operations Thread 9" [_thread_blocked, id=11972, stack(0x000000754c700000,0x000000754c800000)]
  0x0000025723962000 JavaThread "Unconstrained build operations Thread 10" [_thread_blocked, id=17608, stack(0x000000754c800000,0x000000754c900000)]
  0x0000025723963000 JavaThread "Unconstrained build operations Thread 11" [_thread_blocked, id=6436, stack(0x000000754c900000,0x000000754ca00000)]
  0x000002572395d000 JavaThread "Unconstrained build operations Thread 12" [_thread_blocked, id=14600, stack(0x000000754ca00000,0x000000754cb00000)]
  0x0000025723963800 JavaThread "Unconstrained build operations Thread 13" [_thread_blocked, id=3616, stack(0x000000754cb00000,0x000000754cc00000)]
  0x0000025723966000 JavaThread "Unconstrained build operations Thread 14" [_thread_blocked, id=18556, stack(0x000000754cc00000,0x000000754cd00000)]
  0x0000025723964800 JavaThread "Unconstrained build operations Thread 15" [_thread_blocked, id=17156, stack(0x000000754cd00000,0x000000754ce00000)]
  0x0000025723965800 JavaThread "Unconstrained build operations Thread 16" [_thread_blocked, id=16896, stack(0x000000754ce00000,0x000000754cf00000)]
  0x0000025723967000 JavaThread "Unconstrained build operations Thread 17" [_thread_blocked, id=1912, stack(0x000000754cf00000,0x000000754d000000)]
  0x0000025723968000 JavaThread "Unconstrained build operations Thread 18" [_thread_blocked, id=1788, stack(0x000000754d000000,0x000000754d100000)]
  0x0000025722727000 JavaThread "Unconstrained build operations Thread 19" [_thread_blocked, id=17232, stack(0x000000754d100000,0x000000754d200000)]
  0x0000025722728000 JavaThread "Unconstrained build operations Thread 20" [_thread_blocked, id=5576, stack(0x000000754d200000,0x000000754d300000)]
  0x000002572272a800 JavaThread "Unconstrained build operations Thread 21" [_thread_blocked, id=4004, stack(0x000000754d300000,0x000000754d400000)]
  0x0000025722728800 JavaThread "Unconstrained build operations Thread 22" [_thread_blocked, id=16608, stack(0x000000754d400000,0x000000754d500000)]
  0x0000025722729800 JavaThread "Unconstrained build operations Thread 23" [_thread_blocked, id=7696, stack(0x000000754d500000,0x000000754d600000)]
  0x0000025722724800 JavaThread "Unconstrained build operations Thread 24" [_thread_blocked, id=13132, stack(0x000000754d600000,0x000000754d700000)]
  0x000002572272b000 JavaThread "Unconstrained build operations Thread 25" [_thread_blocked, id=6428, stack(0x000000754d700000,0x000000754d800000)]
  0x0000025722725800 JavaThread "Unconstrained build operations Thread 26" [_thread_blocked, id=12956, stack(0x000000754d800000,0x000000754d900000)]
  0x000002572272c000 JavaThread "Unconstrained build operations Thread 27" [_thread_blocked, id=18000, stack(0x000000754d900000,0x000000754da00000)]
  0x0000025722726000 JavaThread "Unconstrained build operations Thread 28" [_thread_blocked, id=13868, stack(0x000000754da00000,0x000000754db00000)]
  0x000002572272e800 JavaThread "Unconstrained build operations Thread 29" [_thread_blocked, id=15592, stack(0x000000754db00000,0x000000754dc00000)]
  0x000002572272f000 JavaThread "Unconstrained build operations Thread 30" [_thread_blocked, id=11716, stack(0x000000754dc00000,0x000000754dd00000)]
  0x0000025722732800 JavaThread "Unconstrained build operations Thread 31" [_thread_blocked, id=13712, stack(0x000000754dd00000,0x000000754de00000)]
  0x000002572272d000 JavaThread "Unconstrained build operations Thread 32" [_thread_blocked, id=13428, stack(0x000000754de00000,0x000000754df00000)]
  0x0000025722733800 JavaThread "Unconstrained build operations Thread 33" [_thread_blocked, id=16484, stack(0x000000754df00000,0x000000754e000000)]
  0x0000025722730000 JavaThread "Unconstrained build operations Thread 34" [_thread_blocked, id=9412, stack(0x000000754e000000,0x000000754e100000)]
  0x0000025722731800 JavaThread "Unconstrained build operations Thread 35" [_thread_blocked, id=18760, stack(0x000000754e100000,0x000000754e200000)]
  0x000002572272d800 JavaThread "Unconstrained build operations Thread 36" [_thread_blocked, id=10792, stack(0x000000754e200000,0x000000754e300000)]
  0x0000025722731000 JavaThread "Unconstrained build operations Thread 37" [_thread_blocked, id=8872, stack(0x000000754e300000,0x000000754e400000)]
  0x000002572396a000 JavaThread "Unconstrained build operations Thread 38" [_thread_blocked, id=3608, stack(0x000000754e400000,0x000000754e500000)]
  0x0000025723970800 JavaThread "Unconstrained build operations Thread 39" [_thread_blocked, id=7548, stack(0x000000754e500000,0x000000754e600000)]
  0x000002572396d800 JavaThread "Unconstrained build operations Thread 40" [_thread_blocked, id=6236, stack(0x000000754e600000,0x000000754e700000)]
  0x000002572396e000 JavaThread "Unconstrained build operations Thread 41" [_thread_blocked, id=2576, stack(0x000000754e700000,0x000000754e800000)]
  0x000002572396f000 JavaThread "Unconstrained build operations Thread 42" [_thread_blocked, id=8624, stack(0x000000754e800000,0x000000754e900000)]
  0x000002572396c800 JavaThread "Unconstrained build operations Thread 43" [_thread_blocked, id=18572, stack(0x000000754e900000,0x000000754ea00000)]
  0x0000025723970000 JavaThread "Unconstrained build operations Thread 44" [_thread_blocked, id=4084, stack(0x000000754ea00000,0x000000754eb00000)]
  0x000002572396b000 JavaThread "Unconstrained build operations Thread 45" [_thread_blocked, id=6988, stack(0x000000754eb00000,0x000000754ec00000)]
  0x0000025723971800 JavaThread "Unconstrained build operations Thread 46" [_thread_blocked, id=12244, stack(0x000000754ec00000,0x000000754ed00000)]
  0x000002572396b800 JavaThread "Unconstrained build operations Thread 47" [_thread_blocked, id=18864, stack(0x000000754ed00000,0x000000754ee00000)]
  0x0000025723975800 JavaThread "Unconstrained build operations Thread 48" [_thread_blocked, id=8496, stack(0x000000754ee00000,0x000000754ef00000)]
  0x0000025723974000 JavaThread "Unconstrained build operations Thread 49" [_thread_blocked, id=17068, stack(0x000000754ef00000,0x000000754f000000)]
  0x0000025723972000 JavaThread "Unconstrained build operations Thread 50" [_thread_blocked, id=9692, stack(0x000000754f000000,0x000000754f100000)]
  0x0000025723977000 JavaThread "Unconstrained build operations Thread 51" [_thread_blocked, id=3648, stack(0x000000754f100000,0x000000754f200000)]
  0x0000025723973000 JavaThread "Unconstrained build operations Thread 52" [_thread_blocked, id=17340, stack(0x000000754f200000,0x000000754f300000)]
  0x0000025723974800 JavaThread "Unconstrained build operations Thread 53" [_thread_blocked, id=11996, stack(0x000000754f300000,0x000000754f400000)]
  0x0000025723979000 JavaThread "Unconstrained build operations Thread 54" [_thread_blocked, id=16696, stack(0x000000754f400000,0x000000754f500000)]
  0x0000025723976800 JavaThread "Unconstrained build operations Thread 55" [_thread_blocked, id=8552, stack(0x000000754f500000,0x000000754f600000)]
  0x0000025723978000 JavaThread "Unconstrained build operations Thread 56" [_thread_blocked, id=2056, stack(0x000000754f600000,0x000000754f700000)]
  0x0000025721e93000 JavaThread "Unconstrained build operations Thread 57" [_thread_blocked, id=2388, stack(0x000000754f700000,0x000000754f800000)]
  0x0000025721e94800 JavaThread "Unconstrained build operations Thread 58" [_thread_blocked, id=16852, stack(0x000000754f800000,0x000000754f900000)]
  0x0000025721e8f800 JavaThread "Unconstrained build operations Thread 59" [_thread_blocked, id=2120, stack(0x000000754f900000,0x000000754fa00000)]
  0x0000025721e96000 JavaThread "Unconstrained build operations Thread 60" [_thread_blocked, id=5732, stack(0x000000754fa00000,0x000000754fb00000)]
  0x0000025721e91000 JavaThread "jar transforms Thread 4" [_thread_blocked, id=18480, stack(0x000000754fb00000,0x000000754fc00000)]
  0x0000025721e95800 JavaThread "jar transforms Thread 5" [_thread_blocked, id=16360, stack(0x000000754fc00000,0x000000754fd00000)]
  0x0000025721e90800 JavaThread "jar transforms Thread 6" [_thread_blocked, id=11060, stack(0x000000754fd00000,0x000000754fe00000)]
  0x0000025721e97000 JavaThread "Memory manager" [_thread_blocked, id=4364, stack(0x000000754fe00000,0x000000754ff00000)]
  0x0000025721e92000 JavaThread "build event listener" [_thread_blocked, id=15140, stack(0x000000754ff00000,0x0000007550000000)]
  0x0000025721e98000 JavaThread "Execution worker for ':'" [_thread_blocked, id=636, stack(0x0000007550000000,0x0000007550100000)]
  0x0000025721e98800 JavaThread "Execution worker for ':' Thread 2" [_thread_blocked, id=17572, stack(0x0000007550100000,0x0000007550200000)]
  0x0000025721e99800 JavaThread "Execution worker for ':' Thread 3" [_thread_blocked, id=18120, stack(0x0000007550200000,0x0000007550300000)]
  0x0000025721e93800 JavaThread "Execution worker for ':' Thread 4" [_thread_blocked, id=16344, stack(0x0000007550300000,0x0000007550400000)]
  0x0000025721e9c000 JavaThread "Execution worker for ':' Thread 5" [_thread_blocked, id=252, stack(0x0000007550400000,0x0000007550500000)]
  0x0000025721e9b000 JavaThread "Cache worker for execution history cache (D:\weatherApp\.gradle\7.2\executionHistory)" [_thread_blocked, id=8292, stack(0x0000007550500000,0x0000007550600000)]

Other Threads:
=>0x0000025720571000 VMThread "VM Thread" [stack: 0x0000007549400000,0x0000007549500000] [id=12044]
  0x000002572109b000 WatcherThread [stack: 0x0000007549e00000,0x0000007549f00000] [id=4752]
  0x0000025706574800 GCTaskThread "GC Thread#0" [stack: 0x0000007548f00000,0x0000007549000000] [id=11232]
  0x0000025721bfa000 GCTaskThread "GC Thread#1" [stack: 0x0000007549f00000,0x000000754a000000] [id=5536]
  0x000002572216c000 GCTaskThread "GC Thread#2" [stack: 0x000000754a100000,0x000000754a200000] [id=18784]
  0x000002572326e800 GCTaskThread "GC Thread#3" [stack: 0x000000754a200000,0x000000754a300000] [id=10396]
  0x0000025721ebe800 GCTaskThread "GC Thread#4" [stack: 0x000000754af00000,0x000000754b000000] [id=19176]
  0x0000025722687800 GCTaskThread "GC Thread#5" [stack: 0x000000754b000000,0x000000754b100000] [id=17984]
  0x00000257065a7000 ConcurrentGCThread "G1 Main Marker" [stack: 0x0000007549000000,0x0000007549100000] [id=6880]
  0x00000257065a8800 ConcurrentGCThread "G1 Conc#0" [stack: 0x0000007549100000,0x0000007549200000] [id=17376]
  0x00000257221ad800 ConcurrentGCThread "G1 Conc#1" [stack: 0x000000754b100000,0x000000754b200000] [id=13872]
  0x000002570662d800 ConcurrentGCThread "G1 Refine#0" [stack: 0x0000007549200000,0x0000007549300000] [id=2364]
  0x00000257203c0800 ConcurrentGCThread "G1 Young RemSet Sampling" [stack: 0x0000007549300000,0x0000007549400000] [id=9768]

Threads with active compile tasks:
C2 CompilerThread0  11698 9911 %     4       org.gradle.internal.instantiation.generator.AbstractClassGenerator::inspectType @ 107 (560 bytes)

VM state:at safepoint (normal execution)

VM Mutex/Monitor currently owned by a thread:  ([mutex/lock_event])
[0x0000025706559050] Threads_lock - owner thread: 0x0000025720571000
[0x0000025706559440] Heap_lock - owner thread: 0x0000025721e9c000

Heap address: 0x0000000080000000, size: 2048 MB, Compressed Oops mode: 32-bit
Narrow klass base: 0x0000000000000000, Narrow klass shift: 3
Compressed class space size: 1073741824 Address: 0x0000000100000000

Heap:
 garbage-first heap   total 210944K, used 83030K [0x0000000080000000, 0x0000000100000000)
  region size 1024K, 7 young (7168K), 7 survivors (7168K)
 Metaspace       used 89247K, capacity 91424K, committed 91772K, reserved 1128448K
  class space    used 11630K, capacity 12442K, committed 12544K, reserved 1048576K
Heap Regions: E=young(eden), S=young(survivor), O=old, HS=humongous(starts), HC=humongous(continues), CS=collection set, F=free, A=archive, TAMS=top-at-mark-start (previous, next)
|   0|0x0000000080000000, 0x0000000080100000, 0x0000000080100000|100%| O|  |TAMS 0x0000000080100000, 0x0000000080000000| Untracked 
|   1|0x0000000080100000, 0x0000000080200000, 0x0000000080200000|100%| O|  |TAMS 0x0000000080200000, 0x0000000080100000| Untracked 
|   2|0x0000000080200000, 0x0000000080300000, 0x0000000080300000|100%| O|  |TAMS 0x0000000080300000, 0x0000000080200000| Untracked 
|   3|0x0000000080300000, 0x0000000080400000, 0x0000000080400000|100%|HS|  |TAMS 0x0000000080400000, 0x0000000080300000| Complete 
|   4|0x0000000080400000, 0x0000000080500000, 0x0000000080500000|100%|HC|  |TAMS 0x0000000080500000, 0x0000000080400000| Complete 
|   5|0x0000000080500000, 0x0000000080600000, 0x0000000080600000|100%|HC|  |TAMS 0x0000000080600000, 0x0000000080500000| Complete 
|   6|0x0000000080600000, 0x0000000080700000, 0x0000000080700000|100%| O|  |TAMS 0x0000000080700000, 0x0000000080600000| Untracked 
|   7|0x0000000080700000, 0x0000000080800000, 0x0000000080800000|100%| O|  |TAMS 0x0000000080800000, 0x0000000080700000| Untracked 
|   8|0x0000000080800000, 0x0000000080900000, 0x0000000080900000|100%| O|  |TAMS 0x0000000080900000, 0x0000000080800000| Untracked 
|   9|0x0000000080900000, 0x0000000080a00000, 0x0000000080a00000|100%| O|  |TAMS 0x0000000080a00000, 0x0000000080900000| Untracked 
|  10|0x0000000080a00000, 0x0000000080b00000, 0x0000000080b00000|100%| O|  |TAMS 0x0000000080b00000, 0x0000000080a00000| Untracked 
|  11|0x0000000080b00000, 0x0000000080c00000, 0x0000000080c00000|100%| O|  |TAMS 0x0000000080c00000, 0x0000000080b00000| Untracked 
|  12|0x0000000080c00000, 0x0000000080d00000, 0x0000000080d00000|100%| O|  |TAMS 0x0000000080d00000, 0x0000000080c00000| Untracked 
|  13|0x0000000080d00000, 0x0000000080e00000, 0x0000000080e00000|100%| O|  |TAMS 0x0000000080e00000, 0x0000000080d00000| Untracked 
|  14|0x0000000080e00000, 0x0000000080f00000, 0x0000000080f00000|100%| O|  |TAMS 0x0000000080f00000, 0x0000000080e00000| Untracked 
|  15|0x0000000080f00000, 0x0000000081000000, 0x0000000081000000|100%| O|  |TAMS 0x0000000081000000, 0x0000000080f00000| Untracked 
|  16|0x0000000081000000, 0x0000000081100000, 0x0000000081100000|100%| O|  |TAMS 0x0000000081100000, 0x0000000081000000| Untracked 
|  17|0x0000000081100000, 0x0000000081200000, 0x0000000081200000|100%| O|  |TAMS 0x0000000081200000, 0x0000000081100000| Untracked 
|  18|0x0000000081200000, 0x0000000081300000, 0x0000000081300000|100%| O|  |TAMS 0x0000000081300000, 0x0000000081200000| Untracked 
|  19|0x0000000081300000, 0x0000000081400000, 0x0000000081400000|100%|HS|  |TAMS 0x0000000081400000, 0x0000000081300000| Complete 
|  20|0x0000000081400000, 0x0000000081500000, 0x0000000081500000|100%| O|  |TAMS 0x0000000081500000, 0x0000000081400000| Untracked 
|  21|0x0000000081500000, 0x0000000081600000, 0x0000000081600000|100%| O|  |TAMS 0x0000000081600000, 0x0000000081500000| Untracked 
|  22|0x0000000081600000, 0x0000000081700000, 0x0000000081700000|100%| O|  |TAMS 0x0000000081700000, 0x0000000081600000| Untracked 
|  23|0x0000000081700000, 0x0000000081800000, 0x0000000081800000|100%|HS|  |TAMS 0x0000000081800000, 0x0000000081700000| Complete 
|  24|0x0000000081800000, 0x0000000081900000, 0x0000000081900000|100%|HS|  |TAMS 0x0000000081900000, 0x0000000081800000| Complete 
|  25|0x0000000081900000, 0x0000000081a00000, 0x0000000081a00000|100%|HS|  |TAMS 0x0000000081a00000, 0x0000000081900000| Complete 
|  26|0x0000000081a00000, 0x0000000081b00000, 0x0000000081b00000|100%|HS|  |TAMS 0x0000000081b00000, 0x0000000081a00000| Complete 
|  27|0x0000000081b00000, 0x0000000081c00000, 0x0000000081c00000|100%|HC|  |TAMS 0x0000000081c00000, 0x0000000081b00000| Complete 
|  28|0x0000000081c00000, 0x0000000081d00000, 0x0000000081d00000|100%|HC|  |TAMS 0x0000000081d00000, 0x0000000081c00000| Complete 
|  29|0x0000000081d00000, 0x0000000081e00000, 0x0000000081e00000|100%|HS|  |TAMS 0x0000000081e00000, 0x0000000081d00000| Complete 
|  30|0x0000000081e00000, 0x0000000081f00000, 0x0000000081f00000|100%|HC|  |TAMS 0x0000000081f00000, 0x0000000081e00000| Complete 
|  31|0x0000000081f00000, 0x0000000082000000, 0x0000000082000000|100%| O|  |TAMS 0x0000000082000000, 0x0000000081f00000| Untracked 
|  32|0x0000000082000000, 0x0000000082100000, 0x0000000082100000|100%| O|  |TAMS 0x0000000082100000, 0x0000000082000000| Untracked 
|  33|0x0000000082100000, 0x0000000082200000, 0x0000000082200000|100%| O|  |TAMS 0x0000000082200000, 0x0000000082100000| Untracked 
|  34|0x0000000082200000, 0x0000000082300000, 0x0000000082300000|100%| O|  |TAMS 0x0000000082300000, 0x0000000082200000| Untracked 
|  35|0x0000000082300000, 0x0000000082400000, 0x0000000082400000|100%| O|  |TAMS 0x0000000082400000, 0x0000000082300000| Untracked 
|  36|0x0000000082400000, 0x0000000082500000, 0x0000000082500000|100%| O|  |TAMS 0x0000000082500000, 0x0000000082400000| Untracked 
|  37|0x0000000082500000, 0x0000000082600000, 0x0000000082600000|100%| O|  |TAMS 0x0000000082600000, 0x0000000082500000| Untracked 
|  38|0x0000000082600000, 0x0000000082700000, 0x0000000082700000|100%| O|  |TAMS 0x0000000082700000, 0x0000000082600000| Untracked 
|  39|0x0000000082700000, 0x0000000082800000, 0x0000000082800000|100%| O|  |TAMS 0x0000000082800000, 0x0000000082700000| Untracked 
|  40|0x0000000082800000, 0x0000000082900000, 0x0000000082900000|100%| O|  |TAMS 0x0000000082900000, 0x0000000082800000| Untracked 
|  41|0x0000000082900000, 0x0000000082a00000, 0x0000000082a00000|100%| O|  |TAMS 0x0000000082a00000, 0x0000000082900000| Untracked 
|  42|0x0000000082a00000, 0x0000000082b00000, 0x0000000082b00000|100%| O|  |TAMS 0x0000000082b00000, 0x0000000082a00000| Untracked 
|  43|0x0000000082b00000, 0x0000000082c00000, 0x0000000082c00000|100%| O|  |TAMS 0x0000000082c00000, 0x0000000082b00000| Untracked 
|  44|0x0000000082c00000, 0x0000000082d00000, 0x0000000082d00000|100%| O|  |TAMS 0x0000000082d00000, 0x0000000082c00000| Untracked 
|  45|0x0000000082d00000, 0x0000000082e00000, 0x0000000082e00000|100%| O|  |TAMS 0x0000000082e00000, 0x0000000082d00000| Untracked 
|  46|0x0000000082e00000, 0x0000000082f00000, 0x0000000082f00000|100%| O|  |TAMS 0x0000000082f00000, 0x0000000082e00000| Untracked 
|  47|0x0000000082f00000, 0x0000000083000000, 0x0000000083000000|100%| O|  |TAMS 0x0000000082f00000, 0x0000000082f00000| Untracked 
|  48|0x0000000083000000, 0x0000000083100000, 0x0000000083100000|100%| O|  |TAMS 0x0000000083000000, 0x0000000083000000| Untracked 
|  49|0x0000000083100000, 0x0000000083200000, 0x0000000083200000|100%| O|  |TAMS 0x0000000083100000, 0x0000000083100000| Untracked 
|  50|0x0000000083200000, 0x0000000083300000, 0x0000000083300000|100%| O|  |TAMS 0x0000000083200000, 0x0000000083200000| Untracked 
|  51|0x0000000083300000, 0x0000000083400000, 0x0000000083400000|100%| O|  |TAMS 0x0000000083300000, 0x0000000083300000| Untracked 
|  52|0x0000000083400000, 0x0000000083500000, 0x0000000083500000|100%| O|  |TAMS 0x0000000083400000, 0x0000000083400000| Untracked 
|  53|0x0000000083500000, 0x0000000083600000, 0x0000000083600000|100%| O|  |TAMS 0x0000000083500000, 0x0000000083500000| Untracked 
|  54|0x0000000083600000, 0x0000000083700000, 0x0000000083700000|100%| O|  |TAMS 0x0000000083600000, 0x0000000083600000| Untracked 
|  55|0x0000000083700000, 0x0000000083800000, 0x0000000083800000|100%| O|  |TAMS 0x0000000083700000, 0x0000000083700000| Untracked 
|  56|0x0000000083800000, 0x0000000083900000, 0x0000000083900000|100%| O|  |TAMS 0x0000000083800000, 0x0000000083800000| Untracked 
|  57|0x0000000083900000, 0x0000000083a00000, 0x0000000083a00000|100%| O|  |TAMS 0x0000000083900000, 0x0000000083900000| Untracked 
|  58|0x0000000083a00000, 0x0000000083b00000, 0x0000000083b00000|100%| O|  |TAMS 0x0000000083b00000, 0x0000000083a00000| Untracked 
|  59|0x0000000083b00000, 0x0000000083c00000, 0x0000000083c00000|100%| O|  |TAMS 0x0000000083b59000, 0x0000000083b00000| Untracked 
|  60|0x0000000083c00000, 0x0000000083d00000, 0x0000000083d00000|100%| O|  |TAMS 0x0000000083c00000, 0x0000000083c00000| Untracked 
|  61|0x0000000083d00000, 0x0000000083e00000, 0x0000000083e00000|100%| O|  |TAMS 0x0000000083d00000, 0x0000000083d00000| Untracked 
|  62|0x0000000083e00000, 0x0000000083f00000, 0x0000000083f00000|100%| O|  |TAMS 0x0000000083e00000, 0x0000000083e00000| Untracked 
|  63|0x0000000083f00000, 0x0000000084000000, 0x0000000084000000|100%| O|  |TAMS 0x0000000083f00000, 0x0000000083f00000| Untracked 
|  64|0x0000000084000000, 0x0000000084100000, 0x0000000084100000|100%| O|  |TAMS 0x0000000084000000, 0x0000000084000000| Untracked 
|  65|0x0000000084100000, 0x0000000084200000, 0x0000000084200000|100%| O|  |TAMS 0x0000000084100000, 0x0000000084100000| Untracked 
|  66|0x0000000084200000, 0x0000000084300000, 0x0000000084300000|100%| O|  |TAMS 0x0000000084200000, 0x0000000084200000| Untracked 
|  67|0x0000000084300000, 0x0000000084400000, 0x0000000084400000|100%| O|  |TAMS 0x0000000084300000, 0x0000000084300000| Untracked 
|  68|0x0000000084400000, 0x0000000084500000, 0x0000000084500000|100%| O|  |TAMS 0x0000000084400000, 0x0000000084400000| Untracked 
|  69|0x0000000084500000, 0x0000000084600000, 0x0000000084600000|100%| O|  |TAMS 0x0000000084500000, 0x0000000084500000| Untracked 
|  70|0x0000000084600000, 0x0000000084700000, 0x0000000084700000|100%| O|  |TAMS 0x0000000084600000, 0x0000000084600000| Untracked 
|  71|0x0000000084700000, 0x0000000084800000, 0x0000000084800000|100%| O|  |TAMS 0x0000000084700000, 0x0000000084700000| Untracked 
|  72|0x0000000084800000, 0x0000000084900000, 0x0000000084900000|100%| O|  |TAMS 0x0000000084800000, 0x0000000084800000| Untracked 
|  73|0x0000000084900000, 0x0000000084a00000, 0x0000000084a00000|100%| O|  |TAMS 0x0000000084900000, 0x0000000084900000| Untracked 
|  74|0x0000000084a00000, 0x0000000084ab8400, 0x0000000084b00000| 71%| O|  |TAMS 0x0000000084a00000, 0x0000000084a00000| Untracked 
|  75|0x0000000084b00000, 0x0000000084b00000, 0x0000000084c00000|  0%| F|  |TAMS 0x0000000084b00000, 0x0000000084b00000| Untracked 
|  76|0x0000000084c00000, 0x0000000084c00000, 0x0000000084d00000|  0%| F|  |TAMS 0x0000000084c00000, 0x0000000084c00000| Untracked 
|  77|0x0000000084d00000, 0x0000000084d00000, 0x0000000084e00000|  0%| F|  |TAMS 0x0000000084d00000, 0x0000000084d00000| Untracked 
|  78|0x0000000084e00000, 0x0000000084e00000, 0x0000000084f00000|  0%| F|  |TAMS 0x0000000084e00000, 0x0000000084e00000| Untracked 
|  79|0x0000000084f00000, 0x0000000084f00000, 0x0000000085000000|  0%| F|  |TAMS 0x0000000084f00000, 0x0000000084f00000| Untracked 
|  80|0x0000000085000000, 0x0000000085000000, 0x0000000085100000|  0%| F|  |TAMS 0x0000000085000000, 0x0000000085000000| Untracked 
|  81|0x0000000085100000, 0x0000000085100000, 0x0000000085200000|  0%| F|  |TAMS 0x0000000085100000, 0x0000000085100000| Untracked 
|  82|0x0000000085200000, 0x0000000085200000, 0x0000000085300000|  0%| F|  |TAMS 0x0000000085200000, 0x0000000085200000| Untracked 
|  83|0x0000000085300000, 0x0000000085300000, 0x0000000085400000|  0%| F|  |TAMS 0x0000000085300000, 0x0000000085300000| Untracked 
|  84|0x0000000085400000, 0x0000000085400000, 0x0000000085500000|  0%| F|  |TAMS 0x0000000085400000, 0x0000000085400000| Untracked 
|  85|0x0000000085500000, 0x0000000085500000, 0x0000000085600000|  0%| F|  |TAMS 0x0000000085500000, 0x0000000085500000| Untracked 
|  86|0x0000000085600000, 0x0000000085600000, 0x0000000085700000|  0%| F|  |TAMS 0x0000000085600000, 0x0000000085600000| Untracked 
|  87|0x0000000085700000, 0x0000000085700000, 0x0000000085800000|  0%| F|  |TAMS 0x0000000085700000, 0x0000000085700000| Untracked 
|  88|0x0000000085800000, 0x0000000085800000, 0x0000000085900000|  0%| F|  |TAMS 0x0000000085800000, 0x0000000085800000| Untracked 
|  89|0x0000000085900000, 0x0000000085900000, 0x0000000085a00000|  0%| F|  |TAMS 0x0000000085900000, 0x0000000085900000| Untracked 
|  90|0x0000000085a00000, 0x0000000085a00000, 0x0000000085b00000|  0%| F|  |TAMS 0x0000000085a00000, 0x0000000085a00000| Untracked 
|  91|0x0000000085b00000, 0x0000000085b00000, 0x0000000085c00000|  0%| F|  |TAMS 0x0000000085b00000, 0x0000000085b00000| Untracked 
|  92|0x0000000085c00000, 0x0000000085c00000, 0x0000000085d00000|  0%| F|  |TAMS 0x0000000085c00000, 0x0000000085c00000| Untracked 
|  93|0x0000000085d00000, 0x0000000085d00000, 0x0000000085e00000|  0%| F|  |TAMS 0x0000000085d00000, 0x0000000085d00000| Untracked 
|  94|0x0000000085e00000, 0x0000000085e00000, 0x0000000085f00000|  0%| F|  |TAMS 0x0000000085e00000, 0x0000000085e00000| Untracked 
|  95|0x0000000085f00000, 0x0000000085f00000, 0x0000000086000000|  0%| F|  |TAMS 0x0000000085f00000, 0x0000000085f00000| Untracked 
|  96|0x0000000086000000, 0x0000000086000000, 0x0000000086100000|  0%| F|  |TAMS 0x0000000086000000, 0x0000000086000000| Untracked 
|  97|0x0000000086100000, 0x0000000086100000, 0x0000000086200000|  0%| F|  |TAMS 0x0000000086100000, 0x0000000086100000| Untracked 
|  98|0x0000000086200000, 0x0000000086200000, 0x0000000086300000|  0%| F|  |TAMS 0x0000000086200000, 0x0000000086200000| Untracked 
|  99|0x0000000086300000, 0x000000008635d5e0, 0x0000000086400000| 36%| S|CS|TAMS 0x0000000086300000, 0x0000000086300000| Complete 
| 100|0x0000000086400000, 0x0000000086500000, 0x0000000086500000|100%| S|CS|TAMS 0x0000000086400000, 0x0000000086400000| Complete 
| 101|0x0000000086500000, 0x0000000086500000, 0x0000000086600000|  0%| F|  |TAMS 0x0000000086500000, 0x0000000086500000| Untracked 
| 102|0x0000000086600000, 0x0000000086600000, 0x0000000086700000|  0%| F|  |TAMS 0x0000000086600000, 0x0000000086600000| Untracked 
| 103|0x0000000086700000, 0x0000000086800000, 0x0000000086800000|100%| S|CS|TAMS 0x0000000086700000, 0x0000000086700000| Complete 
| 104|0x0000000086800000, 0x0000000086900000, 0x0000000086900000|100%| S|CS|TAMS 0x0000000086800000, 0x0000000086800000| Complete 
| 105|0x0000000086900000, 0x0000000086900000, 0x0000000086a00000|  0%| F|  |TAMS 0x0000000086900000, 0x0000000086900000| Untracked 
| 106|0x0000000086a00000, 0x0000000086a00000, 0x0000000086b00000|  0%| F|  |TAMS 0x0000000086a00000, 0x0000000086a00000| Untracked 
| 107|0x0000000086b00000, 0x0000000086b00000, 0x0000000086c00000|  0%| F|  |TAMS 0x0000000086b00000, 0x0000000086b00000| Untracked 
| 108|0x0000000086c00000, 0x0000000086c00000, 0x0000000086d00000|  0%| F|  |TAMS 0x0000000086c00000, 0x0000000086c00000| Untracked 
| 109|0x0000000086d00000, 0x0000000086e00000, 0x0000000086e00000|100%| S|CS|TAMS 0x0000000086d00000, 0x0000000086d00000| Complete 
| 110|0x0000000086e00000, 0x0000000086f00000, 0x0000000086f00000|100%| S|CS|TAMS 0x0000000086e00000, 0x0000000086e00000| Complete 
| 111|0x0000000086f00000, 0x0000000087000000, 0x0000000087000000|100%| S|CS|TAMS 0x0000000086f00000, 0x0000000086f00000| Complete 
| 112|0x0000000087000000, 0x0000000087000000, 0x0000000087100000|  0%| F|  |TAMS 0x0000000087000000, 0x0000000087000000| Untracked 
| 113|0x0000000087100000, 0x0000000087100000, 0x0000000087200000|  0%| F|  |TAMS 0x0000000087100000, 0x0000000087100000| Untracked 
| 114|0x0000000087200000, 0x0000000087200000, 0x0000000087300000|  0%| F|  |TAMS 0x0000000087200000, 0x0000000087200000| Untracked 
| 115|0x0000000087300000, 0x0000000087300000, 0x0000000087400000|  0%| F|  |TAMS 0x0000000087300000, 0x0000000087300000| Untracked 
| 116|0x0000000087400000, 0x0000000087400000, 0x0000000087500000|  0%| F|  |TAMS 0x0000000087400000, 0x0000000087400000| Untracked 
| 117|0x0000000087500000, 0x0000000087500000, 0x0000000087600000|  0%| F|  |TAMS 0x0000000087500000, 0x0000000087500000| Untracked 
| 118|0x0000000087600000, 0x0000000087600000, 0x0000000087700000|  0%| F|  |TAMS 0x0000000087600000, 0x0000000087600000| Untracked 
| 119|0x0000000087700000, 0x0000000087700000, 0x0000000087800000|  0%| F|  |TAMS 0x0000000087700000, 0x0000000087700000| Untracked 
| 120|0x0000000087800000, 0x0000000087800000, 0x0000000087900000|  0%| F|  |TAMS 0x0000000087800000, 0x0000000087800000| Untracked 
| 121|0x0000000087900000, 0x0000000087900000, 0x0000000087a00000|  0%| F|  |TAMS 0x0000000087900000, 0x0000000087900000| Untracked 
| 122|0x0000000087a00000, 0x0000000087a00000, 0x0000000087b00000|  0%| F|  |TAMS 0x0000000087a00000, 0x0000000087a00000| Untracked 
| 123|0x0000000087b00000, 0x0000000087b00000, 0x0000000087c00000|  0%| F|  |TAMS 0x0000000087b00000, 0x0000000087b00000| Untracked 
| 124|0x0000000087c00000, 0x0000000087c00000, 0x0000000087d00000|  0%| F|  |TAMS 0x0000000087c00000, 0x0000000087c00000| Untracked 
| 125|0x0000000087d00000, 0x0000000087d00000, 0x0000000087e00000|  0%| F|  |TAMS 0x0000000087d00000, 0x0000000087d00000| Untracked 
| 126|0x0000000087e00000, 0x0000000087e00000, 0x0000000087f00000|  0%| F|  |TAMS 0x0000000087e00000, 0x0000000087e00000| Untracked 
| 127|0x0000000087f00000, 0x0000000087f00000, 0x0000000088000000|  0%| F|  |TAMS 0x0000000087f00000, 0x0000000087f00000| Untracked 
| 128|0x0000000088000000, 0x0000000088000000, 0x0000000088100000|  0%| F|  |TAMS 0x0000000088000000, 0x0000000088000000| Untracked 
| 129|0x0000000088100000, 0x0000000088100000, 0x0000000088200000|  0%| F|  |TAMS 0x0000000088100000, 0x0000000088100000| Untracked 
| 130|0x0000000088200000, 0x0000000088200000, 0x0000000088300000|  0%| F|  |TAMS 0x0000000088200000, 0x0000000088200000| Untracked 
| 131|0x0000000088300000, 0x0000000088300000, 0x0000000088400000|  0%| F|  |TAMS 0x0000000088300000, 0x0000000088300000| Untracked 
| 132|0x0000000088400000, 0x0000000088400000, 0x0000000088500000|  0%| F|  |TAMS 0x0000000088400000, 0x0000000088400000| Untracked 
| 133|0x0000000088500000, 0x0000000088500000, 0x0000000088600000|  0%| F|  |TAMS 0x0000000088500000, 0x0000000088500000| Untracked 
| 134|0x0000000088600000, 0x0000000088600000, 0x0000000088700000|  0%| F|  |TAMS 0x0000000088600000, 0x0000000088600000| Untracked 
| 135|0x0000000088700000, 0x0000000088700000, 0x0000000088800000|  0%| F|  |TAMS 0x0000000088700000, 0x0000000088700000| Untracked 
| 136|0x0000000088800000, 0x0000000088800000, 0x0000000088900000|  0%| F|  |TAMS 0x0000000088800000, 0x0000000088800000| Untracked 
| 137|0x0000000088900000, 0x0000000088900000, 0x0000000088a00000|  0%| F|  |TAMS 0x0000000088900000, 0x0000000088900000| Untracked 
| 138|0x0000000088a00000, 0x0000000088a00000, 0x0000000088b00000|  0%| F|  |TAMS 0x0000000088a00000, 0x0000000088a00000| Untracked 
| 139|0x0000000088b00000, 0x0000000088b00000, 0x0000000088c00000|  0%| F|  |TAMS 0x0000000088b00000, 0x0000000088b00000| Untracked 
| 140|0x0000000088c00000, 0x0000000088c00000, 0x0000000088d00000|  0%| F|  |TAMS 0x0000000088c00000, 0x0000000088c00000| Untracked 
| 141|0x0000000088d00000, 0x0000000088d00000, 0x0000000088e00000|  0%| F|  |TAMS 0x0000000088d00000, 0x0000000088d00000| Untracked 
| 142|0x0000000088e00000, 0x0000000088e00000, 0x0000000088f00000|  0%| F|  |TAMS 0x0000000088e00000, 0x0000000088e00000| Untracked 
| 143|0x0000000088f00000, 0x0000000088f00000, 0x0000000089000000|  0%| F|  |TAMS 0x0000000088f00000, 0x0000000088f00000| Untracked 
| 144|0x0000000089000000, 0x0000000089000000, 0x0000000089100000|  0%| F|  |TAMS 0x0000000089000000, 0x0000000089000000| Untracked 
| 145|0x0000000089100000, 0x0000000089100000, 0x0000000089200000|  0%| F|  |TAMS 0x0000000089100000, 0x0000000089100000| Untracked 
| 146|0x0000000089200000, 0x0000000089200000, 0x0000000089300000|  0%| F|  |TAMS 0x0000000089200000, 0x0000000089200000| Untracked 
| 147|0x0000000089300000, 0x0000000089300000, 0x0000000089400000|  0%| F|  |TAMS 0x0000000089300000, 0x0000000089300000| Untracked 
| 148|0x0000000089400000, 0x0000000089400000, 0x0000000089500000|  0%| F|  |TAMS 0x0000000089400000, 0x0000000089400000| Untracked 
| 149|0x0000000089500000, 0x0000000089500000, 0x0000000089600000|  0%| F|  |TAMS 0x0000000089500000, 0x0000000089500000| Untracked 
| 150|0x0000000089600000, 0x0000000089600000, 0x0000000089700000|  0%| F|  |TAMS 0x0000000089600000, 0x0000000089600000| Untracked 
| 151|0x0000000089700000, 0x0000000089700000, 0x0000000089800000|  0%| F|  |TAMS 0x0000000089700000, 0x0000000089700000| Untracked 
| 152|0x0000000089800000, 0x0000000089800000, 0x0000000089900000|  0%| F|  |TAMS 0x0000000089800000, 0x0000000089800000| Untracked 
| 153|0x0000000089900000, 0x0000000089900000, 0x0000000089a00000|  0%| F|  |TAMS 0x0000000089900000, 0x0000000089900000| Untracked 
| 154|0x0000000089a00000, 0x0000000089a00000, 0x0000000089b00000|  0%| F|  |TAMS 0x0000000089a00000, 0x0000000089a00000| Untracked 
| 155|0x0000000089b00000, 0x0000000089b00000, 0x0000000089c00000|  0%| F|  |TAMS 0x0000000089b00000, 0x0000000089b00000| Untracked 
| 156|0x0000000089c00000, 0x0000000089c00000, 0x0000000089d00000|  0%| F|  |TAMS 0x0000000089c00000, 0x0000000089c00000| Untracked 
| 157|0x0000000089d00000, 0x0000000089d00000, 0x0000000089e00000|  0%| F|  |TAMS 0x0000000089d00000, 0x0000000089d00000| Untracked 
| 158|0x0000000089e00000, 0x0000000089e00000, 0x0000000089f00000|  0%| F|  |TAMS 0x0000000089e00000, 0x0000000089e00000| Untracked 
| 159|0x0000000089f00000, 0x0000000089f00000, 0x000000008a000000|  0%| F|  |TAMS 0x0000000089f00000, 0x0000000089f00000| Untracked 
| 160|0x000000008a000000, 0x000000008a000000, 0x000000008a100000|  0%| F|  |TAMS 0x000000008a000000, 0x000000008a000000| Untracked 
| 161|0x000000008a100000, 0x000000008a100000, 0x000000008a200000|  0%| F|  |TAMS 0x000000008a100000, 0x000000008a100000| Untracked 
| 162|0x000000008a200000, 0x000000008a200000, 0x000000008a300000|  0%| F|  |TAMS 0x000000008a200000, 0x000000008a200000| Untracked 
| 163|0x000000008a300000, 0x000000008a300000, 0x000000008a400000|  0%| F|  |TAMS 0x000000008a300000, 0x000000008a300000| Untracked 
| 164|0x000000008a400000, 0x000000008a400000, 0x000000008a500000|  0%| F|  |TAMS 0x000000008a400000, 0x000000008a400000| Untracked 
| 165|0x000000008a500000, 0x000000008a500000, 0x000000008a600000|  0%| F|  |TAMS 0x000000008a500000, 0x000000008a500000| Untracked 
| 166|0x000000008a600000, 0x000000008a600000, 0x000000008a700000|  0%| F|  |TAMS 0x000000008a600000, 0x000000008a600000| Untracked 
| 167|0x000000008a700000, 0x000000008a700000, 0x000000008a800000|  0%| F|  |TAMS 0x000000008a700000, 0x000000008a700000| Untracked 
| 168|0x000000008a800000, 0x000000008a800000, 0x000000008a900000|  0%| F|  |TAMS 0x000000008a800000, 0x000000008a800000| Untracked 
| 169|0x000000008a900000, 0x000000008a900000, 0x000000008aa00000|  0%| F|  |TAMS 0x000000008a900000, 0x000000008a900000| Untracked 
| 170|0x000000008aa00000, 0x000000008aa00000, 0x000000008ab00000|  0%| F|  |TAMS 0x000000008aa00000, 0x000000008aa00000| Untracked 

Card table byte_map: [0x0000025719560000,0x0000025719960000] _byte_map_base: 0x0000025719160000

Marking Bits (Prev, Next): (CMBitMap*) 0x000002570659e4a0, (CMBitMap*) 0x000002570659e468
 Prev Bits: [0x000002571bd60000, 0x000002571dd60000)
 Next Bits: [0x0000025719d60000, 0x000002571bd60000)

Polling page: 0x0000025704540000

Metaspace:

Usage:
  Non-class:     77.13 MB capacity,    75.80 MB ( 98%) used,     1.08 MB (  1%) free+waste,   254.13 KB ( <1%) overhead. 
      Class:     12.15 MB capacity,    11.36 MB ( 93%) used,   695.91 KB (  6%) free+waste,   115.13 KB ( <1%) overhead. 
       Both:     89.28 MB capacity,    87.16 MB ( 98%) used,     1.76 MB (  2%) free+waste,   369.25 KB ( <1%) overhead. 

Virtual space:
  Non-class space:       78.00 MB reserved,      77.37 MB (>99%) committed 
      Class space:        1.00 GB reserved,      12.25 MB (  1%) committed 
             Both:        1.08 GB reserved,      89.62 MB (  8%) committed 

Chunk freelists:
   Non-Class:  54.00 KB
       Class:  6.00 KB
        Both:  60.00 KB

MaxMetaspaceSize: 17179869184.00 GB
CompressedClassSpaceSize: 1.00 GB

CodeHeap 'non-profiled nmethods': size=120064Kb used=4358Kb max_used=4358Kb free=115705Kb
 bounds [0x0000025711b10000, 0x0000025711f60000, 0x0000025719050000]
CodeHeap 'profiled nmethods': size=120000Kb used=19973Kb max_used=19973Kb free=100026Kb
 bounds [0x000002570a5e0000, 0x000002570b970000, 0x0000025711b10000]
CodeHeap 'non-nmethods': size=5696Kb used=2286Kb max_used=2324Kb free=3410Kb
 bounds [0x000002570a050000, 0x000002570a2c0000, 0x000002570a5e0000]
 total_blobs=11102 nmethods=10214 adapters=799
 compilation: enabled
              stopped_count=0, restarted_count=0
 full_count=0

Compilation events (20 events):
Event: 11.647 Thread 0x00000257205a6800 10312       2       kotlin.reflect.jvm.internal.impl.protobuf.GeneratedMessageLite$ExtendableMessage$ExtensionWriter::writeUntil (140 bytes)
Event: 11.648 Thread 0x00000257205a6800 nmethod 10312 0x000002570b95e610 code [0x000002570b95e8a0, 0x000002570b95eec8]
Event: 11.658 Thread 0x00000257205a6800 10313       2       kotlin.reflect.jvm.internal.impl.name.ClassId::<init> (90 bytes)
Event: 11.658 Thread 0x00000257205a6800 nmethod 10313 0x000002570b95f290 code [0x000002570b95f460, 0x000002570b95f698]
Event: 11.658 Thread 0x00000257205a6800 10314       2       kotlin.reflect.jvm.internal.impl.name.FqName::hashCode (8 bytes)
Event: 11.658 Thread 0x00000257205a6800 nmethod 10314 0x000002570b95f790 code [0x000002570b95f940, 0x000002570b95fa68]
Event: 11.662 Thread 0x00000257205a6800 10315       2       kotlin.collections.EmptyList::iterator (7 bytes)
Event: 11.662 Thread 0x00000257205a6800 nmethod 10315 0x000002570b95fb90 code [0x000002570b95fd40, 0x000002570b95fe38]
Event: 11.663 Thread 0x00000257205a6800 10316       2       kotlin.reflect.jvm.internal.impl.name.FqName::<init> (26 bytes)
Event: 11.663 Thread 0x00000257205a6800 nmethod 10316 0x000002570b95ff10 code [0x000002570b9600e0, 0x000002570b9603b8]
Event: 11.663 Thread 0x00000257205a6800 10317       2       kotlin.reflect.jvm.internal.impl.name.FqNameUnsafe::<init> (31 bytes)
Event: 11.663 Thread 0x00000257205a6800 nmethod 10317 0x000002570b960510 code [0x000002570b9606e0, 0x000002570b9608f8]
Event: 11.667 Thread 0x00000257205a6800 10318       2       kotlin.reflect.jvm.internal.impl.name.Name::asString (13 bytes)
Event: 11.668 Thread 0x00000257205a6800 nmethod 10318 0x000002570b960a10 code [0x000002570b960bc0, 0x000002570b960ce8]
Event: 11.672 Thread 0x00000257205a6800 10319       2       kotlin.reflect.jvm.internal.impl.metadata.ProtoBuf$StringTable::getString (14 bytes)
Event: 11.672 Thread 0x00000257205a6800 nmethod 10319 0x000002570b960d90 code [0x000002570b960f40, 0x000002570b961088]
Event: 11.672 Thread 0x00000257205a6800 10320       2       kotlin.reflect.jvm.internal.impl.protobuf.UnmodifiableLazyStringList::get (6 bytes)
Event: 11.672 Thread 0x00000257205a6800 nmethod 10320 0x000002570b961190 code [0x000002570b961340, 0x000002570b961488]
Event: 11.672 Thread 0x00000257205a6800 10321       1       kotlin.reflect.jvm.internal.impl.serialization.deserialization.DeserializationComponents::getStorageManager (5 bytes)
Event: 11.672 Thread 0x00000257205a6800 nmethod 10321 0x0000025711f51890 code [0x0000025711f51a40, 0x0000025711f51af8]

GC Heap History (20 events):
Event: 5.197 GC heap after
{Heap after GC invocations=11 (full 0):
 garbage-first heap   total 145408K, used 29542K [0x0000000080000000, 0x0000000100000000)
  region size 1024K, 7 young (7168K), 7 survivors (7168K)
 Metaspace       used 45693K, capacity 46803K, committed 46972K, reserved 1089536K
  class space    used 5868K, capacity 6280K, committed 6400K, reserved 1048576K
}
Event: 6.276 GC heap before
{Heap before GC invocations=11 (full 0):
 garbage-first heap   total 145408K, used 116582K [0x0000000080000000, 0x0000000100000000)
  region size 1024K, 84 young (86016K), 7 survivors (7168K)
 Metaspace       used 48921K, capacity 50136K, committed 50428K, reserved 1093632K
  class space    used 6243K, capacity 6712K, committed 6784K, reserved 1048576K
}
Event: 6.286 GC heap after
{Heap after GC invocations=12 (full 0):
 garbage-first heap   total 145408K, used 49335K [0x0000000080000000, 0x0000000100000000)
  region size 1024K, 11 young (11264K), 11 survivors (11264K)
 Metaspace       used 48921K, capacity 50136K, committed 50428K, reserved 1093632K
  class space    used 6243K, capacity 6712K, committed 6784K, reserved 1048576K
}
Event: 7.021 GC heap before
{Heap before GC invocations=12 (full 0):
 garbage-first heap   total 145408K, used 107703K [0x0000000080000000, 0x0000000100000000)
  region size 1024K, 68 young (69632K), 11 survivors (11264K)
 Metaspace       used 56947K, capacity 58284K, committed 58364K, reserved 1099776K
  class space    used 7220K, capacity 7737K, committed 7808K, reserved 1048576K
}
Event: 7.029 GC heap after
{Heap after GC invocations=13 (full 0):
 garbage-first heap   total 175104K, used 52034K [0x0000000080000000, 0x0000000100000000)
  region size 1024K, 3 young (3072K), 3 survivors (3072K)
 Metaspace       used 56947K, capacity 58284K, committed 58364K, reserved 1099776K
  class space    used 7220K, capacity 7737K, committed 7808K, reserved 1048576K
}
Event: 7.152 GC heap before
{Heap before GC invocations=13 (full 0):
 garbage-first heap   total 175104K, used 59202K [0x0000000080000000, 0x0000000100000000)
  region size 1024K, 11 young (11264K), 3 survivors (3072K)
 Metaspace       used 58320K, capacity 59722K, committed 59900K, reserved 1101824K
  class space    used 7409K, capacity 7941K, committed 8064K, reserved 1048576K
}
Event: 7.156 GC heap after
{Heap after GC invocations=14 (full 0):
 garbage-first heap   total 175104K, used 52072K [0x0000000080000000, 0x0000000100000000)
  region size 1024K, 3 young (3072K), 3 survivors (3072K)
 Metaspace       used 58320K, capacity 59722K, committed 59900K, reserved 1101824K
  class space    used 7409K, capacity 7941K, committed 8064K, reserved 1048576K
}
Event: 7.896 GC heap before
{Heap before GC invocations=15 (full 0):
 garbage-first heap   total 175104K, used 125800K [0x0000000080000000, 0x0000000100000000)
  region size 1024K, 75 young (76800K), 3 survivors (3072K)
 Metaspace       used 65218K, capacity 66707K, committed 66812K, reserved 1107968K
  class space    used 8273K, capacity 8830K, committed 8832K, reserved 1048576K
}
Event: 7.903 GC heap after
{Heap after GC invocations=16 (full 0):
 garbage-first heap   total 175104K, used 56998K [0x0000000080000000, 0x0000000100000000)
  region size 1024K, 8 young (8192K), 8 survivors (8192K)
 Metaspace       used 65218K, capacity 66707K, committed 66812K, reserved 1107968K
  class space    used 8273K, capacity 8830K, committed 8832K, reserved 1048576K
}
Event: 8.471 GC heap before
{Heap before GC invocations=16 (full 0):
 garbage-first heap   total 175104K, used 129702K [0x0000000080000000, 0x0000000100000000)
  region size 1024K, 79 young (80896K), 8 survivors (8192K)
 Metaspace       used 68265K, capacity 69845K, committed 70140K, reserved 1110016K
  class space    used 8642K, capacity 9230K, committed 9344K, reserved 1048576K
}
Event: 8.479 GC heap after
{Heap after GC invocations=17 (full 0):
 garbage-first heap   total 175104K, used 61981K [0x0000000080000000, 0x0000000100000000)
  region size 1024K, 10 young (10240K), 10 survivors (10240K)
 Metaspace       used 68265K, capacity 69845K, committed 70140K, reserved 1110016K
  class space    used 8642K, capacity 9230K, committed 9344K, reserved 1048576K
}
Event: 9.292 GC heap before
{Heap before GC invocations=17 (full 0):
 garbage-first heap   total 175104K, used 133661K [0x0000000080000000, 0x0000000100000000)
  region size 1024K, 80 young (81920K), 10 survivors (10240K)
 Metaspace       used 75433K, capacity 77034K, committed 77180K, reserved 1116160K
  class space    used 9783K, capacity 10419K, committed 10496K, reserved 1048576K
}
Event: 9.299 GC heap after
{Heap after GC invocations=18 (full 0):
 garbage-first heap   total 175104K, used 66697K [0x0000000080000000, 0x0000000100000000)
  region size 1024K, 10 young (10240K), 10 survivors (10240K)
 Metaspace       used 75433K, capacity 77034K, committed 77180K, reserved 1116160K
  class space    used 9783K, capacity 10419K, committed 10496K, reserved 1048576K
}
Event: 9.989 GC heap before
{Heap before GC invocations=18 (full 0):
 garbage-first heap   total 175104K, used 136329K [0x0000000080000000, 0x0000000100000000)
  region size 1024K, 78 young (79872K), 10 survivors (10240K)
 Metaspace       used 82242K, capacity 84063K, committed 84348K, reserved 1122304K
  class space    used 10734K, capacity 11473K, committed 11520K, reserved 1048576K
}
Event: 9.998 GC heap after
{Heap after GC invocations=19 (full 0):
 garbage-first heap   total 175104K, used 71949K [0x0000000080000000, 0x0000000100000000)
  region size 1024K, 10 young (10240K), 10 survivors (10240K)
 Metaspace       used 82242K, capacity 84063K, committed 84348K, reserved 1122304K
  class space    used 10734K, capacity 11473K, committed 11520K, reserved 1048576K
}
Event: 10.687 GC heap before
{Heap before GC invocations=19 (full 0):
 garbage-first heap   total 175104K, used 139533K [0x0000000080000000, 0x0000000100000000)
  region size 1024K, 76 young (77824K), 10 survivors (10240K)
 Metaspace       used 84226K, capacity 86280K, committed 86524K, reserved 1124352K
  class space    used 11011K, capacity 11806K, committed 11904K, reserved 1048576K
}
Event: 10.698 GC heap after
{Heap after GC invocations=20 (full 0):
 garbage-first heap   total 175104K, used 77260K [0x0000000080000000, 0x0000000100000000)
  region size 1024K, 10 young (10240K), 10 survivors (10240K)
 Metaspace       used 84226K, capacity 86280K, committed 86524K, reserved 1124352K
  class space    used 11011K, capacity 11806K, committed 11904K, reserved 1048576K
}
Event: 11.277 GC heap before
{Heap before GC invocations=20 (full 0):
 garbage-first heap   total 175104K, used 139724K [0x0000000080000000, 0x0000000100000000)
  region size 1024K, 72 young (73728K), 10 survivors (10240K)
 Metaspace       used 85368K, capacity 87549K, committed 87676K, reserved 1124352K
  class space    used 11118K, capacity 11961K, committed 12032K, reserved 1048576K
}
Event: 11.287 GC heap after
{Heap after GC invocations=21 (full 0):
 garbage-first heap   total 175104K, used 82234K [0x0000000080000000, 0x0000000100000000)
  region size 1024K, 6 young (6144K), 6 survivors (6144K)
 Metaspace       used 85368K, capacity 87549K, committed 87676K, reserved 1124352K
  class space    used 11118K, capacity 11961K, committed 12032K, reserved 1048576K
}
Event: 11.675 GC heap before
{Heap before GC invocations=21 (full 0):
 garbage-first heap   total 175104K, used 141626K [0x0000000080000000, 0x0000000100000000)
  region size 1024K, 65 young (66560K), 6 survivors (6144K)
 Metaspace       used 89247K, capacity 91424K, committed 91772K, reserved 1128448K
  class space    used 11630K, capacity 12442K, committed 12544K, reserved 1048576K
}

Deoptimization events (20 events):
Event: 11.179 Thread 0x0000025721e9c000 DEOPT PACKING pc=0x0000025711f253d8 sp=0x00000075504fac60
Event: 11.179 Thread 0x0000025721e9c000 DEOPT UNPACKING pc=0x000002570a07662f sp=0x00000075504fab98 mode 2
Event: 11.179 Thread 0x0000025721e9c000 Uncommon trap: trap_request=0xffffffc6 fr.pc=0x0000025711f253d8 relative=0x0000000000000478
Event: 11.179 Thread 0x0000025721e9c000 Uncommon trap: reason=bimorphic_or_optimized_type_check action=maybe_recompile pc=0x0000025711f253d8 method=java.util.Collections.indexedBinarySearch(Ljava/util/List;Ljava/lang/Object;Ljava/util/Comparator;)I @ 3 c2
Event: 11.179 Thread 0x0000025721e9c000 DEOPT PACKING pc=0x0000025711f253d8 sp=0x00000075504fac60
Event: 11.179 Thread 0x0000025721e9c000 DEOPT UNPACKING pc=0x000002570a07662f sp=0x00000075504fab98 mode 2
Event: 11.180 Thread 0x0000025721e9c000 Uncommon trap: trap_request=0xffffffc6 fr.pc=0x0000025711f253d8 relative=0x0000000000000478
Event: 11.180 Thread 0x0000025721e9c000 Uncommon trap: reason=bimorphic_or_optimized_type_check action=maybe_recompile pc=0x0000025711f253d8 method=java.util.Collections.indexedBinarySearch(Ljava/util/List;Ljava/lang/Object;Ljava/util/Comparator;)I @ 3 c2
Event: 11.180 Thread 0x0000025721e9c000 DEOPT PACKING pc=0x0000025711f253d8 sp=0x00000075504fac60
Event: 11.180 Thread 0x0000025721e9c000 DEOPT UNPACKING pc=0x000002570a07662f sp=0x00000075504fab98 mode 2
Event: 11.180 Thread 0x0000025721e9c000 Uncommon trap: trap_request=0xffffffc6 fr.pc=0x0000025711f253d8 relative=0x0000000000000478
Event: 11.180 Thread 0x0000025721e9c000 Uncommon trap: reason=bimorphic_or_optimized_type_check action=maybe_recompile pc=0x0000025711f253d8 method=java.util.Collections.indexedBinarySearch(Ljava/util/List;Ljava/lang/Object;Ljava/util/Comparator;)I @ 3 c2
Event: 11.180 Thread 0x0000025721e9c000 DEOPT PACKING pc=0x0000025711f253d8 sp=0x00000075504fac60
Event: 11.180 Thread 0x0000025721e9c000 DEOPT UNPACKING pc=0x000002570a07662f sp=0x00000075504fab98 mode 2
Event: 11.180 Thread 0x0000025721e9c000 Uncommon trap: trap_request=0xffffffc6 fr.pc=0x0000025711f1596c relative=0x000000000000040c
Event: 11.180 Thread 0x0000025721e9c000 Uncommon trap: reason=bimorphic_or_optimized_type_check action=maybe_recompile pc=0x0000025711f1596c method=java.util.Collections.indexedBinarySearch(Ljava/util/List;Ljava/lang/Object;Ljava/util/Comparator;)I @ 3 c2
Event: 11.180 Thread 0x0000025721e9c000 DEOPT PACKING pc=0x0000025711f1596c sp=0x00000075504fabf0
Event: 11.180 Thread 0x0000025721e9c000 DEOPT UNPACKING pc=0x000002570a07662f sp=0x00000075504fab98 mode 2
Event: 11.423 Thread 0x0000025721e9c000 DEOPT PACKING pc=0x000002570b915255 sp=0x00000075504f9b90
Event: 11.423 Thread 0x0000025721e9c000 DEOPT UNPACKING pc=0x000002570a076dde sp=0x00000075504f90b0 mode 0

Classes redefined (0 events):
No events

Internal exceptions (20 events):
Event: 10.033 Thread 0x0000025721e9c000 Exception <a 'java/lang/IncompatibleClassChangeError'{0x000000008a962de0}: Found class java.lang.Object, but interface was expected> (0x000000008a962de0) thrown at [./src/hotspot/share/interpreter/linkResolver.cpp, line 839]
Event: 10.060 Thread 0x000002572329f000 Exception <a 'java/lang/NoSuchMethodError'{0x000000008a8bed98}: <clinit>> (0x000000008a8bed98) thrown at [./src/hotspot/share/prims/jni.cpp, line 1362]
Event: 10.060 Thread 0x0000025721e9c000 Exception <a 'java/lang/NoSuchMethodError'{0x000000008a874900}: 'java.lang.Object java.lang.invoke.DirectMethodHandle$Holder.invokeInterface(java.lang.Object, java.lang.Object, int)'> (0x000000008a874900) thrown at [./src/hotspot/share/interpreter/linkResolver.cpp, line 773]
Event: 10.061 Thread 0x0000025721e9c000 Exception <a 'java/lang/NoSuchMethodError'{0x000000008a8c2330}: 'void java.lang.invoke.DirectMethodHandle$Holder.invokeStatic(java.lang.Object, java.lang.Object, java.lang.Object, int)'> (0x000000008a8c2330) thrown at [./src/hotspot/share/interpreter/linkResolver.cpp, line 773]
Event: 10.092 Thread 0x0000025721e9c000 Exception <a 'java/lang/IncompatibleClassChangeError'{0x000000008a65c878}: Found class java.lang.Object, but interface was expected> (0x000000008a65c878) thrown at [./src/hotspot/share/interpreter/linkResolver.cpp, line 839]
Event: 10.104 Thread 0x0000025721e9c000 Exception <a 'java/lang/IncompatibleClassChangeError'{0x000000008a69cf48}: Found class java.lang.Object, but interface was expected> (0x000000008a69cf48) thrown at [./src/hotspot/share/interpreter/linkResolver.cpp, line 839]
Event: 10.128 Thread 0x0000025721e9c000 Exception <a 'java/lang/NoSuchMethodError'{0x000000008a4e4998}: 'int java.lang.invoke.DirectMethodHandle$Holder.invokeStaticInit(java.lang.Object, java.lang.Object, java.lang.Object, java.lang.Object, java.lang.Object)'> (0x000000008a4e4998) thrown at [./src/hotspot/share/interpreter/linkResolver.cpp, line 773]
Event: 10.294 Thread 0x0000025721e9c000 Exception <a 'java/lang/NoSuchMethodError'{0x0000000089b03480}: 'void java.lang.invoke.DirectMethodHandle$Holder.invokeStatic(java.lang.Object, java.lang.Object, java.lang.Object, java.lang.Object, int, java.lang.Object, java.lang.Object)'> (0x0000000089b03480) thrown at [./src/hotspot/share/interpreter/linkResolver.cpp, line 773]
Event: 10.316 Thread 0x000002572395d000 Exception <a 'java/lang/NoSuchMethodError'{0x000000008946e340}: 'java.lang.Object java.lang.invoke.DirectMethodHandle$Holder.invokeSpecialIFC(java.lang.Object, java.lang.Object, java.lang.Object)'> (0x000000008946e340) thrown at [./src/hotspot/share/interpreter/linkResolver.cpp, line 773]
Event: 10.316 Thread 0x000002572395a800 Exception <a 'java/lang/NoSuchMethodError'{0x00000000895fbea0}: 'java.lang.Object java.lang.invoke.DirectMethodHandle$Holder.invokeSpecialIFC(java.lang.Object, java.lang.Object, java.lang.Object)'> (0x00000000895fbea0) thrown at [./src/hotspot/share/interpreter/linkResolver.cpp, line 773]
Event: 10.316 Thread 0x000002572395c800 Exception <a 'java/lang/NoSuchMethodError'{0x0000000089498af0}: 'java.lang.Object java.lang.invoke.DirectMethodHandle$Holder.invokeSpecialIFC(java.lang.Object, java.lang.Object, java.lang.Object)'> (0x0000000089498af0) thrown at [./src/hotspot/share/interpreter/linkResolver.cpp, line 773]
Event: 10.316 Thread 0x0000025723959000 Exception <a 'java/lang/NoSuchMethodError'{0x00000000894614b8}: 'java.lang.Object java.lang.invoke.DirectMethodHandle$Holder.invokeSpecialIFC(java.lang.Object, java.lang.Object, java.lang.Object)'> (0x00000000894614b8) thrown at [./src/hotspot/share/interpreter/linkResolver.cpp, line 773]
Event: 10.316 Thread 0x0000025723963800 Exception <a 'java/lang/NoSuchMethodError'{0x00000000894812e8}: 'java.lang.Object java.lang.invoke.DirectMethodHandle$Holder.invokeSpecialIFC(java.lang.Object, java.lang.Object, java.lang.Object)'> (0x00000000894812e8) thrown at [./src/hotspot/share/interpreter/linkResolver.cpp, line 773]
Event: 10.316 Thread 0x0000025723966000 Exception <a 'java/lang/NoSuchMethodError'{0x000000008942e6a0}: 'java.lang.Object java.lang.invoke.DirectMethodHandle$Holder.invokeSpecialIFC(java.lang.Object, java.lang.Object, java.lang.Object)'> (0x000000008942e6a0) thrown at [./src/hotspot/share/interpreter/linkResolver.cpp, line 773]
Event: 10.476 Thread 0x0000025722731000 Exception <a 'java/lang/NoSuchMethodError'{0x0000000089662178}: 'void java.lang.invoke.DirectMethodHandle$Holder.invokeVirtual(java.lang.Object, java.lang.Object)'> (0x0000000089662178) thrown at [./src/hotspot/share/interpreter/linkResolver.cpp, line 773]
Event: 10.948 Thread 0x0000025721e9c000 Exception <a 'java/lang/NoSuchMethodError'{0x00000000894fe618}: <clinit>> (0x00000000894fe618) thrown at [./src/hotspot/share/prims/jni.cpp, line 1362]
Event: 10.949 Thread 0x0000025721e9c000 Exception <a 'java/lang/NoSuchMethodError'{0x00000000894ffc20}: <clinit>> (0x00000000894ffc20) thrown at [./src/hotspot/share/prims/jni.cpp, line 1362]
Event: 10.949 Thread 0x0000025721e9c000 Exception <a 'java/lang/NoSuchMethodError'{0x00000000893023b0}: <clinit>> (0x00000000893023b0) thrown at [./src/hotspot/share/prims/jni.cpp, line 1362]
Event: 10.950 Thread 0x0000025721e9c000 Exception <a 'java/lang/NoSuchMethodError'{0x0000000089319488}: <clinit>> (0x0000000089319488) thrown at [./src/hotspot/share/prims/jni.cpp, line 1362]
Event: 10.950 Thread 0x0000025721e9c000 Exception <a 'java/lang/NoSuchMethodError'{0x000000008931a968}: <clinit>> (0x000000008931a968) thrown at [./src/hotspot/share/prims/jni.cpp, line 1362]

Events (20 events):
Event: 11.671 loading class kotlin/reflect/jvm/internal/impl/serialization/deserialization/descriptors/DeserializedMemberDescriptor$CoroutinesCompatibilityMode done
Event: 11.671 loading class kotlin/String
Event: 11.671 loading class kotlin/String done
Event: 11.671 loading class kotlin/String
Event: 11.671 loading class kotlin/String done
Event: 11.672 loading class kotlin/reflect/jvm/internal/impl/descriptors/impl/ModuleAwareClassDescriptorKt
Event: 11.672 loading class kotlin/reflect/jvm/internal/impl/descriptors/impl/ModuleAwareClassDescriptorKt done
Event: 11.673 loading class kotlin/reflect/jvm/internal/impl/types/KotlinTypeFactory$simpleType$1
Event: 11.673 loading class kotlin/reflect/jvm/internal/impl/types/KotlinTypeFactory$simpleType$1 done
Event: 11.673 loading class kotlin/reflect/jvm/internal/impl/descriptors/impl/LazyClassReceiverParameterDescriptor
Event: 11.673 loading class kotlin/reflect/jvm/internal/impl/descriptors/impl/LazyClassReceiverParameterDescriptor done
Event: 11.674 loading class kotlin/reflect/jvm/internal/impl/descriptors/impl/AbstractReceiverParameterDescriptor
Event: 11.674 loading class kotlin/reflect/jvm/internal/impl/descriptors/impl/AbstractReceiverParameterDescriptor done
Event: 11.674 loading class kotlin/reflect/jvm/internal/impl/resolve/scopes/receivers/ImplicitClassReceiver
Event: 11.674 loading class kotlin/reflect/jvm/internal/impl/resolve/scopes/receivers/ImplicitClassReceiver done
Event: 11.675 loading class kotlin/reflect/jvm/internal/impl/resolve/scopes/receivers/ImplicitReceiver
Event: 11.675 loading class kotlin/reflect/jvm/internal/impl/resolve/scopes/receivers/ImplicitReceiver done
Event: 11.675 loading class kotlin/reflect/jvm/internal/impl/resolve/scopes/receivers/ThisClassReceiver
Event: 11.675 loading class kotlin/reflect/jvm/internal/impl/resolve/scopes/receivers/ThisClassReceiver done
Event: 11.675 Executing VM operation: G1CollectForAllocation


Dynamic libraries:
0x00007ff6458f0000 - 0x00007ff6458fa000 	D:\android\jre\bin\java.exe
0x00007fffa34f0000 - 0x00007fffa36e5000 	C:\WINDOWS\SYSTEM32\ntdll.dll
0x00007fffa2e10000 - 0x00007fffa2ece000 	C:\WINDOWS\System32\KERNEL32.DLL
0x00007fffa0d20000 - 0x00007fffa0fe8000 	C:\WINDOWS\System32\KERNELBASE.dll
0x00007fff9e440000 - 0x00007fff9e4d0000 	C:\WINDOWS\SYSTEM32\apphelp.dll
0x00007fffa1450000 - 0x00007fffa1550000 	C:\WINDOWS\System32\ucrtbase.dll
0x00007fff86170000 - 0x00007fff86189000 	D:\android\jre\bin\jli.dll
0x00007fff856c0000 - 0x00007fff856d7000 	D:\android\jre\bin\VCRUNTIME140.dll
0x00007fffa1550000 - 0x00007fffa16f0000 	C:\WINDOWS\System32\USER32.dll
0x00007fffa1290000 - 0x00007fffa12b2000 	C:\WINDOWS\System32\win32u.dll
0x00007fff86f80000 - 0x00007fff8721a000 	C:\WINDOWS\WinSxS\amd64_microsoft.windows.common-controls_6595b64144ccf1df_6.0.19041.1110_none_60b5254171f9507e\COMCTL32.dll
0x00007fffa32a0000 - 0x00007fffa32cb000 	C:\WINDOWS\System32\GDI32.dll
0x00007fffa2560000 - 0x00007fffa25fe000 	C:\WINDOWS\System32\msvcrt.dll
0x00007fffa0c10000 - 0x00007fffa0d1b000 	C:\WINDOWS\System32\gdi32full.dll
0x00007fffa1040000 - 0x00007fffa10dd000 	C:\WINDOWS\System32\msvcp_win.dll
0x00007fffa1d10000 - 0x00007fffa1d40000 	C:\WINDOWS\System32\IMM32.DLL
0x00007fff74cf0000 - 0x00007fff74d8d000 	D:\android\jre\bin\msvcp140.dll
0x00007fff51210000 - 0x00007fff51ce5000 	D:\android\jre\bin\server\jvm.dll
0x00007fffa2610000 - 0x00007fffa26be000 	C:\WINDOWS\System32\ADVAPI32.dll
0x00007fffa1c70000 - 0x00007fffa1d0c000 	C:\WINDOWS\System32\sechost.dll
0x00007fffa32d0000 - 0x00007fffa33f5000 	C:\WINDOWS\System32\RPCRT4.dll
0x00007fffa2550000 - 0x00007fffa2558000 	C:\WINDOWS\System32\PSAPI.DLL
0x00007fff98bc0000 - 0x00007fff98be7000 	C:\WINDOWS\SYSTEM32\WINMM.dll
0x00007fff99510000 - 0x00007fff9951a000 	C:\WINDOWS\SYSTEM32\VERSION.dll
0x00007fff8c160000 - 0x00007fff8c169000 	C:\WINDOWS\SYSTEM32\WSOCK32.dll
0x00007fffa2fd0000 - 0x00007fffa303b000 	C:\WINDOWS\System32\ws2_32.DLL
0x00007fff9eb00000 - 0x00007fff9eb12000 	C:\WINDOWS\SYSTEM32\kernel.appcore.dll
0x00007fff99e70000 - 0x00007fff99e81000 	D:\android\jre\bin\verify.dll
0x00007fff96650000 - 0x00007fff96834000 	C:\WINDOWS\SYSTEM32\DBGHELP.DLL
0x00007fff982b0000 - 0x00007fff982dc000 	C:\WINDOWS\SYSTEM32\dbgcore.DLL
0x00007fffa10e0000 - 0x00007fffa1162000 	C:\WINDOWS\System32\bcryptPrimitives.dll
0x00007fff99e40000 - 0x00007fff99e69000 	D:\android\jre\bin\java.dll
0x00007fff99e30000 - 0x00007fff99e3b000 	D:\android\jre\bin\jimage.dll
0x00007fff99e10000 - 0x00007fff99e28000 	D:\android\jre\bin\zip.dll
0x00007fffa26c0000 - 0x00007fffa2e04000 	C:\WINDOWS\System32\SHELL32.dll
0x00007fff9ed20000 - 0x00007fff9f4b4000 	C:\WINDOWS\SYSTEM32\windows.storage.dll
0x00007fffa1d40000 - 0x00007fffa2094000 	C:\WINDOWS\System32\combase.dll
0x00007fffa0670000 - 0x00007fffa069c000 	C:\WINDOWS\SYSTEM32\Wldp.dll
0x00007fffa3400000 - 0x00007fffa34ad000 	C:\WINDOWS\System32\SHCORE.dll
0x00007fffa2490000 - 0x00007fffa24e5000 	C:\WINDOWS\System32\shlwapi.dll
0x00007fffa0b50000 - 0x00007fffa0b6f000 	C:\WINDOWS\SYSTEM32\profapi.dll
0x00007fff99df0000 - 0x00007fff99e0a000 	D:\android\jre\bin\net.dll
0x00007fff9aea0000 - 0x00007fff9afa9000 	C:\WINDOWS\SYSTEM32\WINHTTP.dll
0x00007fffa0360000 - 0x00007fffa03ca000 	C:\WINDOWS\system32\mswsock.dll
0x00007fff99dd0000 - 0x00007fff99de4000 	D:\android\jre\bin\nio.dll
0x00007fff8a120000 - 0x00007fff8a147000 	C:\Users\anast\.gradle\native\e1d6ef7f7dcc3fd88c89a11ec53ec762bb8ba0a96d01ffa2cd45eb1d1d8dd5c5\windows-amd64\native-platform.dll
0x00007fff76fc0000 - 0x00007fff77104000 	C:\Users\anast\.gradle\native\5664cfc778a61ccfe75a443a1ab52a65af34e5dc3c78e0209fed803814484fcb\windows-amd64\native-platform-file-events.dll
0x00007fff99dc0000 - 0x00007fff99dca000 	D:\android\jre\bin\management.dll
0x00007fff99db0000 - 0x00007fff99dbd000 	D:\android\jre\bin\management_ext.dll
0x00007fffa0550000 - 0x00007fffa0568000 	C:\WINDOWS\SYSTEM32\CRYPTSP.dll
0x00007fff9fcd0000 - 0x00007fff9fd04000 	C:\WINDOWS\system32\rsaenh.dll
0x00007fffa12c0000 - 0x00007fffa12e7000 	C:\WINDOWS\System32\bcrypt.dll
0x00007fffa0ad0000 - 0x00007fffa0afe000 	C:\WINDOWS\SYSTEM32\USERENV.dll
0x00007fffa0570000 - 0x00007fffa057c000 	C:\WINDOWS\SYSTEM32\CRYPTBASE.dll
0x00007fffa0050000 - 0x00007fffa008b000 	C:\WINDOWS\SYSTEM32\IPHLPAPI.DLL
0x00007fffa3040000 - 0x00007fffa3048000 	C:\WINDOWS\System32\NSI.dll
0x00007fff99670000 - 0x00007fff99687000 	C:\WINDOWS\SYSTEM32\dhcpcsvc6.DLL
0x00007fff997f0000 - 0x00007fff9980d000 	C:\WINDOWS\SYSTEM32\dhcpcsvc.DLL
0x00007fffa0090000 - 0x00007fffa015a000 	C:\WINDOWS\SYSTEM32\DNSAPI.dll

dbghelp: loaded successfully - version: 4.0.5 - missing functions: none
symbol engine: initialized successfully - sym options: 0x614 - pdb path: .;D:\android\jre\bin;C:\WINDOWS\SYSTEM32;C:\WINDOWS\WinSxS\amd64_microsoft.windows.common-controls_6595b64144ccf1df_6.0.19041.1110_none_60b5254171f9507e;D:\android\jre\bin\server;C:\Users\anast\.gradle\native\e1d6ef7f7dcc3fd88c89a11ec53ec762bb8ba0a96d01ffa2cd45eb1d1d8dd5c5\windows-amd64;C:\Users\anast\.gradle\native\5664cfc778a61ccfe75a443a1ab52a65af34e5dc3c78e0209fed803814484fcb\windows-amd64

VM Arguments:
jvm_args: --add-opens=java.base/java.util=ALL-UNNAMED --add-opens=java.base/java.lang=ALL-UNNAMED --add-opens=java.base/java.lang.invoke=ALL-UNNAMED --add-opens=java.base/java.util=ALL-UNNAMED --add-opens=java.prefs/java.util.prefs=ALL-UNNAMED --add-opens=java.prefs/java.util.prefs=ALL-UNNAMED --add-opens=java.base/java.nio.charset=ALL-UNNAMED --add-opens=java.base/java.net=ALL-UNNAMED --add-opens=java.base/java.util.concurrent.atomic=ALL-UNNAMED -Xmx2048m -Dfile.encoding=UTF-8 -Duser.country=RU -Duser.language=ru -Duser.variant 
java_command: org.gradle.launcher.daemon.bootstrap.GradleDaemon 7.2
java_class_path (initial): C:\Users\anast\.gradle\wrapper\dists\gradle-7.2-bin\2dnblmf4td7x66yl1d74lt32g\gradle-7.2\lib\gradle-launcher-7.2.jar
Launcher Type: SUN_STANDARD

[Global flags]
     intx CICompilerCount                          = 3                                         {product} {ergonomic}
     uint ConcGCThreads                            = 2                                         {product} {ergonomic}
     uint G1ConcRefinementThreads                  = 6                                         {product} {ergonomic}
   size_t G1HeapRegionSize                         = 1048576                                   {product} {ergonomic}
    uintx GCDrainStackTargetSize                   = 64                                        {product} {ergonomic}
   size_t InitialHeapSize                          = 123731968                                 {product} {ergonomic}
   size_t MarkStackSize                            = 4194304                                   {product} {ergonomic}
   size_t MaxHeapSize                              = 2147483648                                {product} {command line}
   size_t MaxNewSize                               = 1287651328                                {product} {ergonomic}
   size_t MinHeapDeltaBytes                        = 1048576                                   {product} {ergonomic}
    uintx NonNMethodCodeHeapSize                   = 5830732                                {pd product} {ergonomic}
    uintx NonProfiledCodeHeapSize                  = 122913754                              {pd product} {ergonomic}
    uintx ProfiledCodeHeapSize                     = 122913754                              {pd product} {ergonomic}
    uintx ReservedCodeCacheSize                    = 251658240                              {pd product} {ergonomic}
     bool SegmentedCodeCache                       = true                                      {product} {ergonomic}
     bool UseCompressedClassPointers               = true                                 {lp64_product} {ergonomic}
     bool UseCompressedOops                        = true                                 {lp64_product} {ergonomic}
     bool UseG1GC                                  = true                                      {product} {ergonomic}
     bool UseLargePagesIndividualAllocation        = false                                  {pd product} {ergonomic}

Logging:
Log output configuration:
 #0: stdout all=warning uptime,level,tags
 #1: stderr all=off uptime,level,tags

Environment Variables:
PATH=C:\WINDOWS\system32;C:\WINDOWS;C:\WINDOWS\System32\Wbem;C:\WINDOWS\System32\WindowsPowerShell\v1.0\;C:\WINDOWS\System32\OpenSSH\;C:\Program Files\Microsoft SQL Server\130\Tools\Binn\;C:\Program Files\Intel\WiFi\bin\;C:\Program Files\Common Files\Intel\WirelessCommon\;C:\Program Files\Microsoft\Web Platform Installer\;C:\ProgramData\chocolatey\bin;C:\Python27\python.exe;C:\Program Files\Git\cmd;%NVM_HOME%;%NVM_SYMLINK%;C:\Users\anast\AppData\Local\Microsoft\WindowsApps;C:\Users\anast\AppData\Local\GitHubDesktop\bin;C:\Program Files\Intel\WiFi\bin\;C:\Program Files\Common Files\Intel\WirelessCommon\;C:\Users\anast\AppData\Local\Programs\Microsoft VS Code\bin;C:\Users\anast\AppData\Roaming\npm;C:\Users\anast\AppData\Roaming\nvm;C:\Program Files\nodejs
USERNAME=anast
OS=Windows_NT
PROCESSOR_IDENTIFIER=AMD64 Family 23 Model 96 Stepping 1, AuthenticAMD



---------------  S Y S T E M  ---------------

OS: Windows 10 , 64 bit Build 19041 (10.0.19041.1566)
OS uptime: 7 days 3:06 hours

CPU:total 6 (initial active 6) (6 cores per cpu, 1 threads per core) family 23 model 96 stepping 1 microcode 0x0, cmov, cx8, fxsr, mmx, sse, sse2, sse3, ssse3, sse4.1, sse4.2, popcnt, avx, avx2, aes, clmul, mmxext, 3dnowpref, lzcnt, sse4a, tsc, tscinvbit, tscinv, bmi1, bmi2, adx, sha, 

Memory: 4k page, system-wide physical 7549M (209M free)
TotalPageFile size 20349M (AvailPageFile size 7M)
current process WorkingSet (physical memory assigned to process): 375M, peak: 376M
current process commit charge ("private bytes"): 450M, peak: 485M

vm_info: OpenJDK 64-Bit Server VM (11.0.11+9-b60-7590822) for windows-amd64 JRE (11.0.11+9-b60-7590822), built on Jul 29 2021 21:43:44 by "builder" with MS VC++ 14.0 (VS2015)

END.
