#
# There is insufficient memory for the Java Runtime Environment to continue.
# Native memory allocation (malloc) failed to allocate 2037296 bytes for Chunk::new
# Possible reasons:
#   The system is out of physical RAM or swap space
#   The process is running with CompressedOops enabled, and the Java Heap may be blocking the growth of the native heap
# Possible solutions:
#   Reduce memory load on the system
#   Increase physical memory or swap space
#   Check if swap backing store is full
#   Decrease Java heap size (-Xmx/-Xms)
#   Decrease number of Java threads
#   Decrease Java thread stack sizes (-Xss)
#   Set larger code cache with -XX:ReservedCodeCacheSize=
#   JVM is running with Unscaled Compressed Oops mode in which the Java heap is
#     placed in the first 4GB address space. The Java Heap base address is the
#     maximum limit for the native heap growth. Please use -XX:HeapBaseMinAddress
#     to set the Java Heap base and to place the Java Heap above 4GB virtual address.
# This output file may be truncated or incomplete.
#
#  Out of Memory Error (./src/hotspot/share/memory/arena.cpp:197), pid=14796, tid=8144
#
# JRE version: OpenJDK Runtime Environment (11.0.11+9) (build 11.0.11+9-b60-7590822)
# Java VM: OpenJDK 64-Bit Server VM (11.0.11+9-b60-7590822, mixed mode, tiered, compressed oops, g1 gc, windows-amd64)
# No core dump will be written. Minidumps are not enabled by default on client versions of Windows
#

---------------  S U M M A R Y ------------

Command Line: --add-opens=java.base/java.util=ALL-UNNAMED --add-opens=java.base/java.lang=ALL-UNNAMED --add-opens=java.base/java.lang.invoke=ALL-UNNAMED --add-opens=java.base/java.util=ALL-UNNAMED --add-opens=java.prefs/java.util.prefs=ALL-UNNAMED --add-opens=java.prefs/java.util.prefs=ALL-UNNAMED --add-opens=java.base/java.nio.charset=ALL-UNNAMED --add-opens=java.base/java.net=ALL-UNNAMED --add-opens=java.base/java.util.concurrent.atomic=ALL-UNNAMED -Xmx2048m -Dfile.encoding=UTF-8 -Duser.country=RU -Duser.language=ru -Duser.variant org.gradle.launcher.daemon.bootstrap.GradleDaemon 7.2

Host: AMD Ryzen 5 4500U with Radeon Graphics         , 6 cores, 7G,  Windows 10 , 64 bit Build 19041 (10.0.19041.1566)
Time: Wed May  4 18:03:13 2022 Финляндия (лето) elapsed time: 534.178402 seconds (0d 0h 8m 54s)

---------------  T H R E A D  ---------------

Current thread (0x000002bc31a9f800):  JavaThread "C2 CompilerThread0" daemon [_thread_in_native, id=8144, stack(0x000000d71f300000,0x000000d71f400000)]


Current CompileTask:
C2: 534178 15265       4       org.gradle.internal.snapshot.AbstractListChildMap::store (72 bytes)

Stack: [0x000000d71f300000,0x000000d71f400000]
Native frames: (J=compiled Java code, j=interpreted, Vv=VM code, C=native code)
V  [jvm.dll+0x5f214a]
V  [jvm.dll+0x726fb5]
V  [jvm.dll+0x7285cd]
V  [jvm.dll+0x728c83]
V  [jvm.dll+0x243278]
V  [jvm.dll+0xbc53c]
V  [jvm.dll+0xbca3c]
V  [jvm.dll+0x353e3b]
V  [jvm.dll+0x321893]
V  [jvm.dll+0x320d8a]
V  [jvm.dll+0x1fc1e2]
V  [jvm.dll+0x1fb3d4]
V  [jvm.dll+0x183d6c]
V  [jvm.dll+0x209a57]
V  [jvm.dll+0x2082a1]
V  [jvm.dll+0x6ef58f]
V  [jvm.dll+0x6e80b5]
V  [jvm.dll+0x5f1036]
C  [ucrtbase.dll+0x21bb2]
C  [KERNEL32.DLL+0x17034]
C  [ntdll.dll+0x52651]


---------------  P R O C E S S  ---------------

Threads class SMR info:
_java_thread_list=0x000002bc3c1d2920, length=117, elements={
0x000002bc17a4d000, 0x000002bc31a76000, 0x000002bc31a77800, 0x000002bc31a98000,
0x000002bc31a9b000, 0x000002bc31a9c000, 0x000002bc31a9f800, 0x000002bc31aa8800,
0x000002bc31aaa800, 0x000002bc3256f800, 0x000002bc3256e800, 0x000002bc32570000,
0x000002bc32571800, 0x000002bc338b2000, 0x000002bc338b7000, 0x000002bc338b8000,
0x000002bc338b9000, 0x000002bc338b9800, 0x000002bc338be800, 0x000002bc338bd000,
0x000002bc338bf800, 0x000002bc338bb000, 0x000002bc37b2f800, 0x000002bc3463a800,
0x000002bc3463b800, 0x000002bc34635800, 0x000002bc3463e000, 0x000002bc3bdb2800,
0x000002bc3bdb0000, 0x000002bc3bdb3800, 0x000002bc3bdb1800, 0x000002bc3bdad800,
0x000002bc3bdb4000, 0x000002bc3bdae800, 0x000002bc3bdb1000, 0x000002bc3bdb8000,
0x000002bc3bdb5000, 0x000002bc3bdba800, 0x000002bc3bdb6800, 0x000002bc3bdb7800,
0x000002bc3bdb9000, 0x000002bc3bdbb800, 0x000002bc3bdba000, 0x000002bc3bdb5800,
0x000002bc3bdbc800, 0x000002bc37b2d000, 0x000002bc37b31000, 0x000002bc37b2c800,
0x000002bc37b32000, 0x000002bc37b2f000, 0x000002bc37b33000, 0x000002bc37b33800,
0x000002bc37b30800, 0x000002bc37b2e000, 0x000002bc37b3a000, 0x000002bc37b37000,
0x000002bc37b34800, 0x000002bc37b38000, 0x000002bc37b36000, 0x000002bc37b38800,
0x000002bc37b39800, 0x000002bc37b3b000, 0x000002bc34638000, 0x000002bc3463c000,
0x000002bc34636800, 0x000002bc34639800, 0x000002bc3463d000, 0x000002bc34639000,
0x000002bc34637800, 0x000002bc3463e800, 0x000002bc34640800, 0x000002bc34644800,
0x000002bc34643800, 0x000002bc34641000, 0x000002bc34642800, 0x000002bc338b4000,
0x000002bc338b4800, 0x000002bc338b3000, 0x000002bc338ba800, 0x000002bc338b5800,
0x000002bc338b6800, 0x000002bc338c1000, 0x000002bc32571000, 0x000002bc32572800,
0x000002bc3256d800, 0x000002bc32573800, 0x000002bc32574000, 0x000002bc381ed000,
0x000002bc381ee000, 0x000002bc381ef800, 0x000002bc381ee800, 0x000002bc381f2000,
0x000002bc381f0800, 0x000002bc381f1000, 0x000002bc381ec800, 0x000002bc381f5000,
0x000002bc381f4800, 0x000002bc381f6000, 0x000002bc381f7000, 0x000002bc381f7800,
0x000002bc381f3800, 0x000002bc381f8800, 0x000002bc381f3000, 0x000002bc381fb000,
0x000002bc381f9800, 0x000002bc381fa000, 0x000002bc39e4e000, 0x000002bc39e52800,
0x000002bc39e53000, 0x000002bc39e54800, 0x000002bc39e50800, 0x000002bc39e50000,
0x000002bc39e54000, 0x000002bc39e4f000, 0x000002bc39e55800, 0x000002bc39e57000,
0x000002bc39e56800
}

Java Threads: ( => current thread )
  0x000002bc17a4d000 JavaThread "main" [_thread_blocked, id=2168, stack(0x000000d71e700000,0x000000d71e800000)]
  0x000002bc31a76000 JavaThread "Reference Handler" daemon [_thread_blocked, id=3220, stack(0x000000d71ee00000,0x000000d71ef00000)]
  0x000002bc31a77800 JavaThread "Finalizer" daemon [_thread_blocked, id=4804, stack(0x000000d71ef00000,0x000000d71f000000)]
  0x000002bc31a98000 JavaThread "Signal Dispatcher" daemon [_thread_blocked, id=8116, stack(0x000000d71f000000,0x000000d71f100000)]
  0x000002bc31a9b000 JavaThread "Attach Listener" daemon [_thread_blocked, id=17924, stack(0x000000d71f100000,0x000000d71f200000)]
  0x000002bc31a9c000 JavaThread "Service Thread" daemon [_thread_blocked, id=15164, stack(0x000000d71f200000,0x000000d71f300000)]
=>0x000002bc31a9f800 JavaThread "C2 CompilerThread0" daemon [_thread_in_native, id=8144, stack(0x000000d71f300000,0x000000d71f400000)]
  0x000002bc31aa8800 JavaThread "C1 CompilerThread0" daemon [_thread_blocked, id=16136, stack(0x000000d71f400000,0x000000d71f500000)]
  0x000002bc31aaa800 JavaThread "Sweeper thread" daemon [_thread_blocked, id=18180, stack(0x000000d71f500000,0x000000d71f600000)]
  0x000002bc3256f800 JavaThread "Common-Cleaner" daemon [_thread_blocked, id=11188, stack(0x000000d71f600000,0x000000d71f700000)]
  0x000002bc3256e800 JavaThread "Daemon health stats" [_thread_blocked, id=16028, stack(0x000000d71fa00000,0x000000d71fb00000)]
  0x000002bc32570000 JavaThread "Incoming local TCP Connector on port 51658" [_thread_in_native, id=13604, stack(0x000000d71f800000,0x000000d71f900000)]
  0x000002bc32571800 JavaThread "Daemon periodic checks" [_thread_blocked, id=11812, stack(0x000000d71fb00000,0x000000d71fc00000)]
  0x000002bc338b2000 JavaThread "Cache worker for journal cache (C:\Users\anast\.gradle\caches\journal-1)" [_thread_blocked, id=14684, stack(0x000000d720700000,0x000000d720800000)]
  0x000002bc338b7000 JavaThread "File lock request listener" [_thread_in_native, id=11220, stack(0x000000d720800000,0x000000d720900000)]
  0x000002bc338b8000 JavaThread "Cache worker for file hash cache (C:\Users\anast\.gradle\caches\7.2\fileHashes)" [_thread_blocked, id=8768, stack(0x000000d720900000,0x000000d720a00000)]
  0x000002bc338b9000 JavaThread "File watcher server" daemon [_thread_in_native, id=8240, stack(0x000000d720d00000,0x000000d720e00000)]
  0x000002bc338b9800 JavaThread "File watcher consumer" daemon [_thread_blocked, id=6604, stack(0x000000d720e00000,0x000000d720f00000)]
  0x000002bc338be800 JavaThread "Cache worker for execution history cache (C:\Users\anast\.gradle\caches\7.2\executionHistory)" [_thread_blocked, id=19424, stack(0x000000d721200000,0x000000d721300000)]
  0x000002bc338bd000 JavaThread "jar transforms" [_thread_blocked, id=2500, stack(0x000000d721300000,0x000000d721400000)]
  0x000002bc338bf800 JavaThread "Cache worker for file content cache (C:\Users\anast\.gradle\caches\7.2\fileContent)" [_thread_blocked, id=2720, stack(0x000000d721400000,0x000000d721500000)]
  0x000002bc338bb000 JavaThread "jar transforms Thread 2" [_thread_blocked, id=14328, stack(0x000000d721500000,0x000000d721600000)]
  0x000002bc37b2f800 JavaThread "jar transforms Thread 3" [_thread_blocked, id=17544, stack(0x000000d721700000,0x000000d721800000)]
  0x000002bc3463a800 JavaThread "jar transforms Thread 4" [_thread_blocked, id=16216, stack(0x000000d725500000,0x000000d725600000)]
  0x000002bc3463b800 JavaThread "jar transforms Thread 5" [_thread_blocked, id=3688, stack(0x000000d725600000,0x000000d725700000)]
  0x000002bc34635800 JavaThread "jar transforms Thread 6" [_thread_blocked, id=19168, stack(0x000000d725700000,0x000000d725800000)]
  0x000002bc3463e000 JavaThread "Memory manager" [_thread_blocked, id=12272, stack(0x000000d725800000,0x000000d725900000)]
  0x000002bc3bdb2800 JavaThread "Daemon Thread 4" [_thread_blocked, id=17480, stack(0x000000d71e400000,0x000000d71e500000)]
  0x000002bc3bdb0000 JavaThread "Handler for socket connection from /127.0.0.1:51658 to /127.0.0.1:52243" [_thread_in_native, id=16808, stack(0x000000d71e500000,0x000000d71e600000)]
  0x000002bc3bdb3800 JavaThread "Cancel handler" [_thread_blocked, id=2032, stack(0x000000d71e600000,0x000000d71e700000)]
  0x000002bc3bdb1800 JavaThread "Daemon worker Thread 4" [_thread_blocked, id=11004, stack(0x000000d71fc00000,0x000000d71fd00000)]
  0x000002bc3bdad800 JavaThread "Asynchronous log dispatcher for DefaultDaemonConnection: socket connection from /127.0.0.1:51658 to /127.0.0.1:52243" [_thread_blocked, id=10436, stack(0x000000d71fd00000,0x000000d71fe00000)]
  0x000002bc3bdb4000 JavaThread "Stdin handler" [_thread_blocked, id=3500, stack(0x000000d71fe00000,0x000000d71ff00000)]
  0x000002bc3bdae800 JavaThread "Daemon client event forwarder" [_thread_blocked, id=5968, stack(0x000000d71ff00000,0x000000d720000000)]
  0x000002bc3bdb1000 JavaThread "Cache worker for file hash cache (D:\weatherApp\.gradle\7.2\fileHashes)" [_thread_blocked, id=17988, stack(0x000000d720400000,0x000000d720500000)]
  0x000002bc3bdb8000 JavaThread "Cache worker for checksums cache (D:\weatherApp\.gradle\checksums)" [_thread_blocked, id=17816, stack(0x000000d720500000,0x000000d720600000)]
  0x000002bc3bdb5000 JavaThread "Cache worker for cache directory md-supplier (C:\Users\anast\.gradle\caches\7.2\md-supplier)" [_thread_blocked, id=19260, stack(0x000000d720600000,0x000000d720700000)]
  0x000002bc3bdba800 JavaThread "Cache worker for cache directory md-rule (C:\Users\anast\.gradle\caches\7.2\md-rule)" [_thread_blocked, id=9560, stack(0x000000d720b00000,0x000000d720c00000)]
  0x000002bc3bdb6800 JavaThread "Cache worker for dependencies-accessors (D:\weatherApp\.gradle\7.2\dependencies-accessors)" [_thread_blocked, id=8196, stack(0x000000d720f00000,0x000000d721000000)]
  0x000002bc3bdb7800 JavaThread "Cache worker for Build Output Cleanup Cache (D:\weatherApp\.gradle\buildOutputCleanup)" [_thread_blocked, id=16684, stack(0x000000d721000000,0x000000d721100000)]
  0x000002bc3bdb9000 JavaThread "Unconstrained build operations" [_thread_blocked, id=6680, stack(0x000000d721100000,0x000000d721200000)]
  0x000002bc3bdbb800 JavaThread "Unconstrained build operations Thread 2" [_thread_blocked, id=19400, stack(0x000000d721600000,0x000000d721700000)]
  0x000002bc3bdba000 JavaThread "Unconstrained build operations Thread 3" [_thread_blocked, id=16300, stack(0x000000d721800000,0x000000d721900000)]
  0x000002bc3bdb5800 JavaThread "Unconstrained build operations Thread 4" [_thread_blocked, id=8428, stack(0x000000d721900000,0x000000d721a00000)]
  0x000002bc3bdbc800 JavaThread "Unconstrained build operations Thread 5" [_thread_blocked, id=14216, stack(0x000000d721a00000,0x000000d721b00000)]
  0x000002bc37b2d000 JavaThread "Unconstrained build operations Thread 6" [_thread_blocked, id=14712, stack(0x000000d721b00000,0x000000d721c00000)]
  0x000002bc37b31000 JavaThread "Unconstrained build operations Thread 7" [_thread_blocked, id=18128, stack(0x000000d721c00000,0x000000d721d00000)]
  0x000002bc37b2c800 JavaThread "Unconstrained build operations Thread 8" [_thread_blocked, id=436, stack(0x000000d721d00000,0x000000d721e00000)]
  0x000002bc37b32000 JavaThread "Unconstrained build operations Thread 9" [_thread_blocked, id=15620, stack(0x000000d721e00000,0x000000d721f00000)]
  0x000002bc37b2f000 JavaThread "Unconstrained build operations Thread 10" [_thread_blocked, id=12800, stack(0x000000d721f00000,0x000000d722000000)]
  0x000002bc37b33000 JavaThread "Unconstrained build operations Thread 11" [_thread_blocked, id=16552, stack(0x000000d722000000,0x000000d722100000)]
  0x000002bc37b33800 JavaThread "Unconstrained build operations Thread 12" [_thread_blocked, id=19016, stack(0x000000d722100000,0x000000d722200000)]
  0x000002bc37b30800 JavaThread "Unconstrained build operations Thread 13" [_thread_blocked, id=16760, stack(0x000000d722200000,0x000000d722300000)]
  0x000002bc37b2e000 JavaThread "Unconstrained build operations Thread 14" [_thread_blocked, id=4652, stack(0x000000d722300000,0x000000d722400000)]
  0x000002bc37b3a000 JavaThread "Unconstrained build operations Thread 15" [_thread_blocked, id=8380, stack(0x000000d722400000,0x000000d722500000)]
  0x000002bc37b37000 JavaThread "Unconstrained build operations Thread 16" [_thread_blocked, id=7600, stack(0x000000d722500000,0x000000d722600000)]
  0x000002bc37b34800 JavaThread "Unconstrained build operations Thread 17" [_thread_blocked, id=1044, stack(0x000000d722600000,0x000000d722700000)]
  0x000002bc37b38000 JavaThread "Unconstrained build operations Thread 18" [_thread_blocked, id=8688, stack(0x000000d722700000,0x000000d722800000)]
  0x000002bc37b36000 JavaThread "Unconstrained build operations Thread 19" [_thread_blocked, id=18140, stack(0x000000d722800000,0x000000d722900000)]
  0x000002bc37b38800 JavaThread "Unconstrained build operations Thread 20" [_thread_blocked, id=16228, stack(0x000000d722900000,0x000000d722a00000)]
  0x000002bc37b39800 JavaThread "Unconstrained build operations Thread 21" [_thread_blocked, id=15156, stack(0x000000d722a00000,0x000000d722b00000)]
  0x000002bc37b3b000 JavaThread "Unconstrained build operations Thread 22" [_thread_blocked, id=3580, stack(0x000000d722b00000,0x000000d722c00000)]
  0x000002bc34638000 JavaThread "Unconstrained build operations Thread 23" [_thread_blocked, id=3360, stack(0x000000d722c00000,0x000000d722d00000)]
  0x000002bc3463c000 JavaThread "Unconstrained build operations Thread 24" [_thread_blocked, id=4288, stack(0x000000d722d00000,0x000000d722e00000)]
  0x000002bc34636800 JavaThread "Unconstrained build operations Thread 25" [_thread_blocked, id=10708, stack(0x000000d722e00000,0x000000d722f00000)]
  0x000002bc34639800 JavaThread "Unconstrained build operations Thread 26" [_thread_blocked, id=19296, stack(0x000000d722f00000,0x000000d723000000)]
  0x000002bc3463d000 JavaThread "Unconstrained build operations Thread 27" [_thread_blocked, id=9712, stack(0x000000d723000000,0x000000d723100000)]
  0x000002bc34639000 JavaThread "Unconstrained build operations Thread 28" [_thread_blocked, id=16312, stack(0x000000d723100000,0x000000d723200000)]
  0x000002bc34637800 JavaThread "Unconstrained build operations Thread 29" [_thread_blocked, id=19288, stack(0x000000d723200000,0x000000d723300000)]
  0x000002bc3463e800 JavaThread "Unconstrained build operations Thread 30" [_thread_blocked, id=19244, stack(0x000000d723300000,0x000000d723400000)]
  0x000002bc34640800 JavaThread "Unconstrained build operations Thread 31" [_thread_blocked, id=15656, stack(0x000000d723400000,0x000000d723500000)]
  0x000002bc34644800 JavaThread "Unconstrained build operations Thread 32" [_thread_blocked, id=15572, stack(0x000000d723500000,0x000000d723600000)]
  0x000002bc34643800 JavaThread "Unconstrained build operations Thread 33" [_thread_blocked, id=2768, stack(0x000000d723600000,0x000000d723700000)]
  0x000002bc34641000 JavaThread "Unconstrained build operations Thread 34" [_thread_blocked, id=12716, stack(0x000000d723700000,0x000000d723800000)]
  0x000002bc34642800 JavaThread "Unconstrained build operations Thread 35" [_thread_blocked, id=16112, stack(0x000000d723800000,0x000000d723900000)]
  0x000002bc338b4000 JavaThread "Unconstrained build operations Thread 36" [_thread_blocked, id=3492, stack(0x000000d723900000,0x000000d723a00000)]
  0x000002bc338b4800 JavaThread "Unconstrained build operations Thread 37" [_thread_blocked, id=7720, stack(0x000000d723a00000,0x000000d723b00000)]
  0x000002bc338b3000 JavaThread "Unconstrained build operations Thread 38" [_thread_blocked, id=2292, stack(0x000000d723b00000,0x000000d723c00000)]
  0x000002bc338ba800 JavaThread "Unconstrained build operations Thread 39" [_thread_blocked, id=13080, stack(0x000000d723c00000,0x000000d723d00000)]
  0x000002bc338b5800 JavaThread "Unconstrained build operations Thread 40" [_thread_blocked, id=14824, stack(0x000000d723d00000,0x000000d723e00000)]
  0x000002bc338b6800 JavaThread "Unconstrained build operations Thread 41" [_thread_blocked, id=16016, stack(0x000000d723e00000,0x000000d723f00000)]
  0x000002bc338c1000 JavaThread "Unconstrained build operations Thread 42" [_thread_blocked, id=14732, stack(0x000000d723f00000,0x000000d724000000)]
  0x000002bc32571000 JavaThread "Unconstrained build operations Thread 43" [_thread_blocked, id=19220, stack(0x000000d724000000,0x000000d724100000)]
  0x000002bc32572800 JavaThread "Unconstrained build operations Thread 44" [_thread_blocked, id=7948, stack(0x000000d724100000,0x000000d724200000)]
  0x000002bc3256d800 JavaThread "Unconstrained build operations Thread 45" [_thread_blocked, id=9188, stack(0x000000d724200000,0x000000d724300000)]
  0x000002bc32573800 JavaThread "Unconstrained build operations Thread 46" [_thread_blocked, id=12776, stack(0x000000d724300000,0x000000d724400000)]
  0x000002bc32574000 JavaThread "Unconstrained build operations Thread 47" [_thread_blocked, id=18832, stack(0x000000d724400000,0x000000d724500000)]
  0x000002bc381ed000 JavaThread "Unconstrained build operations Thread 48" [_thread_blocked, id=11068, stack(0x000000d724500000,0x000000d724600000)]
  0x000002bc381ee000 JavaThread "Unconstrained build operations Thread 49" [_thread_blocked, id=16420, stack(0x000000d724600000,0x000000d724700000)]
  0x000002bc381ef800 JavaThread "Unconstrained build operations Thread 50" [_thread_blocked, id=17092, stack(0x000000d724700000,0x000000d724800000)]
  0x000002bc381ee800 JavaThread "Unconstrained build operations Thread 51" [_thread_blocked, id=15052, stack(0x000000d724800000,0x000000d724900000)]
  0x000002bc381f2000 JavaThread "Unconstrained build operations Thread 52" [_thread_blocked, id=13832, stack(0x000000d724900000,0x000000d724a00000)]
  0x000002bc381f0800 JavaThread "Unconstrained build operations Thread 53" [_thread_blocked, id=16988, stack(0x000000d724a00000,0x000000d724b00000)]
  0x000002bc381f1000 JavaThread "Unconstrained build operations Thread 54" [_thread_blocked, id=5944, stack(0x000000d724b00000,0x000000d724c00000)]
  0x000002bc381ec800 JavaThread "Unconstrained build operations Thread 55" [_thread_blocked, id=15760, stack(0x000000d724c00000,0x000000d724d00000)]
  0x000002bc381f5000 JavaThread "Unconstrained build operations Thread 56" [_thread_blocked, id=1072, stack(0x000000d724d00000,0x000000d724e00000)]
  0x000002bc381f4800 JavaThread "Unconstrained build operations Thread 57" [_thread_blocked, id=7968, stack(0x000000d724e00000,0x000000d724f00000)]
  0x000002bc381f6000 JavaThread "Unconstrained build operations Thread 58" [_thread_blocked, id=5132, stack(0x000000d724f00000,0x000000d725000000)]
  0x000002bc381f7000 JavaThread "Unconstrained build operations Thread 59" [_thread_blocked, id=18256, stack(0x000000d725000000,0x000000d725100000)]
  0x000002bc381f7800 JavaThread "Unconstrained build operations Thread 60" [_thread_blocked, id=16068, stack(0x000000d725100000,0x000000d725200000)]
  0x000002bc381f3800 JavaThread "build event listener" [_thread_blocked, id=7916, stack(0x000000d725200000,0x000000d725300000)]
  0x000002bc381f8800 JavaThread "Execution worker for ':'" [_thread_blocked, id=16816, stack(0x000000d725300000,0x000000d725400000)]
  0x000002bc381f3000 JavaThread "Execution worker for ':' Thread 2" [_thread_blocked, id=9272, stack(0x000000d725400000,0x000000d725500000)]
  0x000002bc381fb000 JavaThread "Execution worker for ':' Thread 3" [_thread_blocked, id=7748, stack(0x000000d725900000,0x000000d725a00000)]
  0x000002bc381f9800 JavaThread "Execution worker for ':' Thread 4" [_thread_blocked, id=4368, stack(0x000000d725a00000,0x000000d725b00000)]
  0x000002bc381fa000 JavaThread "Execution worker for ':' Thread 5" [_thread_blocked, id=2596, stack(0x000000d725b00000,0x000000d725c00000)]
  0x000002bc39e4e000 JavaThread "Cache worker for execution history cache (D:\weatherApp\.gradle\7.2\executionHistory)" [_thread_blocked, id=18236, stack(0x000000d725c00000,0x000000d725d00000)]
  0x000002bc39e52800 JavaThread "WorkerExecutor Queue" [_thread_blocked, id=9800, stack(0x000000d725d00000,0x000000d725e00000)]
  0x000002bc39e53000 JavaThread "RMI Scheduler(0)" daemon [_thread_blocked, id=12536, stack(0x000000d725e00000,0x000000d725f00000)]
  0x000002bc39e54800 JavaThread "RMI RenewClean-[127.0.0.1:17598,org.jetbrains.kotlin.daemon.common.LoopbackNetworkInterface$ClientLoopbackSocketFactory@54159c23]" daemon [_thread_blocked, id=13984, stack(0x000000d725f00000,0x000000d726000000)]
  0x000002bc39e50800 JavaThread "RMI GC Daemon" daemon [_thread_blocked, id=18588, stack(0x000000d726000000,0x000000d726100000)]
  0x000002bc39e50000 JavaThread "RMI TCP Accept-0" daemon [_thread_in_native, id=17836, stack(0x000000d726100000,0x000000d726200000)]
  0x000002bc39e54000 JavaThread "RMI Reaper" [_thread_blocked, id=4344, stack(0x000000d726200000,0x000000d726300000)]
  0x000002bc39e4f000 JavaThread "RMI TCP Connection(1)-127.0.0.1" daemon [_thread_in_native, id=8424, stack(0x000000d726300000,0x000000d726400000)]
  0x000002bc39e55800 JavaThread "WorkerExecutor Queue Thread 2" [_thread_blocked, id=3432, stack(0x000000d726400000,0x000000d726500000)]
  0x000002bc39e57000 JavaThread "WorkerExecutor Queue Thread 3" [_thread_blocked, id=7184, stack(0x000000d726500000,0x000000d726600000)]
  0x000002bc39e56800 JavaThread "WorkerExecutor Queue Thread 4" [_thread_blocked, id=1488, stack(0x000000d726600000,0x000000d726700000)]

Other Threads:
  0x000002bc31a71800 VMThread "VM Thread" [stack: 0x000000d71ed00000,0x000000d71ee00000] [id=15328]
  0x000002bc32576800 WatcherThread [stack: 0x000000d71f700000,0x000000d71f800000] [id=14728]
  0x000002bc17a65800 GCTaskThread "GC Thread#0" [stack: 0x000000d71e800000,0x000000d71e900000] [id=10944]
  0x000002bc3310e800 GCTaskThread "GC Thread#1" [stack: 0x000000d71f900000,0x000000d71fa00000] [id=7180]
  0x000002bc35236800 GCTaskThread "GC Thread#2" [stack: 0x000000d720000000,0x000000d720100000] [id=12008]
  0x000002bc35729000 GCTaskThread "GC Thread#3" [stack: 0x000000d720100000,0x000000d720200000] [id=6572]
  0x000002bc33789800 GCTaskThread "GC Thread#4" [stack: 0x000000d720200000,0x000000d720300000] [id=18656]
  0x000002bc35221800 GCTaskThread "GC Thread#5" [stack: 0x000000d720300000,0x000000d720400000] [id=16604]
  0x000002bc17a96800 ConcurrentGCThread "G1 Main Marker" [stack: 0x000000d71e900000,0x000000d71ea00000] [id=15960]
  0x000002bc17a98000 ConcurrentGCThread "G1 Conc#0" [stack: 0x000000d71ea00000,0x000000d71eb00000] [id=8992]
  0x000002bc33e97800 ConcurrentGCThread "G1 Conc#1" [stack: 0x000000d720a00000,0x000000d720b00000] [id=14416]
  0x000002bc17b1d800 ConcurrentGCThread "G1 Refine#0" [stack: 0x000000d71eb00000,0x000000d71ec00000] [id=16916]
  0x000002bc3dc9e800 ConcurrentGCThread "G1 Refine#1" [stack: 0x000000d720c00000,0x000000d720d00000] [id=19048]
  0x000002bc318c2800 ConcurrentGCThread "G1 Young RemSet Sampling" [stack: 0x000000d71ec00000,0x000000d71ed00000] [id=18576]

Threads with active compile tasks:
C2 CompilerThread0 534223 15265       4       org.gradle.internal.snapshot.AbstractListChildMap::store (72 bytes)
C1 CompilerThread0 534224 15309   !   2       java.io.ObjectInputStream$BlockDataInputStream::readBlockHeader (249 bytes)

VM state:at safepoint (normal execution)

VM Mutex/Monitor currently owned by a thread:  ([mutex/lock_event])
[0x000002bc17a49050] Threads_lock - owner thread: 0x000002bc31a71800
[0x000002bc17a48f30] Heap_lock - owner thread: 0x000002bc39e56800

Heap address: 0x0000000080000000, size: 2048 MB, Compressed Oops mode: 32-bit
Narrow klass base: 0x0000000000000000, Narrow klass shift: 3
Compressed class space size: 1073741824 Address: 0x0000000100000000

Heap:
 garbage-first heap   total 210944K, used 172446K [0x0000000080000000, 0x0000000100000000)
  region size 1024K, 84 young (86016K), 8 survivors (8192K)
 Metaspace       used 98348K, capacity 100993K, committed 101244K, reserved 1136640K
  class space    used 12553K, capacity 13535K, committed 13568K, reserved 1048576K
Heap Regions: E=young(eden), S=young(survivor), O=old, HS=humongous(starts), HC=humongous(continues), CS=collection set, F=free, A=archive, TAMS=top-at-mark-start (previous, next)
|   0|0x0000000080000000, 0x0000000080100000, 0x0000000080100000|100%| O|  |TAMS 0x0000000080100000, 0x0000000080000000| Untracked 
|   1|0x0000000080100000, 0x0000000080200000, 0x0000000080200000|100%| O|  |TAMS 0x0000000080200000, 0x0000000080100000| Untracked 
|   2|0x0000000080200000, 0x0000000080300000, 0x0000000080300000|100%| O|  |TAMS 0x0000000080300000, 0x0000000080200000| Untracked 
|   3|0x0000000080300000, 0x0000000080400000, 0x0000000080400000|100%|HS|  |TAMS 0x0000000080400000, 0x0000000080300000| Complete 
|   4|0x0000000080400000, 0x0000000080500000, 0x0000000080500000|100%|HC|  |TAMS 0x0000000080500000, 0x0000000080400000| Complete 
|   5|0x0000000080500000, 0x0000000080600000, 0x0000000080600000|100%|HC|  |TAMS 0x0000000080600000, 0x0000000080500000| Complete 
|   6|0x0000000080600000, 0x0000000080700000, 0x0000000080700000|100%| O|  |TAMS 0x0000000080700000, 0x0000000080600000| Untracked 
|   7|0x0000000080700000, 0x0000000080800000, 0x0000000080800000|100%| O|  |TAMS 0x0000000080800000, 0x0000000080700000| Untracked 
|   8|0x0000000080800000, 0x0000000080900000, 0x0000000080900000|100%| O|  |TAMS 0x0000000080900000, 0x0000000080800000| Untracked 
|   9|0x0000000080900000, 0x0000000080a00000, 0x0000000080a00000|100%| O|  |TAMS 0x0000000080a00000, 0x0000000080900000| Untracked 
|  10|0x0000000080a00000, 0x0000000080b00000, 0x0000000080b00000|100%| O|  |TAMS 0x0000000080b00000, 0x0000000080a00000| Untracked 
|  11|0x0000000080b00000, 0x0000000080c00000, 0x0000000080c00000|100%| O|  |TAMS 0x0000000080c00000, 0x0000000080b00000| Untracked 
|  12|0x0000000080c00000, 0x0000000080d00000, 0x0000000080d00000|100%| O|  |TAMS 0x0000000080d00000, 0x0000000080c00000| Untracked 
|  13|0x0000000080d00000, 0x0000000080e00000, 0x0000000080e00000|100%| O|  |TAMS 0x0000000080e00000, 0x0000000080d00000| Untracked 
|  14|0x0000000080e00000, 0x0000000080f00000, 0x0000000080f00000|100%| O|  |TAMS 0x0000000080f00000, 0x0000000080e00000| Untracked 
|  15|0x0000000080f00000, 0x0000000081000000, 0x0000000081000000|100%| O|  |TAMS 0x0000000081000000, 0x0000000080f00000| Untracked 
|  16|0x0000000081000000, 0x0000000081100000, 0x0000000081100000|100%| O|  |TAMS 0x0000000081100000, 0x0000000081000000| Untracked 
|  17|0x0000000081100000, 0x0000000081200000, 0x0000000081200000|100%| O|  |TAMS 0x0000000081200000, 0x0000000081100000| Untracked 
|  18|0x0000000081200000, 0x0000000081300000, 0x0000000081300000|100%| O|  |TAMS 0x0000000081300000, 0x0000000081200000| Untracked 
|  19|0x0000000081300000, 0x0000000081400000, 0x0000000081400000|100%|HS|  |TAMS 0x0000000081400000, 0x0000000081300000| Complete 
|  20|0x0000000081400000, 0x0000000081500000, 0x0000000081500000|100%| O|  |TAMS 0x0000000081500000, 0x0000000081400000| Untracked 
|  21|0x0000000081500000, 0x0000000081600000, 0x0000000081600000|100%| O|  |TAMS 0x0000000081600000, 0x0000000081500000| Untracked 
|  22|0x0000000081600000, 0x0000000081700000, 0x0000000081700000|100%| O|  |TAMS 0x0000000081700000, 0x0000000081600000| Untracked 
|  23|0x0000000081700000, 0x0000000081800000, 0x0000000081800000|100%| O|  |TAMS 0x0000000081800000, 0x0000000081700000| Untracked 
|  24|0x0000000081800000, 0x0000000081900000, 0x0000000081900000|100%| O|  |TAMS 0x0000000081900000, 0x0000000081800000| Untracked 
|  25|0x0000000081900000, 0x0000000081a00000, 0x0000000081a00000|100%| O|  |TAMS 0x0000000081a00000, 0x0000000081900000| Untracked 
|  26|0x0000000081a00000, 0x0000000081b00000, 0x0000000081b00000|100%| O|  |TAMS 0x0000000081b00000, 0x0000000081a00000| Untracked 
|  27|0x0000000081b00000, 0x0000000081c00000, 0x0000000081c00000|100%|HS|  |TAMS 0x0000000081c00000, 0x0000000081b00000| Complete 
|  28|0x0000000081c00000, 0x0000000081d00000, 0x0000000081d00000|100%|HS|  |TAMS 0x0000000081d00000, 0x0000000081c00000| Complete 
|  29|0x0000000081d00000, 0x0000000081e00000, 0x0000000081e00000|100%|HS|  |TAMS 0x0000000081e00000, 0x0000000081d00000| Complete 
|  30|0x0000000081e00000, 0x0000000081f00000, 0x0000000081f00000|100%|HS|  |TAMS 0x0000000081f00000, 0x0000000081e00000| Complete 
|  31|0x0000000081f00000, 0x0000000082000000, 0x0000000082000000|100%|HC|  |TAMS 0x0000000082000000, 0x0000000081f00000| Complete 
|  32|0x0000000082000000, 0x0000000082100000, 0x0000000082100000|100%|HC|  |TAMS 0x0000000082100000, 0x0000000082000000| Complete 
|  33|0x0000000082100000, 0x0000000082200000, 0x0000000082200000|100%|HS|  |TAMS 0x0000000082200000, 0x0000000082100000| Complete 
|  34|0x0000000082200000, 0x0000000082300000, 0x0000000082300000|100%|HC|  |TAMS 0x0000000082300000, 0x0000000082200000| Complete 
|  35|0x0000000082300000, 0x0000000082400000, 0x0000000082400000|100%| O|  |TAMS 0x0000000082400000, 0x0000000082300000| Untracked 
|  36|0x0000000082400000, 0x0000000082500000, 0x0000000082500000|100%| O|  |TAMS 0x0000000082500000, 0x0000000082400000| Untracked 
|  37|0x0000000082500000, 0x0000000082600000, 0x0000000082600000|100%| O|  |TAMS 0x0000000082600000, 0x0000000082500000| Untracked 
|  38|0x0000000082600000, 0x0000000082700000, 0x0000000082700000|100%| O|  |TAMS 0x0000000082700000, 0x0000000082600000| Untracked 
|  39|0x0000000082700000, 0x0000000082800000, 0x0000000082800000|100%| O|  |TAMS 0x0000000082800000, 0x0000000082700000| Untracked 
|  40|0x0000000082800000, 0x0000000082900000, 0x0000000082900000|100%| O|  |TAMS 0x0000000082900000, 0x0000000082800000| Untracked 
|  41|0x0000000082900000, 0x0000000082a00000, 0x0000000082a00000|100%| O|  |TAMS 0x0000000082a00000, 0x0000000082900000| Untracked 
|  42|0x0000000082a00000, 0x0000000082b00000, 0x0000000082b00000|100%| O|  |TAMS 0x0000000082b00000, 0x0000000082a00000| Untracked 
|  43|0x0000000082b00000, 0x0000000082c00000, 0x0000000082c00000|100%| O|  |TAMS 0x0000000082c00000, 0x0000000082b00000| Untracked 
|  44|0x0000000082c00000, 0x0000000082d00000, 0x0000000082d00000|100%| O|  |TAMS 0x0000000082d00000, 0x0000000082c00000| Untracked 
|  45|0x0000000082d00000, 0x0000000082e00000, 0x0000000082e00000|100%| O|  |TAMS 0x0000000082e00000, 0x0000000082d00000| Untracked 
|  46|0x0000000082e00000, 0x0000000082f00000, 0x0000000082f00000|100%| O|  |TAMS 0x0000000082f00000, 0x0000000082e00000| Untracked 
|  47|0x0000000082f00000, 0x0000000083000000, 0x0000000083000000|100%| O|  |TAMS 0x0000000083000000, 0x0000000082f00000| Untracked 
|  48|0x0000000083000000, 0x0000000083100000, 0x0000000083100000|100%| O|  |TAMS 0x0000000083100000, 0x0000000083000000| Untracked 
|  49|0x0000000083100000, 0x0000000083200000, 0x0000000083200000|100%| O|  |TAMS 0x0000000083200000, 0x0000000083100000| Untracked 
|  50|0x0000000083200000, 0x0000000083300000, 0x0000000083300000|100%| O|  |TAMS 0x0000000083300000, 0x0000000083200000| Untracked 
|  51|0x0000000083300000, 0x0000000083400000, 0x0000000083400000|100%| O|  |TAMS 0x0000000083400000, 0x0000000083300000| Untracked 
|  52|0x0000000083400000, 0x0000000083500000, 0x0000000083500000|100%| O|  |TAMS 0x0000000083500000, 0x0000000083400000| Untracked 
|  53|0x0000000083500000, 0x0000000083600000, 0x0000000083600000|100%| O|  |TAMS 0x0000000083600000, 0x0000000083500000| Untracked 
|  54|0x0000000083600000, 0x0000000083700000, 0x0000000083700000|100%| O|  |TAMS 0x0000000083700000, 0x0000000083600000| Untracked 
|  55|0x0000000083700000, 0x0000000083800000, 0x0000000083800000|100%| O|  |TAMS 0x0000000083800000, 0x0000000083700000| Untracked 
|  56|0x0000000083800000, 0x0000000083900000, 0x0000000083900000|100%| O|  |TAMS 0x0000000083900000, 0x0000000083800000| Untracked 
|  57|0x0000000083900000, 0x0000000083a00000, 0x0000000083a00000|100%| O|  |TAMS 0x0000000083a00000, 0x0000000083900000| Untracked 
|  58|0x0000000083a00000, 0x0000000083b00000, 0x0000000083b00000|100%| O|  |TAMS 0x0000000083b00000, 0x0000000083a00000| Untracked 
|  59|0x0000000083b00000, 0x0000000083c00000, 0x0000000083c00000|100%| O|  |TAMS 0x0000000083c00000, 0x0000000083b00000| Untracked 
|  60|0x0000000083c00000, 0x0000000083d00000, 0x0000000083d00000|100%| O|  |TAMS 0x0000000083d00000, 0x0000000083c00000| Untracked 
|  61|0x0000000083d00000, 0x0000000083e00000, 0x0000000083e00000|100%| O|  |TAMS 0x0000000083e00000, 0x0000000083d00000| Untracked 
|  62|0x0000000083e00000, 0x0000000083f00000, 0x0000000083f00000|100%| O|  |TAMS 0x0000000083f00000, 0x0000000083e00000| Untracked 
|  63|0x0000000083f00000, 0x0000000084000000, 0x0000000084000000|100%| O|  |TAMS 0x0000000084000000, 0x0000000083f00000| Untracked 
|  64|0x0000000084000000, 0x0000000084100000, 0x0000000084100000|100%| O|  |TAMS 0x0000000084100000, 0x0000000084000000| Untracked 
|  65|0x0000000084100000, 0x0000000084200000, 0x0000000084200000|100%| O|  |TAMS 0x0000000084200000, 0x0000000084100000| Untracked 
|  66|0x0000000084200000, 0x0000000084300000, 0x0000000084300000|100%| O|  |TAMS 0x0000000084300000, 0x0000000084200000| Untracked 
|  67|0x0000000084300000, 0x0000000084400000, 0x0000000084400000|100%| O|  |TAMS 0x0000000084400000, 0x0000000084300000| Untracked 
|  68|0x0000000084400000, 0x0000000084500000, 0x0000000084500000|100%| O|  |TAMS 0x0000000084500000, 0x0000000084400000| Untracked 
|  69|0x0000000084500000, 0x0000000084600000, 0x0000000084600000|100%| O|  |TAMS 0x0000000084600000, 0x0000000084500000| Untracked 
|  70|0x0000000084600000, 0x0000000084700000, 0x0000000084700000|100%| O|  |TAMS 0x0000000084700000, 0x0000000084600000| Untracked 
|  71|0x0000000084700000, 0x0000000084800000, 0x0000000084800000|100%| O|  |TAMS 0x0000000084800000, 0x0000000084700000| Untracked 
|  72|0x0000000084800000, 0x0000000084900000, 0x0000000084900000|100%| O|  |TAMS 0x0000000084900000, 0x0000000084800000| Untracked 
|  73|0x0000000084900000, 0x0000000084a00000, 0x0000000084a00000|100%| O|  |TAMS 0x0000000084a00000, 0x0000000084900000| Untracked 
|  74|0x0000000084a00000, 0x0000000084b00000, 0x0000000084b00000|100%| O|  |TAMS 0x0000000084b00000, 0x0000000084a00000| Untracked 
|  75|0x0000000084b00000, 0x0000000084c00000, 0x0000000084c00000|100%| O|  |TAMS 0x0000000084c00000, 0x0000000084b00000| Untracked 
|  76|0x0000000084c00000, 0x0000000084d00000, 0x0000000084d00000|100%| O|  |TAMS 0x0000000084ceb600, 0x0000000084c00000| Untracked 
|  77|0x0000000084d00000, 0x0000000084e00000, 0x0000000084e00000|100%| O|  |TAMS 0x0000000084d00000, 0x0000000084d00000| Untracked 
|  78|0x0000000084e00000, 0x0000000084f00000, 0x0000000084f00000|100%| O|  |TAMS 0x0000000084e00000, 0x0000000084e00000| Untracked 
|  79|0x0000000084f00000, 0x0000000085000000, 0x0000000085000000|100%| O|  |TAMS 0x0000000084f00000, 0x0000000084f00000| Untracked 
|  80|0x0000000085000000, 0x0000000085100000, 0x0000000085100000|100%| O|  |TAMS 0x0000000085000000, 0x0000000085000000| Untracked 
|  81|0x0000000085100000, 0x0000000085200000, 0x0000000085200000|100%| O|  |TAMS 0x0000000085100000, 0x0000000085100000| Untracked 
|  82|0x0000000085200000, 0x0000000085300000, 0x0000000085300000|100%| O|  |TAMS 0x0000000085200000, 0x0000000085200000| Untracked 
|  83|0x0000000085300000, 0x0000000085400000, 0x0000000085400000|100%| O|  |TAMS 0x0000000085300000, 0x0000000085300000| Untracked 
|  84|0x0000000085400000, 0x0000000085500000, 0x0000000085500000|100%| O|  |TAMS 0x0000000085400000, 0x0000000085400000| Untracked 
|  85|0x0000000085500000, 0x0000000085600000, 0x0000000085600000|100%| O|  |TAMS 0x0000000085500000, 0x0000000085500000| Untracked 
|  86|0x0000000085600000, 0x0000000085700000, 0x0000000085700000|100%| O|  |TAMS 0x0000000085600000, 0x0000000085600000| Untracked 
|  87|0x0000000085700000, 0x0000000085800000, 0x0000000085800000|100%| O|  |TAMS 0x0000000085700000, 0x0000000085700000| Untracked 
|  88|0x0000000085800000, 0x0000000085886200, 0x0000000085900000| 52%| O|  |TAMS 0x0000000085800000, 0x0000000085800000| Untracked 
|  89|0x0000000085900000, 0x0000000085900000, 0x0000000085a00000|  0%| F|  |TAMS 0x0000000085900000, 0x0000000085900000| Untracked 
|  90|0x0000000085a00000, 0x0000000085a00000, 0x0000000085b00000|  0%| F|  |TAMS 0x0000000085a00000, 0x0000000085a00000| Untracked 
|  91|0x0000000085b00000, 0x0000000085b00000, 0x0000000085c00000|  0%| F|  |TAMS 0x0000000085b00000, 0x0000000085b00000| Untracked 
|  92|0x0000000085c00000, 0x0000000085c00000, 0x0000000085d00000|  0%| F|  |TAMS 0x0000000085c00000, 0x0000000085c00000| Untracked 
|  93|0x0000000085d00000, 0x0000000085d00000, 0x0000000085e00000|  0%| F|  |TAMS 0x0000000085d00000, 0x0000000085d00000| Untracked 
|  94|0x0000000085e00000, 0x0000000085e00000, 0x0000000085f00000|  0%| F|  |TAMS 0x0000000085e00000, 0x0000000085e00000| Untracked 
|  95|0x0000000085f00000, 0x0000000085f00000, 0x0000000086000000|  0%| F|  |TAMS 0x0000000085f00000, 0x0000000085f00000| Untracked 
|  96|0x0000000086000000, 0x0000000086000000, 0x0000000086100000|  0%| F|  |TAMS 0x0000000086000000, 0x0000000086000000| Untracked 
|  97|0x0000000086100000, 0x0000000086100000, 0x0000000086200000|  0%| F|  |TAMS 0x0000000086100000, 0x0000000086100000| Untracked 
|  98|0x0000000086200000, 0x0000000086200000, 0x0000000086300000|  0%| F|  |TAMS 0x0000000086200000, 0x0000000086200000| Untracked 
|  99|0x0000000086300000, 0x0000000086300000, 0x0000000086400000|  0%| F|  |TAMS 0x0000000086300000, 0x0000000086300000| Untracked 
| 100|0x0000000086400000, 0x0000000086400000, 0x0000000086500000|  0%| F|  |TAMS 0x0000000086400000, 0x0000000086400000| Untracked 
| 101|0x0000000086500000, 0x0000000086500000, 0x0000000086600000|  0%| F|  |TAMS 0x0000000086500000, 0x0000000086500000| Untracked 
| 102|0x0000000086600000, 0x0000000086600000, 0x0000000086700000|  0%| F|  |TAMS 0x0000000086600000, 0x0000000086600000| Untracked 
| 103|0x0000000086700000, 0x0000000086700000, 0x0000000086800000|  0%| F|  |TAMS 0x0000000086700000, 0x0000000086700000| Untracked 
| 104|0x0000000086800000, 0x0000000086800000, 0x0000000086900000|  0%| F|  |TAMS 0x0000000086800000, 0x0000000086800000| Untracked 
| 105|0x0000000086900000, 0x0000000086900000, 0x0000000086a00000|  0%| F|  |TAMS 0x0000000086900000, 0x0000000086900000| Untracked 
| 106|0x0000000086a00000, 0x0000000086a00000, 0x0000000086b00000|  0%| F|  |TAMS 0x0000000086a00000, 0x0000000086a00000| Untracked 
| 107|0x0000000086b00000, 0x0000000086b00000, 0x0000000086c00000|  0%| F|  |TAMS 0x0000000086b00000, 0x0000000086b00000| Untracked 
| 108|0x0000000086c00000, 0x0000000086c00000, 0x0000000086d00000|  0%| F|  |TAMS 0x0000000086c00000, 0x0000000086c00000| Untracked 
| 109|0x0000000086d00000, 0x0000000086d00000, 0x0000000086e00000|  0%| F|  |TAMS 0x0000000086d00000, 0x0000000086d00000| Untracked 
| 110|0x0000000086e00000, 0x0000000086e00000, 0x0000000086f00000|  0%| F|  |TAMS 0x0000000086e00000, 0x0000000086e00000| Untracked 
| 111|0x0000000086f00000, 0x0000000086f00000, 0x0000000087000000|  0%| F|  |TAMS 0x0000000086f00000, 0x0000000086f00000| Untracked 
| 112|0x0000000087000000, 0x0000000087000000, 0x0000000087100000|  0%| F|  |TAMS 0x0000000087000000, 0x0000000087000000| Untracked 
| 113|0x0000000087100000, 0x0000000087100000, 0x0000000087200000|  0%| F|  |TAMS 0x0000000087100000, 0x0000000087100000| Untracked 
| 114|0x0000000087200000, 0x0000000087200000, 0x0000000087300000|  0%| F|  |TAMS 0x0000000087200000, 0x0000000087200000| Untracked 
| 115|0x0000000087300000, 0x0000000087300000, 0x0000000087400000|  0%| F|  |TAMS 0x0000000087300000, 0x0000000087300000| Untracked 
| 116|0x0000000087400000, 0x0000000087400000, 0x0000000087500000|  0%| F|  |TAMS 0x0000000087400000, 0x0000000087400000| Untracked 
| 117|0x0000000087500000, 0x0000000087540e40, 0x0000000087600000| 25%| S|  |TAMS 0x0000000087500000, 0x0000000087500000| Complete 
| 118|0x0000000087600000, 0x0000000087700000, 0x0000000087700000|100%| S|  |TAMS 0x0000000087600000, 0x0000000087600000| Complete 
| 119|0x0000000087700000, 0x0000000087800000, 0x0000000087800000|100%| S|  |TAMS 0x0000000087700000, 0x0000000087700000| Complete 
| 120|0x0000000087800000, 0x0000000087900000, 0x0000000087900000|100%| S|  |TAMS 0x0000000087800000, 0x0000000087800000| Complete 
| 121|0x0000000087900000, 0x0000000087a00000, 0x0000000087a00000|100%| S|  |TAMS 0x0000000087900000, 0x0000000087900000| Complete 
| 122|0x0000000087a00000, 0x0000000087b00000, 0x0000000087b00000|100%| S|  |TAMS 0x0000000087a00000, 0x0000000087a00000| Complete 
| 123|0x0000000087b00000, 0x0000000087be1840, 0x0000000087c00000| 88%| E|CS|TAMS 0x0000000087b00000, 0x0000000087b00000| Complete 
| 124|0x0000000087c00000, 0x0000000087d00000, 0x0000000087d00000|100%| E|CS|TAMS 0x0000000087c00000, 0x0000000087c00000| Complete 
| 125|0x0000000087d00000, 0x0000000087e00000, 0x0000000087e00000|100%| S|  |TAMS 0x0000000087d00000, 0x0000000087d00000| Complete 
| 126|0x0000000087e00000, 0x0000000087f00000, 0x0000000087f00000|100%| S|  |TAMS 0x0000000087e00000, 0x0000000087e00000| Complete 
| 127|0x0000000087f00000, 0x0000000088000000, 0x0000000088000000|100%| S|  |TAMS 0x0000000087f00000, 0x0000000087f00000| Complete 
| 128|0x0000000088000000, 0x0000000088100000, 0x0000000088100000|100%| E|CS|TAMS 0x0000000088000000, 0x0000000088000000| Complete 
| 129|0x0000000088100000, 0x0000000088200000, 0x0000000088200000|100%| E|CS|TAMS 0x0000000088100000, 0x0000000088100000| Complete 
| 130|0x0000000088200000, 0x0000000088300000, 0x0000000088300000|100%| E|CS|TAMS 0x0000000088200000, 0x0000000088200000| Complete 
| 131|0x0000000088300000, 0x0000000088400000, 0x0000000088400000|100%| E|CS|TAMS 0x0000000088300000, 0x0000000088300000| Complete 
| 132|0x0000000088400000, 0x0000000088500000, 0x0000000088500000|100%| E|CS|TAMS 0x0000000088400000, 0x0000000088400000| Complete 
| 133|0x0000000088500000, 0x0000000088600000, 0x0000000088600000|100%| E|CS|TAMS 0x0000000088500000, 0x0000000088500000| Complete 
| 134|0x0000000088600000, 0x0000000088700000, 0x0000000088700000|100%| E|CS|TAMS 0x0000000088600000, 0x0000000088600000| Complete 
| 135|0x0000000088700000, 0x0000000088800000, 0x0000000088800000|100%| E|CS|TAMS 0x0000000088700000, 0x0000000088700000| Complete 
| 136|0x0000000088800000, 0x0000000088900000, 0x0000000088900000|100%| E|CS|TAMS 0x0000000088800000, 0x0000000088800000| Complete 
| 137|0x0000000088900000, 0x0000000088a00000, 0x0000000088a00000|100%| E|CS|TAMS 0x0000000088900000, 0x0000000088900000| Complete 
| 138|0x0000000088a00000, 0x0000000088b00000, 0x0000000088b00000|100%| E|CS|TAMS 0x0000000088a00000, 0x0000000088a00000| Complete 
| 139|0x0000000088b00000, 0x0000000088c00000, 0x0000000088c00000|100%| E|CS|TAMS 0x0000000088b00000, 0x0000000088b00000| Complete 
| 140|0x0000000088c00000, 0x0000000088d00000, 0x0000000088d00000|100%| E|CS|TAMS 0x0000000088c00000, 0x0000000088c00000| Complete 
| 141|0x0000000088d00000, 0x0000000088e00000, 0x0000000088e00000|100%| E|CS|TAMS 0x0000000088d00000, 0x0000000088d00000| Complete 
| 142|0x0000000088e00000, 0x0000000088f00000, 0x0000000088f00000|100%| E|CS|TAMS 0x0000000088e00000, 0x0000000088e00000| Complete 
| 143|0x0000000088f00000, 0x0000000089000000, 0x0000000089000000|100%| E|CS|TAMS 0x0000000088f00000, 0x0000000088f00000| Complete 
| 144|0x0000000089000000, 0x0000000089100000, 0x0000000089100000|100%| E|CS|TAMS 0x0000000089000000, 0x0000000089000000| Complete 
| 145|0x0000000089100000, 0x0000000089200000, 0x0000000089200000|100%| E|CS|TAMS 0x0000000089100000, 0x0000000089100000| Complete 
| 146|0x0000000089200000, 0x0000000089300000, 0x0000000089300000|100%| E|CS|TAMS 0x0000000089200000, 0x0000000089200000| Complete 
| 147|0x0000000089300000, 0x0000000089400000, 0x0000000089400000|100%| E|CS|TAMS 0x0000000089300000, 0x0000000089300000| Complete 
| 148|0x0000000089400000, 0x0000000089500000, 0x0000000089500000|100%| E|CS|TAMS 0x0000000089400000, 0x0000000089400000| Complete 
| 149|0x0000000089500000, 0x0000000089600000, 0x0000000089600000|100%| E|CS|TAMS 0x0000000089500000, 0x0000000089500000| Complete 
| 150|0x0000000089600000, 0x0000000089700000, 0x0000000089700000|100%| E|CS|TAMS 0x0000000089600000, 0x0000000089600000| Complete 
| 151|0x0000000089700000, 0x0000000089800000, 0x0000000089800000|100%| E|CS|TAMS 0x0000000089700000, 0x0000000089700000| Complete 
| 152|0x0000000089800000, 0x0000000089900000, 0x0000000089900000|100%| E|CS|TAMS 0x0000000089800000, 0x0000000089800000| Complete 
| 153|0x0000000089900000, 0x0000000089a00000, 0x0000000089a00000|100%| E|CS|TAMS 0x0000000089900000, 0x0000000089900000| Complete 
| 154|0x0000000089a00000, 0x0000000089b00000, 0x0000000089b00000|100%| E|CS|TAMS 0x0000000089a00000, 0x0000000089a00000| Complete 
| 155|0x0000000089b00000, 0x0000000089c00000, 0x0000000089c00000|100%| E|CS|TAMS 0x0000000089b00000, 0x0000000089b00000| Complete 
| 156|0x0000000089c00000, 0x0000000089d00000, 0x0000000089d00000|100%| E|CS|TAMS 0x0000000089c00000, 0x0000000089c00000| Complete 
| 157|0x0000000089d00000, 0x0000000089e00000, 0x0000000089e00000|100%| E|CS|TAMS 0x0000000089d00000, 0x0000000089d00000| Complete 
| 158|0x0000000089e00000, 0x0000000089f00000, 0x0000000089f00000|100%| E|CS|TAMS 0x0000000089e00000, 0x0000000089e00000| Complete 
| 159|0x0000000089f00000, 0x000000008a000000, 0x000000008a000000|100%| E|CS|TAMS 0x0000000089f00000, 0x0000000089f00000| Complete 
| 160|0x000000008a000000, 0x000000008a100000, 0x000000008a100000|100%| E|CS|TAMS 0x000000008a000000, 0x000000008a000000| Complete 
| 161|0x000000008a100000, 0x000000008a200000, 0x000000008a200000|100%| E|CS|TAMS 0x000000008a100000, 0x000000008a100000| Complete 
| 162|0x000000008a200000, 0x000000008a300000, 0x000000008a300000|100%| E|CS|TAMS 0x000000008a200000, 0x000000008a200000| Complete 
| 163|0x000000008a300000, 0x000000008a400000, 0x000000008a400000|100%| E|CS|TAMS 0x000000008a300000, 0x000000008a300000| Complete 
| 164|0x000000008a400000, 0x000000008a500000, 0x000000008a500000|100%| E|CS|TAMS 0x000000008a400000, 0x000000008a400000| Complete 
| 165|0x000000008a500000, 0x000000008a600000, 0x000000008a600000|100%| E|CS|TAMS 0x000000008a500000, 0x000000008a500000| Complete 
| 166|0x000000008a600000, 0x000000008a700000, 0x000000008a700000|100%| E|CS|TAMS 0x000000008a600000, 0x000000008a600000| Complete 
| 167|0x000000008a700000, 0x000000008a800000, 0x000000008a800000|100%| E|CS|TAMS 0x000000008a700000, 0x000000008a700000| Complete 
| 168|0x000000008a800000, 0x000000008a900000, 0x000000008a900000|100%| E|CS|TAMS 0x000000008a800000, 0x000000008a800000| Complete 
| 169|0x000000008a900000, 0x000000008aa00000, 0x000000008aa00000|100%| E|CS|TAMS 0x000000008a900000, 0x000000008a900000| Complete 
| 170|0x000000008aa00000, 0x000000008ab00000, 0x000000008ab00000|100%| E|CS|TAMS 0x000000008aa00000, 0x000000008aa00000| Complete 
| 171|0x000000008ab00000, 0x000000008ac00000, 0x000000008ac00000|100%| E|CS|TAMS 0x000000008ab00000, 0x000000008ab00000| Complete 
| 172|0x000000008ac00000, 0x000000008ad00000, 0x000000008ad00000|100%| E|CS|TAMS 0x000000008ac00000, 0x000000008ac00000| Complete 
| 173|0x000000008ad00000, 0x000000008ae00000, 0x000000008ae00000|100%| E|CS|TAMS 0x000000008ad00000, 0x000000008ad00000| Complete 
| 174|0x000000008ae00000, 0x000000008af00000, 0x000000008af00000|100%| E|CS|TAMS 0x000000008ae00000, 0x000000008ae00000| Complete 
| 175|0x000000008af00000, 0x000000008b000000, 0x000000008b000000|100%| E|CS|TAMS 0x000000008af00000, 0x000000008af00000| Complete 
| 176|0x000000008b000000, 0x000000008b100000, 0x000000008b100000|100%| E|CS|TAMS 0x000000008b000000, 0x000000008b000000| Complete 
| 177|0x000000008b100000, 0x000000008b200000, 0x000000008b200000|100%| E|CS|TAMS 0x000000008b100000, 0x000000008b100000| Complete 
| 178|0x000000008b200000, 0x000000008b300000, 0x000000008b300000|100%| E|CS|TAMS 0x000000008b200000, 0x000000008b200000| Complete 
| 179|0x000000008b300000, 0x000000008b400000, 0x000000008b400000|100%| E|CS|TAMS 0x000000008b300000, 0x000000008b300000| Complete 
| 180|0x000000008b400000, 0x000000008b500000, 0x000000008b500000|100%| E|CS|TAMS 0x000000008b400000, 0x000000008b400000| Complete 
| 181|0x000000008b500000, 0x000000008b600000, 0x000000008b600000|100%| E|CS|TAMS 0x000000008b500000, 0x000000008b500000| Complete 
| 182|0x000000008b600000, 0x000000008b700000, 0x000000008b700000|100%| E|CS|TAMS 0x000000008b600000, 0x000000008b600000| Complete 
| 183|0x000000008b700000, 0x000000008b800000, 0x000000008b800000|100%| E|CS|TAMS 0x000000008b700000, 0x000000008b700000| Complete 
| 184|0x000000008b800000, 0x000000008b900000, 0x000000008b900000|100%| E|CS|TAMS 0x000000008b800000, 0x000000008b800000| Complete 
| 185|0x000000008b900000, 0x000000008ba00000, 0x000000008ba00000|100%| E|CS|TAMS 0x000000008b900000, 0x000000008b900000| Complete 
| 186|0x000000008ba00000, 0x000000008bb00000, 0x000000008bb00000|100%| E|CS|TAMS 0x000000008ba00000, 0x000000008ba00000| Complete 
| 187|0x000000008bb00000, 0x000000008bc00000, 0x000000008bc00000|100%| E|CS|TAMS 0x000000008bb00000, 0x000000008bb00000| Complete 
| 188|0x000000008bc00000, 0x000000008bd00000, 0x000000008bd00000|100%| E|CS|TAMS 0x000000008bc00000, 0x000000008bc00000| Complete 
| 189|0x000000008bd00000, 0x000000008be00000, 0x000000008be00000|100%| E|CS|TAMS 0x000000008bd00000, 0x000000008bd00000| Complete 
| 190|0x000000008be00000, 0x000000008bf00000, 0x000000008bf00000|100%| E|CS|TAMS 0x000000008be00000, 0x000000008be00000| Complete 
| 191|0x000000008bf00000, 0x000000008c000000, 0x000000008c000000|100%| E|CS|TAMS 0x000000008bf00000, 0x000000008bf00000| Complete 
| 192|0x000000008c000000, 0x000000008c100000, 0x000000008c100000|100%| E|CS|TAMS 0x000000008c000000, 0x000000008c000000| Complete 
| 193|0x000000008c100000, 0x000000008c200000, 0x000000008c200000|100%| E|CS|TAMS 0x000000008c100000, 0x000000008c100000| Complete 
| 194|0x000000008c200000, 0x000000008c300000, 0x000000008c300000|100%| E|CS|TAMS 0x000000008c200000, 0x000000008c200000| Complete 
| 195|0x000000008c300000, 0x000000008c400000, 0x000000008c400000|100%| E|CS|TAMS 0x000000008c300000, 0x000000008c300000| Complete 
| 196|0x000000008c400000, 0x000000008c500000, 0x000000008c500000|100%| E|CS|TAMS 0x000000008c400000, 0x000000008c400000| Complete 
| 197|0x000000008c500000, 0x000000008c600000, 0x000000008c600000|100%| E|CS|TAMS 0x000000008c500000, 0x000000008c500000| Complete 
| 198|0x000000008c600000, 0x000000008c700000, 0x000000008c700000|100%| E|CS|TAMS 0x000000008c600000, 0x000000008c600000| Complete 
| 199|0x000000008c700000, 0x000000008c800000, 0x000000008c800000|100%| E|CS|TAMS 0x000000008c700000, 0x000000008c700000| Complete 
| 200|0x000000008c800000, 0x000000008c900000, 0x000000008c900000|100%| E|CS|TAMS 0x000000008c800000, 0x000000008c800000| Complete 
| 201|0x000000008c900000, 0x000000008ca00000, 0x000000008ca00000|100%| E|CS|TAMS 0x000000008c900000, 0x000000008c900000| Complete 
| 202|0x000000008ca00000, 0x000000008cb00000, 0x000000008cb00000|100%| E|CS|TAMS 0x000000008ca00000, 0x000000008ca00000| Complete 
| 203|0x000000008cb00000, 0x000000008cc00000, 0x000000008cc00000|100%| E|CS|TAMS 0x000000008cb00000, 0x000000008cb00000| Complete 
| 204|0x000000008cc00000, 0x000000008cd00000, 0x000000008cd00000|100%| E|CS|TAMS 0x000000008cc00000, 0x000000008cc00000| Complete 
| 205|0x000000008cd00000, 0x000000008ce00000, 0x000000008ce00000|100%| E|CS|TAMS 0x000000008cd00000, 0x000000008cd00000| Complete 

Card table byte_map: [0x000002bc2aa60000,0x000002bc2ae60000] _byte_map_base: 0x000002bc2a660000

Marking Bits (Prev, Next): (CMBitMap*) 0x000002bc17a8dd28, (CMBitMap*) 0x000002bc17a8dd60
 Prev Bits: [0x000002bc2b260000, 0x000002bc2d260000)
 Next Bits: [0x000002bc2d260000, 0x000002bc2f260000)

Polling page: 0x000002bc159f0000

Metaspace:

Usage:
  Non-class:     85.41 MB capacity,    83.78 MB ( 98%) used,     1.32 MB (  2%) free+waste,   309.69 KB ( <1%) overhead. 
      Class:     13.22 MB capacity,    12.26 MB ( 93%) used,   844.35 KB (  6%) free+waste,   136.94 KB (  1%) overhead. 
       Both:     98.63 MB capacity,    96.04 MB ( 97%) used,     2.15 MB (  2%) free+waste,   446.63 KB ( <1%) overhead. 

Virtual space:
  Non-class space:       86.00 MB reserved,      85.62 MB (>99%) committed 
      Class space:        1.00 GB reserved,      13.25 MB (  1%) committed 
             Both:        1.08 GB reserved,      98.87 MB (  9%) committed 

Chunk freelists:
   Non-Class:  26.00 KB
       Class:  1.00 KB
        Both:  27.00 KB

MaxMetaspaceSize: 17179869184.00 GB
CompressedClassSpaceSize: 1.00 GB

CodeHeap 'non-profiled nmethods': size=120064Kb used=9994Kb max_used=9994Kb free=110069Kb
 bounds [0x000002bc23000000, 0x000002bc239d0000, 0x000002bc2a540000]
CodeHeap 'profiled nmethods': size=120000Kb used=33163Kb max_used=33163Kb free=86836Kb
 bounds [0x000002bc1bad0000, 0x000002bc1db40000, 0x000002bc23000000]
CodeHeap 'non-nmethods': size=5696Kb used=2335Kb max_used=2385Kb free=3360Kb
 bounds [0x000002bc1b540000, 0x000002bc1b7b0000, 0x000002bc1bad0000]
 total_blobs=16164 nmethods=15214 adapters=860
 compilation: enabled
              stopped_count=0, restarted_count=0
 full_count=0

Compilation events (20 events):
Event: 534.046 Thread 0x000002bc31aa8800 15285       3       org.gradle.internal.snapshot.AbstractInvalidateChildHandler::handleAsDescendantOfChild (35 bytes)
Event: 534.049 Thread 0x000002bc31aa8800 nmethod 15285 0x000002bc1db29b90 code [0x000002bc1db29ec0, 0x000002bc1db2b358]
Event: 534.049 Thread 0x000002bc31aa8800 15286       3       org.gradle.internal.snapshot.AbstractIncompleteFileSystemNode$1::handleAsDescendantOfChild (10 bytes)
Event: 534.049 Thread 0x000002bc31aa8800 nmethod 15286 0x000002bc1db2b990 code [0x000002bc1db2bb60, 0x000002bc1db2bea8]
Event: 534.049 Thread 0x000002bc31aa8800 15287       3       org.objectweb.asm.MethodWriter::visitLabel (328 bytes)
Event: 534.050 Thread 0x000002bc31aa8800 nmethod 15287 0x000002bc1db2c010 code [0x000002bc1db2c2a0, 0x000002bc1db2d408]
Event: 534.055 Thread 0x000002bc31a9f800 nmethod 15273 0x000002bc239c0910 code [0x000002bc239c0b20, 0x000002bc239c1838]
Event: 534.055 Thread 0x000002bc31a9f800 15265       4       org.gradle.internal.snapshot.AbstractListChildMap::store (72 bytes)
Event: 534.097 Thread 0x000002bc31aa8800 15288       3       sun.net.www.ParseUtil::encodePath (41 bytes)
Event: 534.097 Thread 0x000002bc31aa8800 nmethod 15288 0x000002bc1db2d790 code [0x000002bc1db2d960, 0x000002bc1db2dba8]
Event: 534.098 Thread 0x000002bc31aa8800 15289       1       org.gradle.internal.fingerprint.impl.DefaultFileSystemLocationFingerprint::getNormalizedPath (5 bytes)
Event: 534.098 Thread 0x000002bc31aa8800 nmethod 15289 0x000002bc239c1f90 code [0x000002bc239c2140, 0x000002bc239c21f8]
Event: 534.098 Thread 0x000002bc31aa8800 15290       1       org.gradle.internal.fingerprint.impl.DefaultFileSystemLocationFingerprint::getNormalizedContentHash (5 bytes)
Event: 534.098 Thread 0x000002bc31aa8800 nmethod 15290 0x000002bc239c2290 code [0x000002bc239c2440, 0x000002bc239c24f8]
Event: 534.098 Thread 0x000002bc31aa8800 15291       1       org.gradle.internal.execution.history.changes.ClasspathCompareStrategy$TrackingVisitor::isConsumeMore (5 bytes)
Event: 534.098 Thread 0x000002bc31aa8800 nmethod 15291 0x000002bc239c2590 code [0x000002bc239c2740, 0x000002bc239c27f8]
Event: 534.098 Thread 0x000002bc31aa8800 15292       3       org.gradle.internal.execution.history.changes.AbstractFingerprintChanges::determineCompareStrategy (16 bytes)
Event: 534.098 Thread 0x000002bc31aa8800 nmethod 15292 0x000002bc1db2dc90 code [0x000002bc1db2de80, 0x000002bc1db2e1d8]
Event: 534.144 Thread 0x000002bc31aa8800 15293       3       java.util.zip.ZipFile$Source::getEntryPos (206 bytes)
Event: 534.145 Thread 0x000002bc31aa8800 nmethod 15293 0x000002bc1db2e310 code [0x000002bc1db2e580, 0x000002bc1db2f218]

GC Heap History (20 events):
Event: 11.118 GC heap before
{Heap before GC invocations=21 (full 0):
 garbage-first heap   total 145408K, used 113026K [0x0000000080000000, 0x0000000100000000)
  region size 1024K, 50 young (51200K), 6 survivors (6144K)
 Metaspace       used 80847K, capacity 82565K, committed 82812K, reserved 1120256K
  class space    used 10506K, capacity 11176K, committed 11264K, reserved 1048576K
}
Event: 11.126 GC heap after
{Heap after GC invocations=22 (full 0):
 garbage-first heap   total 175104K, used 70595K [0x0000000080000000, 0x0000000100000000)
  region size 1024K, 6 young (6144K), 6 survivors (6144K)
 Metaspace       used 80847K, capacity 82565K, committed 82812K, reserved 1120256K
  class space    used 10506K, capacity 11176K, committed 11264K, reserved 1048576K
}
Event: 12.019 GC heap before
{Heap before GC invocations=22 (full 0):
 garbage-first heap   total 175104K, used 126915K [0x0000000080000000, 0x0000000100000000)
  region size 1024K, 62 young (63488K), 6 survivors (6144K)
 Metaspace       used 84048K, capacity 86073K, committed 86140K, reserved 1124352K
  class space    used 10973K, capacity 11740K, committed 11776K, reserved 1048576K
}
Event: 12.029 GC heap after
{Heap after GC invocations=23 (full 0):
 garbage-first heap   total 175104K, used 74940K [0x0000000080000000, 0x0000000100000000)
  region size 1024K, 7 young (7168K), 7 survivors (7168K)
 Metaspace       used 84048K, capacity 86073K, committed 86140K, reserved 1124352K
  class space    used 10973K, capacity 11740K, committed 11776K, reserved 1048576K
}
Event: 12.708 GC heap before
{Heap before GC invocations=23 (full 0):
 garbage-first heap   total 175104K, used 131260K [0x0000000080000000, 0x0000000100000000)
  region size 1024K, 63 young (64512K), 7 survivors (7168K)
 Metaspace       used 84729K, capacity 86783K, committed 87036K, reserved 1124352K
  class space    used 11019K, capacity 11800K, committed 11904K, reserved 1048576K
}
Event: 12.716 GC heap after
{Heap after GC invocations=24 (full 0):
 garbage-first heap   total 175104K, used 78848K [0x0000000080000000, 0x0000000100000000)
  region size 1024K, 8 young (8192K), 8 survivors (8192K)
 Metaspace       used 84729K, capacity 86783K, committed 87036K, reserved 1124352K
  class space    used 11019K, capacity 11800K, committed 11904K, reserved 1048576K
}
Event: 13.234 GC heap before
{Heap before GC invocations=24 (full 0):
 garbage-first heap   total 175104K, used 134144K [0x0000000080000000, 0x0000000100000000)
  region size 1024K, 63 young (64512K), 8 survivors (8192K)
 Metaspace       used 86281K, capacity 88389K, committed 88444K, reserved 1126400K
  class space    used 11209K, capacity 11998K, committed 12032K, reserved 1048576K
}
Event: 13.242 GC heap after
{Heap after GC invocations=25 (full 0):
 garbage-first heap   total 175104K, used 82592K [0x0000000080000000, 0x0000000100000000)
  region size 1024K, 4 young (4096K), 4 survivors (4096K)
 Metaspace       used 86281K, capacity 88389K, committed 88444K, reserved 1126400K
  class space    used 11209K, capacity 11998K, committed 12032K, reserved 1048576K
}
Event: 13.703 GC heap before
{Heap before GC invocations=25 (full 0):
 garbage-first heap   total 175104K, used 138912K [0x0000000080000000, 0x0000000100000000)
  region size 1024K, 59 young (60416K), 4 survivors (4096K)
 Metaspace       used 90117K, capacity 92165K, committed 92284K, reserved 1128448K
  class space    used 11672K, capacity 12446K, committed 12544K, reserved 1048576K
}
Event: 13.711 GC heap after
{Heap after GC invocations=26 (full 0):
 garbage-first heap   total 175104K, used 84420K [0x0000000080000000, 0x0000000100000000)
  region size 1024K, 6 young (6144K), 6 survivors (6144K)
 Metaspace       used 90117K, capacity 92165K, committed 92284K, reserved 1128448K
  class space    used 11672K, capacity 12446K, committed 12544K, reserved 1048576K
}
Event: 14.215 GC heap before
{Heap before GC invocations=27 (full 0):
 garbage-first heap   total 175104K, used 139716K [0x0000000080000000, 0x0000000100000000)
  region size 1024K, 61 young (62464K), 6 survivors (6144K)
 Metaspace       used 91032K, capacity 93050K, committed 93308K, reserved 1130496K
  class space    used 11769K, capacity 12539K, committed 12544K, reserved 1048576K
}
Event: 14.223 GC heap after
{Heap after GC invocations=28 (full 0):
 garbage-first heap   total 210944K, used 88415K [0x0000000080000000, 0x0000000100000000)
  region size 1024K, 7 young (7168K), 7 survivors (7168K)
 Metaspace       used 91032K, capacity 93050K, committed 93308K, reserved 1130496K
  class space    used 11769K, capacity 12539K, committed 12544K, reserved 1048576K
}
Event: 30.989 GC heap before
{Heap before GC invocations=28 (full 0):
 garbage-first heap   total 210944K, used 163167K [0x0000000080000000, 0x0000000100000000)
  region size 1024K, 81 young (82944K), 7 survivors (7168K)
 Metaspace       used 92474K, capacity 94549K, committed 94716K, reserved 1132544K
  class space    used 11912K, capacity 12672K, committed 12672K, reserved 1048576K
}
Event: 31.009 GC heap after
{Heap after GC invocations=29 (full 0):
 garbage-first heap   total 210944K, used 95244K [0x0000000080000000, 0x0000000100000000)
  region size 1024K, 11 young (11264K), 11 survivors (11264K)
 Metaspace       used 92474K, capacity 94549K, committed 94716K, reserved 1132544K
  class space    used 11912K, capacity 12672K, committed 12672K, reserved 1048576K
}
Event: 170.056 GC heap before
{Heap before GC invocations=29 (full 0):
 garbage-first heap   total 210944K, used 167948K [0x0000000080000000, 0x0000000100000000)
  region size 1024K, 82 young (83968K), 11 survivors (11264K)
 Metaspace       used 93140K, capacity 95262K, committed 95356K, reserved 1132544K
  class space    used 11936K, capacity 12711K, committed 12800K, reserved 1048576K
}
Event: 170.071 GC heap after
{Heap after GC invocations=30 (full 0):
 garbage-first heap   total 210944K, used 95768K [0x0000000080000000, 0x0000000100000000)
  region size 1024K, 5 young (5120K), 5 survivors (5120K)
 Metaspace       used 93140K, capacity 95262K, committed 95356K, reserved 1132544K
  class space    used 11936K, capacity 12711K, committed 12800K, reserved 1048576K
}
Event: 277.909 GC heap before
{Heap before GC invocations=30 (full 0):
 garbage-first heap   total 210944K, used 169496K [0x0000000080000000, 0x0000000100000000)
  region size 1024K, 78 young (79872K), 5 survivors (5120K)
 Metaspace       used 93732K, capacity 95882K, committed 96124K, reserved 1132544K
  class space    used 11959K, capacity 12751K, committed 12800K, reserved 1048576K
}
Event: 277.918 GC heap after
{Heap after GC invocations=31 (full 0):
 garbage-first heap   total 210944K, used 95644K [0x0000000080000000, 0x0000000100000000)
  region size 1024K, 5 young (5120K), 5 survivors (5120K)
 Metaspace       used 93732K, capacity 95882K, committed 96124K, reserved 1132544K
  class space    used 11959K, capacity 12751K, committed 12800K, reserved 1048576K
}
Event: 523.962 GC heap before
{Heap before GC invocations=31 (full 0):
 garbage-first heap   total 210944K, used 170396K [0x0000000080000000, 0x0000000100000000)
  region size 1024K, 79 young (80896K), 5 survivors (5120K)
 Metaspace       used 94151K, capacity 96390K, committed 96508K, reserved 1132544K
  class space    used 11982K, capacity 12823K, committed 12928K, reserved 1048576K
}
Event: 524.020 GC heap after
{Heap after GC invocations=32 (full 0):
 garbage-first heap   total 210944K, used 94622K [0x0000000080000000, 0x0000000100000000)
  region size 1024K, 4 young (4096K), 4 survivors (4096K)
 Metaspace       used 94151K, capacity 96390K, committed 96508K, reserved 1132544K
  class space    used 11982K, capacity 12823K, committed 12928K, reserved 1048576K
}

Deoptimization events (20 events):
Event: 534.021 Thread 0x000002bc381f3000 Uncommon trap: trap_request=0xffffff4d fr.pc=0x000002bc233b9728 relative=0x0000000000000068
Event: 534.021 Thread 0x000002bc381f3000 Uncommon trap: reason=unstable_if action=reinterpret pc=0x000002bc233b9728 method=org.objectweb.asm.AnnotationWriter.computeAnnotationsSize(Lorg/objectweb/asm/AnnotationWriter;Lorg/objectweb/asm/AnnotationWriter;Lorg/objectweb/asm/AnnotationWriter;Lorg/ob
Event: 534.021 Thread 0x000002bc381f3000 DEOPT PACKING pc=0x000002bc233b9728 sp=0x000000d7254fafa0
Event: 534.021 Thread 0x000002bc381f3000 DEOPT UNPACKING pc=0x000002bc1b56662f sp=0x000000d7254faf28 mode 2
Event: 534.021 Thread 0x000002bc381f3000 Uncommon trap: trap_request=0xffffff4d fr.pc=0x000002bc2346fc6c relative=0x00000000000019ec
Event: 534.021 Thread 0x000002bc381f3000 Uncommon trap: reason=unstable_if action=reinterpret pc=0x000002bc2346fc6c method=org.objectweb.asm.MethodWriter.putMethodInfo(Lorg/objectweb/asm/ByteVector;)V @ 190 c2
Event: 534.022 Thread 0x000002bc381f3000 DEOPT PACKING pc=0x000002bc2346fc6c sp=0x000000d7254fb030
Event: 534.022 Thread 0x000002bc381f3000 DEOPT UNPACKING pc=0x000002bc1b56662f sp=0x000000d7254fafe8 mode 2
Event: 534.022 Thread 0x000002bc381f3000 Uncommon trap: trap_request=0xffffff4d fr.pc=0x000002bc2345f260 relative=0x00000000000000a0
Event: 534.022 Thread 0x000002bc381f3000 Uncommon trap: reason=unstable_if action=reinterpret pc=0x000002bc2345f260 method=org.objectweb.asm.AnnotationWriter.putAnnotations(Lorg/objectweb/asm/SymbolTable;Lorg/objectweb/asm/AnnotationWriter;Lorg/objectweb/asm/AnnotationWriter;Lorg/objectweb/asm/A
Event: 534.022 Thread 0x000002bc381f3000 DEOPT PACKING pc=0x000002bc2345f260 sp=0x000000d7254faf90
Event: 534.022 Thread 0x000002bc381f3000 DEOPT UNPACKING pc=0x000002bc1b56662f sp=0x000000d7254faf50 mode 2
Event: 534.122 Thread 0x000002bc338b9800 Uncommon trap: trap_request=0xffffff4d fr.pc=0x000002bc235c7930 relative=0x00000000000004f0
Event: 534.122 Thread 0x000002bc338b9800 Uncommon trap: reason=unstable_if action=reinterpret pc=0x000002bc235c7930 method=org.gradle.internal.file.DefaultFileHierarchySet$Node.isChildOfOrThis(Ljava/lang/String;I)Z @ 35 c2
Event: 534.122 Thread 0x000002bc338b9800 DEOPT PACKING pc=0x000002bc235c7930 sp=0x000000d720eff180
Event: 534.122 Thread 0x000002bc338b9800 DEOPT UNPACKING pc=0x000002bc1b56662f sp=0x000000d720eff0e8 mode 2
Event: 534.142 Thread 0x000002bc3bdb1800 Uncommon trap: trap_request=0xffffff4d fr.pc=0x000002bc23033090 relative=0x0000000000000830
Event: 534.142 Thread 0x000002bc3bdb1800 Uncommon trap: reason=unstable_if action=reinterpret pc=0x000002bc23033090 method=java.util.zip.ZipFile$Source.getEntryPos([BZ)I @ 105 c2
Event: 534.142 Thread 0x000002bc3bdb1800 DEOPT PACKING pc=0x000002bc23033090 sp=0x000000d71fcf41f0
Event: 534.142 Thread 0x000002bc3bdb1800 DEOPT UNPACKING pc=0x000002bc1b56662f sp=0x000000d71fcf4190 mode 2

Classes redefined (0 events):
No events

Internal exceptions (20 events):
Event: 527.118 Thread 0x000002bc39e52800 Exception <a 'java/lang/NoSuchMethodError'{0x00000000894c5020}: <clinit>> (0x00000000894c5020) thrown at [./src/hotspot/share/prims/jni.cpp, line 1362]
Event: 527.137 Thread 0x000002bc39e52800 Exception <a 'java/lang/NoSuchMethodError'{0x0000000089369ca0}: 'java.lang.Object java.lang.invoke.DirectMethodHandle$Holder.invokeSpecial(java.lang.Object, java.lang.Object, int, int, java.lang.Object, int, java.lang.Object, java.lang.Object)'> (0x0000000089369ca0) thrown at [./src/hotspot/share/interpreter/linkResolver.cpp, line 773]
Event: 527.138 Thread 0x000002bc39e52800 Exception <a 'java/lang/NoSuchMethodError'{0x000000008936d588}: 'java.lang.Object java.lang.invoke.DelegatingMethodHandle$Holder.reinvoke_L(java.lang.Object, int, int, java.lang.Object, int, java.lang.Object, java.lang.Object)'> (0x000000008936d588) thrown at [./src/hotspot/share/interpreter/linkResolver.cpp, line 773]
Event: 527.140 Thread 0x000002bc39e52800 Exception <a 'java/lang/NoSuchMethodError'{0x0000000089399340}: 'java.lang.Object java.lang.invoke.DirectMethodHandle$Holder.invokeStatic(java.lang.Object, java.lang.Object, java.lang.Object, java.lang.Object, java.lang.Object, java.lang.Object, java.lang.Object, java.lang.Object, int)'> (0x0000000089399340) thrown at [./src/hotspot/share/interpreter/linkResolver.cpp, line 773]
Event: 527.144 Thread 0x000002bc39e52800 Exception <a 'java/lang/NoSuchMethodError'{0x00000000893b4970}: 'java.lang.Object java.lang.invoke.DirectMethodHandle$Holder.invokeStatic(java.lang.Object, java.lang.Object, java.lang.Object, java.lang.Object, java.lang.Object, java.lang.Object, java.lang.Object, java.lang.Object, int, int)'> (0x00000000893b4970) thrown at [./src/hotspot/share/interpreter/linkResolver.cpp, line 773]
Event: 527.146 Thread 0x000002bc39e52800 Exception <a 'java/lang/NoSuchMethodError'{0x00000000893d0ed0}: 'java.lang.Object java.lang.invoke.DirectMethodHandle$Holder.invokeStatic(java.lang.Object, java.lang.Object, java.lang.Object, java.lang.Object, java.lang.Object, java.lang.Object, java.lang.Object, java.lang.Object, int, int, java.lang.Object)'> (0x00000000893d0ed0) thrown at [./src/hotspot/share/interpreter/linkResolver.cpp, line 773]
Event: 527.147 Thread 0x000002bc39e52800 Exception <a 'java/lang/NoSuchMethodError'{0x00000000893ee770}: 'java.lang.Object java.lang.invoke.DirectMethodHandle$Holder.invokeStatic(java.lang.Object, java.lang.Object, java.lang.Object, java.lang.Object, java.lang.Object, java.lang.Object, java.lang.Object, java.lang.Object, int, int, java.lang.Object, java.lang.Object)'> (0x00000000893ee770) thrown at [./src/hotspot/share/interpreter/linkResolver.cpp, line 773]
Event: 527.156 Thread 0x000002bc39e52800 Exception <a 'java/lang/NoSuchMethodError'{0x0000000089226dc0}: <clinit>> (0x0000000089226dc0) thrown at [./src/hotspot/share/prims/jni.cpp, line 1362]
Event: 527.159 Thread 0x000002bc39e52800 Exception <a 'java/lang/NoSuchMethodError'{0x000000008924a2e8}: <clinit>> (0x000000008924a2e8) thrown at [./src/hotspot/share/prims/jni.cpp, line 1362]
Event: 527.169 Thread 0x000002bc39e54800 Exception <a 'java/lang/InterruptedException'{0x00000000892546a8}> (0x00000000892546a8) thrown at [./src/hotspot/share/runtime/objectMonitor.cpp, line 1635]
Event: 527.170 Thread 0x000002bc39e54800 Exception <a 'java/lang/NoSuchMethodError'{0x0000000089261338}: 'java.lang.Object java.lang.invoke.DirectMethodHandle$Holder.invokeStatic(java.lang.Object, java.lang.Object, int, java.lang.Object, long)'> (0x0000000089261338) thrown at [./src/hotspot/share/interpreter/linkResolver.cpp, line 773]
Event: 527.190 Thread 0x000002bc39e52800 Exception <a 'java/lang/NoSuchMethodError'{0x00000000892943f0}: <clinit>> (0x00000000892943f0) thrown at [./src/hotspot/share/prims/jni.cpp, line 1362]
Event: 527.191 Thread 0x000002bc39e52800 Exception <a 'java/lang/NoSuchMethodError'{0x00000000892a0938}: <clinit>> (0x00000000892a0938) thrown at [./src/hotspot/share/prims/jni.cpp, line 1362]
Event: 527.192 Thread 0x000002bc39e52800 Exception <a 'java/lang/NoSuchMethodError'{0x00000000892adef0}: <clinit>> (0x00000000892adef0) thrown at [./src/hotspot/share/prims/jni.cpp, line 1362]
Event: 527.197 Thread 0x000002bc39e52800 Exception <a 'java/lang/NoSuchMethodError'{0x00000000892c45e0}: <clinit>> (0x00000000892c45e0) thrown at [./src/hotspot/share/prims/jni.cpp, line 1362]
Event: 527.231 Thread 0x000002bc39e52800 Exception <a 'java/lang/NoSuchMethodError'{0x00000000891fefe0}: <clinit>> (0x00000000891fefe0) thrown at [./src/hotspot/share/prims/jni.cpp, line 1362]
Event: 527.296 Thread 0x000002bc39e4f000 Exception <a 'java/lang/NoSuchMethodError'{0x0000000088fcebb8}: 'java.lang.Object java.lang.invoke.DirectMethodHandle$Holder.invokeStatic(java.lang.Object, java.lang.Object, java.lang.Object, java.lang.Object, java.lang.Object, java.lang.Object, java.lang.Object, java.lang.Object, java.lang.Object, java.lang.Object, java.lang.Object, java.lang.Object, java.lang.Object, int)'> (0x0000000088fcebb8) thrown at [./src/hotspot/share/interpreter/linkResolver.cpp, line 773]
Event: 527.297 Thread 0x000002bc39e4f000 Exception <a 'java/lang/NoSuchMethodError'{0x0000000088fdb970}: 'java.lang.Object java.lang.invoke.DirectMethodHandle$Holder.invokeStatic(java.lang.Object, java.lang.Object, java.lang.Object, java.lang.Object, java.lang.Object, java.lang.Object, java.lang.Object, java.lang.Object, java.lang.Object, java.lang.Object, java.lang.Object, java.lang.Object, java.lang.Object, int, int)'> (0x0000000088fdb970) thrown at [./src/hotspot/share/interpreter/linkResolver.cpp, line 773]
Event: 533.960 Thread 0x000002bc381f3000 Exception <a 'java/lang/NoSuchMethodError'{0x0000000088deb278}: 'void java.lang.invoke.DirectMethodHandle$Holder.invokeStatic(java.lang.Object, java.lang.Object, java.lang.Object, java.lang.Object, java.lang.Object, java.lang.Object, java.lang.Object)'> (0x0000000088deb278) thrown at [./src/hotspot/share/interpreter/linkResolver.cpp, line 773]
Event: 533.984 Thread 0x000002bc3bdae800 Exception <a 'java/lang/NoSuchMethodError'{0x0000000088b29b18}: <clinit>> (0x0000000088b29b18) thrown at [./src/hotspot/share/prims/jni.cpp, line 1362]

Events (20 events):
Event: 534.163 loading class com/android/tools/r8/internal/Jk1
Event: 534.163 loading class com/android/tools/r8/internal/Jk1 done
Event: 534.164 loading class com/android/tools/r8/internal/kT0
Event: 534.164 loading class com/android/tools/r8/internal/kT0 done
Event: 534.165 loading class com/android/tools/r8/internal/SS0
Event: 534.165 loading class com/android/tools/r8/internal/SS0 done
Event: 534.165 loading class com/android/tools/r8/internal/zS0
Event: 534.165 loading class com/android/tools/r8/internal/zS0 done
Event: 534.168 loading class com/android/tools/r8/internal/u0
Event: 534.168 loading class com/android/tools/r8/internal/u0 done
Event: 534.168 loading class com/android/tools/r8/internal/RS0
Event: 534.168 loading class com/android/tools/r8/internal/RS0 done
Event: 534.169 loading class com/android/tools/r8/internal/Kk1
Event: 534.169 loading class com/android/tools/r8/internal/Kk1 done
Event: 534.169 loading class com/android/tools/r8/internal/JS0
Event: 534.169 loading class com/android/tools/r8/internal/JS0 done
Event: 534.171 loading class com/android/tools/r8/internal/De1
Event: 534.171 loading class com/android/tools/r8/internal/De1 done
Event: 534.173 loading class com/android/tools/r8/internal/zR0
Event: 534.173 loading class com/android/tools/r8/internal/zR0 done


Dynamic libraries:
0x00007ff6458f0000 - 0x00007ff6458fa000 	D:\android\jre\bin\java.exe
0x00007fffa34f0000 - 0x00007fffa36e5000 	C:\WINDOWS\SYSTEM32\ntdll.dll
0x00007fffa2e10000 - 0x00007fffa2ece000 	C:\WINDOWS\System32\KERNEL32.DLL
0x00007fffa0d20000 - 0x00007fffa0fe8000 	C:\WINDOWS\System32\KERNELBASE.dll
0x00007fff9e440000 - 0x00007fff9e4d0000 	C:\WINDOWS\SYSTEM32\apphelp.dll
0x00007fffa1450000 - 0x00007fffa1550000 	C:\WINDOWS\System32\ucrtbase.dll
0x00007fff86170000 - 0x00007fff86189000 	D:\android\jre\bin\jli.dll
0x00007fff856c0000 - 0x00007fff856d7000 	D:\android\jre\bin\VCRUNTIME140.dll
0x00007fffa1550000 - 0x00007fffa16f0000 	C:\WINDOWS\System32\USER32.dll
0x00007fffa1290000 - 0x00007fffa12b2000 	C:\WINDOWS\System32\win32u.dll
0x00007fffa32a0000 - 0x00007fffa32cb000 	C:\WINDOWS\System32\GDI32.dll
0x00007fff86f80000 - 0x00007fff8721a000 	C:\WINDOWS\WinSxS\amd64_microsoft.windows.common-controls_6595b64144ccf1df_6.0.19041.1110_none_60b5254171f9507e\COMCTL32.dll
0x00007fffa0c10000 - 0x00007fffa0d1b000 	C:\WINDOWS\System32\gdi32full.dll
0x00007fffa2560000 - 0x00007fffa25fe000 	C:\WINDOWS\System32\msvcrt.dll
0x00007fffa1040000 - 0x00007fffa10dd000 	C:\WINDOWS\System32\msvcp_win.dll
0x00007fffa1d10000 - 0x00007fffa1d40000 	C:\WINDOWS\System32\IMM32.DLL
0x00007fff74cf0000 - 0x00007fff74d8d000 	D:\android\jre\bin\msvcp140.dll
0x00007fff51210000 - 0x00007fff51ce5000 	D:\android\jre\bin\server\jvm.dll
0x00007fffa2610000 - 0x00007fffa26be000 	C:\WINDOWS\System32\ADVAPI32.dll
0x00007fffa1c70000 - 0x00007fffa1d0c000 	C:\WINDOWS\System32\sechost.dll
0x00007fffa32d0000 - 0x00007fffa33f5000 	C:\WINDOWS\System32\RPCRT4.dll
0x00007fffa2550000 - 0x00007fffa2558000 	C:\WINDOWS\System32\PSAPI.DLL
0x00007fff98bc0000 - 0x00007fff98be7000 	C:\WINDOWS\SYSTEM32\WINMM.dll
0x00007fff99510000 - 0x00007fff9951a000 	C:\WINDOWS\SYSTEM32\VERSION.dll
0x00007fff8c160000 - 0x00007fff8c169000 	C:\WINDOWS\SYSTEM32\WSOCK32.dll
0x00007fffa2fd0000 - 0x00007fffa303b000 	C:\WINDOWS\System32\WS2_32.dll
0x00007fff9eb00000 - 0x00007fff9eb12000 	C:\WINDOWS\SYSTEM32\kernel.appcore.dll
0x00007fff99e70000 - 0x00007fff99e81000 	D:\android\jre\bin\verify.dll
0x00007fff96650000 - 0x00007fff96834000 	C:\WINDOWS\SYSTEM32\DBGHELP.DLL
0x00007fff982b0000 - 0x00007fff982dc000 	C:\WINDOWS\SYSTEM32\dbgcore.DLL
0x00007fffa10e0000 - 0x00007fffa1162000 	C:\WINDOWS\System32\bcryptPrimitives.dll
0x00007fff99e40000 - 0x00007fff99e69000 	D:\android\jre\bin\java.dll
0x00007fff99e30000 - 0x00007fff99e3b000 	D:\android\jre\bin\jimage.dll
0x00007fff99e10000 - 0x00007fff99e28000 	D:\android\jre\bin\zip.dll
0x00007fffa26c0000 - 0x00007fffa2e04000 	C:\WINDOWS\System32\SHELL32.dll
0x00007fff9ed20000 - 0x00007fff9f4b4000 	C:\WINDOWS\SYSTEM32\windows.storage.dll
0x00007fffa1d40000 - 0x00007fffa2094000 	C:\WINDOWS\System32\combase.dll
0x00007fffa0670000 - 0x00007fffa069c000 	C:\WINDOWS\SYSTEM32\Wldp.dll
0x00007fffa3400000 - 0x00007fffa34ad000 	C:\WINDOWS\System32\SHCORE.dll
0x00007fffa2490000 - 0x00007fffa24e5000 	C:\WINDOWS\System32\shlwapi.dll
0x00007fffa0b50000 - 0x00007fffa0b6f000 	C:\WINDOWS\SYSTEM32\profapi.dll
0x00007fff99df0000 - 0x00007fff99e0a000 	D:\android\jre\bin\net.dll
0x00007fff9aea0000 - 0x00007fff9afa9000 	C:\WINDOWS\SYSTEM32\WINHTTP.dll
0x00007fffa0360000 - 0x00007fffa03ca000 	C:\WINDOWS\system32\mswsock.dll
0x00007fff99dd0000 - 0x00007fff99de4000 	D:\android\jre\bin\nio.dll
0x00007fff8a120000 - 0x00007fff8a147000 	C:\Users\anast\.gradle\native\e1d6ef7f7dcc3fd88c89a11ec53ec762bb8ba0a96d01ffa2cd45eb1d1d8dd5c5\windows-amd64\native-platform.dll
0x00007fff724f0000 - 0x00007fff72634000 	C:\Users\anast\.gradle\native\5664cfc778a61ccfe75a443a1ab52a65af34e5dc3c78e0209fed803814484fcb\windows-amd64\native-platform-file-events.dll
0x00007fff99dc0000 - 0x00007fff99dca000 	D:\android\jre\bin\management.dll
0x00007fff99db0000 - 0x00007fff99dbd000 	D:\android\jre\bin\management_ext.dll
0x00007fffa0550000 - 0x00007fffa0568000 	C:\WINDOWS\SYSTEM32\CRYPTSP.dll
0x00007fff9fcd0000 - 0x00007fff9fd04000 	C:\WINDOWS\system32\rsaenh.dll
0x00007fffa12c0000 - 0x00007fffa12e7000 	C:\WINDOWS\System32\bcrypt.dll
0x00007fffa0ad0000 - 0x00007fffa0afe000 	C:\WINDOWS\SYSTEM32\USERENV.dll
0x00007fffa0570000 - 0x00007fffa057c000 	C:\WINDOWS\SYSTEM32\CRYPTBASE.dll
0x00007fffa0050000 - 0x00007fffa008b000 	C:\WINDOWS\SYSTEM32\IPHLPAPI.DLL
0x00007fffa3040000 - 0x00007fffa3048000 	C:\WINDOWS\System32\NSI.dll
0x00007fff99670000 - 0x00007fff99687000 	C:\WINDOWS\SYSTEM32\dhcpcsvc6.DLL
0x00007fff997f0000 - 0x00007fff9980d000 	C:\WINDOWS\SYSTEM32\dhcpcsvc.DLL
0x00007fffa0090000 - 0x00007fffa015a000 	C:\WINDOWS\SYSTEM32\DNSAPI.dll
0x00007fff8a100000 - 0x00007fff8a11e000 	C:\Users\anast\AppData\Local\Temp\native-platform2859024288800381710dir\native-platform.dll
0x00007fff9c6f0000 - 0x00007fff9c6f8000 	D:\android\jre\bin\rmi.dll

dbghelp: loaded successfully - version: 4.0.5 - missing functions: none
symbol engine: initialized successfully - sym options: 0x614 - pdb path: .;D:\android\jre\bin;C:\WINDOWS\SYSTEM32;C:\WINDOWS\WinSxS\amd64_microsoft.windows.common-controls_6595b64144ccf1df_6.0.19041.1110_none_60b5254171f9507e;D:\android\jre\bin\server;C:\Users\anast\.gradle\native\e1d6ef7f7dcc3fd88c89a11ec53ec762bb8ba0a96d01ffa2cd45eb1d1d8dd5c5\windows-amd64;C:\Users\anast\.gradle\native\5664cfc778a61ccfe75a443a1ab52a65af34e5dc3c78e0209fed803814484fcb\windows-amd64;C:\Users\anast\AppData\Local\Temp\native-platform2859024288800381710dir

VM Arguments:
jvm_args: --add-opens=java.base/java.util=ALL-UNNAMED --add-opens=java.base/java.lang=ALL-UNNAMED --add-opens=java.base/java.lang.invoke=ALL-UNNAMED --add-opens=java.base/java.util=ALL-UNNAMED --add-opens=java.prefs/java.util.prefs=ALL-UNNAMED --add-opens=java.prefs/java.util.prefs=ALL-UNNAMED --add-opens=java.base/java.nio.charset=ALL-UNNAMED --add-opens=java.base/java.net=ALL-UNNAMED --add-opens=java.base/java.util.concurrent.atomic=ALL-UNNAMED -Xmx2048m -Dfile.encoding=UTF-8 -Duser.country=RU -Duser.language=ru -Duser.variant 
java_command: org.gradle.launcher.daemon.bootstrap.GradleDaemon 7.2
java_class_path (initial): C:\Users\anast\.gradle\wrapper\dists\gradle-7.2-bin\2dnblmf4td7x66yl1d74lt32g\gradle-7.2\lib\gradle-launcher-7.2.jar
Launcher Type: SUN_STANDARD

[Global flags]
     intx CICompilerCount                          = 3                                         {product} {ergonomic}
     uint ConcGCThreads                            = 2                                         {product} {ergonomic}
     uint G1ConcRefinementThreads                  = 6                                         {product} {ergonomic}
   size_t G1HeapRegionSize                         = 1048576                                   {product} {ergonomic}
    uintx GCDrainStackTargetSize                   = 64                                        {product} {ergonomic}
   size_t InitialHeapSize                          = 123731968                                 {product} {ergonomic}
   size_t MarkStackSize                            = 4194304                                   {product} {ergonomic}
   size_t MaxHeapSize                              = 2147483648                                {product} {command line}
   size_t MaxNewSize                               = 1287651328                                {product} {ergonomic}
   size_t MinHeapDeltaBytes                        = 1048576                                   {product} {ergonomic}
    uintx NonNMethodCodeHeapSize                   = 5830732                                {pd product} {ergonomic}
    uintx NonProfiledCodeHeapSize                  = 122913754                              {pd product} {ergonomic}
    uintx ProfiledCodeHeapSize                     = 122913754                              {pd product} {ergonomic}
    uintx ReservedCodeCacheSize                    = 251658240                              {pd product} {ergonomic}
     bool SegmentedCodeCache                       = true                                      {product} {ergonomic}
     bool UseCompressedClassPointers               = true                                 {lp64_product} {ergonomic}
     bool UseCompressedOops                        = true                                 {lp64_product} {ergonomic}
     bool UseG1GC                                  = true                                      {product} {ergonomic}
     bool UseLargePagesIndividualAllocation        = false                                  {pd product} {ergonomic}

Logging:
Log output configuration:
 #0: stdout all=warning uptime,level,tags
 #1: stderr all=off uptime,level,tags

Environment Variables:
PATH=C:\WINDOWS\system32;C:\WINDOWS;C:\WINDOWS\System32\Wbem;C:\WINDOWS\System32\WindowsPowerShell\v1.0\;C:\WINDOWS\System32\OpenSSH\;C:\Program Files\Microsoft SQL Server\130\Tools\Binn\;C:\Program Files\Intel\WiFi\bin\;C:\Program Files\Common Files\Intel\WirelessCommon\;C:\Program Files\Microsoft\Web Platform Installer\;C:\ProgramData\chocolatey\bin;C:\Python27\python.exe;C:\Program Files\Git\cmd;%NVM_HOME%;%NVM_SYMLINK%;C:\Users\anast\AppData\Local\Microsoft\WindowsApps;C:\Users\anast\AppData\Local\GitHubDesktop\bin;C:\Program Files\Intel\WiFi\bin\;C:\Program Files\Common Files\Intel\WirelessCommon\;C:\Users\anast\AppData\Local\Programs\Microsoft VS Code\bin;C:\Users\anast\AppData\Roaming\npm;C:\Users\anast\AppData\Roaming\nvm;C:\Program Files\nodejs
USERNAME=anast
OS=Windows_NT
PROCESSOR_IDENTIFIER=AMD64 Family 23 Model 96 Stepping 1, AuthenticAMD



---------------  S Y S T E M  ---------------

OS: Windows 10 , 64 bit Build 19041 (10.0.19041.1566)
OS uptime: 7 days 3:05 hours

CPU:total 6 (initial active 6) (6 cores per cpu, 1 threads per core) family 23 model 96 stepping 1 microcode 0x0, cmov, cx8, fxsr, mmx, sse, sse2, sse3, ssse3, sse4.1, sse4.2, popcnt, avx, avx2, aes, clmul, mmxext, 3dnowpref, lzcnt, sse4a, tsc, tscinvbit, tscinv, bmi1, bmi2, adx, sha, 

Memory: 4k page, system-wide physical 7549M (159M free)
TotalPageFile size 20349M (AvailPageFile size 3M)
current process WorkingSet (physical memory assigned to process): 319M, peak: 486M
current process commit charge ("private bytes"): 514M, peak: 528M

vm_info: OpenJDK 64-Bit Server VM (11.0.11+9-b60-7590822) for windows-amd64 JRE (11.0.11+9-b60-7590822), built on Jul 29 2021 21:43:44 by "builder" with MS VC++ 14.0 (VS2015)

END.
